Mir200c	mmu-miR-200c-3p
Mir106a	mmu-miR-106a-3p
Mir30c-2	mmu-miR-30c-2-3p
Mir149	mmu-miR-149-3p
Mir542	mmu-miR-542-3p
Mir151	mmu-miR-151-5p
Mir671	mmu-miR-671-3p
Mir101c	mmu-miR-101c
Mir423	mmu-miR-423-3p
Mirlet7f-1	mmu-let-7f-1-3p
Mir103-1	mmu-miR-103-3p
Mir19b-1	mmu-miR-19b-3p
Mir136	mmu-miR-136-5p
Mir17	mmu-miR-17-5p
Mir503	mmu-miR-503-3p
Mir539	mmu-miR-539-5p
Mir669i	mmu-miR-669i
Mir297b	mmu-miR-297b-3p
Mir199a-1	mmu-miR-199a-5p
Mir16-1	mmu-miR-16-5p
Mir31	mmu-miR-31-5p
Mir19b-2	mmu-miR-19b-3p
Mir30e	mmu-miR-30e-5p
Mir411	mmu-miR-411-5p
Mir125a	mmu-miR-125a-5p
Mir466f-3	mmu-miR-466f-5p
Mir351	mmu-miR-351-5p
Mir291b	mmu-miR-291b-3p
Mir300	mmu-miR-300-3p
Mir652	mmu-miR-652-3p
Mir466d	mmu-miR-466d-5p
Mir342	mmu-miR-342-5p
Mir679	mmu-miR-679-3p
Mir674	mmu-miR-674-3p
Mir107	mmu-miR-107-3p
Mir92-1	mmu-miR-92a-3p
Mir500	mmu-miR-500-5p
Mir182	mmu-miR-182-3p
Mir30c-1	mmu-miR-30c-1-3p
Mir30c-1	mmu-miR-30c-5p
Mir455	mmu-miR-455-3p
Mir151	mmu-miR-151-3p
Mir291a	mmu-miR-291a-5p
Mir744	mmu-miR-744-3p
Mir293	mmu-miR-293-5p
Mir676	mmu-miR-676-5p
Mir411	mmu-miR-411-3p
Mir669a-12	mmu-miR-669a-5p
Mir30b	mmu-miR-30b-5p
Mir181c	mmu-miR-181c-5p
Mir34c	mmu-miR-34c-5p
Mir501	mmu-miR-501-5p
Mir143	mmu-miR-143-5p
Mir673	mmu-miR-673-3p
Mir20b	mmu-miR-20b-3p
Mir377	mmu-miR-377-3p
Mir669c	mmu-miR-669c-3p
Mir376b	mmu-miR-376b-5p
Mir433	mmu-miR-433-5p
Mir541	mmu-miR-541-5p
Mir222	mmu-miR-222-3p
Mir194-1	mmu-miR-194-5p
Mir7b	mmu-miR-7b-3p
Mir132	mmu-miR-132-3p
Mir188	mmu-miR-188-3p
Mir669d-2	mmu-miR-669d-2-3p
Mir191	mmu-miR-191-3p
Mir130b	mmu-miR-130b-5p
Mir467d	mmu-miR-467d-3p
Mir341	mmu-miR-341-3p
Mir16-1	mmu-miR-16-1-3p
Mir301	mmu-miR-301a-3p
Mir376a	mmu-miR-376a-3p
Mir26b	mmu-miR-26b-3p
Mir669d-2	mmu-miR-669d-5p
Mir150	mmu-miR-150-5p
Mir92b	mmu-miR-92b-3p
Mir200c	mmu-miR-200c-5p
Mir182	mmu-miR-182-5p
Mir101a	mmu-miR-101a-3p
Mir770	mmu-miR-770-3p
Mir380	mmu-miR-380-3p
Mir494	mmu-miR-494-5p
Mirlet7a-2	mmu-let-7a-2-3p
Mir335	mmu-miR-335-3p
Mir574	mmu-miR-574-3p
Mir370	mmu-miR-370-3p
Mir501	mmu-miR-501-3p
Mir295	mmu-miR-295-3p
Mir369	mmu-miR-369-3p
Mir466n	mmu-miR-466n-3p
Mir5106	mmu-miR-5106
Mir674	mmu-miR-674-5p
Mir500	mmu-miR-500-3p
Mir19a	mmu-miR-19a-3p
Mir503	mmu-miR-503-5p
Mir183	mmu-miR-183-3p
Mir196b	mmu-miR-196b-3p
Mir700	mmu-miR-700-3p
Mir679	mmu-miR-679-5p
Mir669b	mmu-miR-669b-5p
Mir669a-12	mmu-miR-669a-3p
Mir376b	mmu-miR-376b-3p
Mir669f	mmu-miR-669f-5p
Mir106b	mmu-miR-106b-5p
Mir5119	mmu-miR-5119
Mir185	mmu-miR-185-3p
Mir3082	mmu-miR-3082-3p
Mir18	mmu-miR-18a-3p
Mir30e	mmu-miR-30e-3p
Mir302a	mmu-miR-302a-3p
Mir362	mmu-miR-362-3p
Mir5099	mmu-miR-5099
Mir1839	mmu-miR-1839-3p
Mir20b	mmu-miR-20b-5p
Mir297c	mmu-miR-297c-5p
Mir465b-2	mmu-miR-465b-3p
Mir467a-7	mmu-miR-467a-3p
Mir369	mmu-miR-369-5p
Mir199a-1	mmu-miR-199a-3p
Mir706	mmu-miR-706
Mir23a	mmu-miR-23a-3p
Mir676	mmu-miR-676-3p
Mir485	mmu-miR-485-5p
Mir29b-1	mmu-miR-29b-1-5p
Mir99b	mmu-miR-99b-5p
Mir148a	mmu-miR-148a-5p
Mir18b	mmu-miR-18b-5p
Mir466h	mmu-miR-466h-5p
Mir296	mmu-miR-296-5p
Mir134	mmu-miR-134-3p
Mir665	mmu-miR-665-3p
Mir3473b	mmu-miR-3473b
Mir23b	mmu-miR-23b-5p
Mir25	mmu-miR-25-5p
Mir184	mmu-miR-184-3p
Mir542	mmu-miR-542-5p
Mir421	mmu-miR-421-5p
Mir467a-7	mmu-miR-467a-5p
Mir335	mmu-miR-335-5p
Mir128-1	mmu-miR-128-1-5p
Mir135b	mmu-miR-135b-5p
Mir3082	mmu-miR-3082-5p
Mir92b	mmu-miR-92b-5p
Mir434	mmu-miR-434-3p
Mir3470b	mmu-miR-3470b
Mir450-1	mmu-miR-450a-1-3p
Mir379	mmu-miR-379-5p
Mir3470a	mmu-miR-3470a
Mir666	mmu-miR-666-5p
Mir574	mmu-miR-574-5p
Mir410	mmu-miR-410-3p
Mir350	mmu-miR-350-5p
Mir149	mmu-miR-149-5p
Mir423	mmu-miR-423-5p
Mir9-2	mmu-miR-9-5p
Mir669o	mmu-miR-669o-3p
Mir298	mmu-miR-298-3p
Mir146	mmu-miR-146a-5p
Mir467e	mmu-miR-467e-3p
Mir291b	mmu-miR-291b-5p
Mir29b-1	mmu-miR-29b-3p
Mir139	mmu-miR-139-3p
Mir540	mmu-miR-540-3p
Mir379	mmu-miR-379-3p
Mir27a	mmu-miR-27a-3p
Mir466f-3	mmu-miR-466f-3p
Mir29a	mmu-miR-29a-3p
Mir543	mmu-miR-543-3p
Mir33	mmu-miR-33-3p
Mir669o	mmu-miR-669o-5p
Mir323	mmu-miR-323-5p
Mir200b	mmu-miR-200b-3p
Mir296	mmu-miR-296-3p
Mir19a	mmu-miR-19a-5p
Mir155	mmu-miR-155-3p
Mir466b-8	mmu-miR-466b-3p
Mir92-1	mmu-miR-92a-1-5p
Mir3066	mmu-miR-3066-5p
Mir93	mmu-miR-93-3p
Mir302b	mmu-miR-302b-5p
Mir302a	mmu-miR-302a-5p
Mir147	mmu-miR-147-3p
Mir338	mmu-miR-338-5p
Mir669p-2	mmu-miR-669p-3p
Mir218-1	mmu-miR-218-5p
Mir132	mmu-miR-132-5p
Mir146	mmu-miR-146a-3p
Mir30d	mmu-miR-30d-5p
Mir3068	mmu-miR-3068-3p
Mir210	mmu-miR-210-5p
Mir294	mmu-miR-294-3p
Mir196a-1	mmu-miR-196a-5p
Mir361	mmu-miR-361-5p
Mir210	mmu-miR-210-3p
Mir669l	mmu-miR-669l-5p
Mir487b	mmu-miR-487b-3p
Mir30a	mmu-miR-30a-3p
Mir429	mmu-miR-429-5p
Mir140	mmu-miR-140-3p
Mir27b	mmu-miR-27b-5p
Mir194-1	mmu-miR-194-1-3p
Mir5113	mmu-miR-5113
Mir196b	mmu-miR-196b-5p
Mir301b	mmu-miR-301b-3p
Mir669n	mmu-miR-669n
Mir1195	mmu-miR-1195
Mir3099	mmu-miR-3099-3p
Mir350	mmu-miR-350-3p
Mir18	mmu-miR-18a-5p
Mir125a	mmu-miR-125a-3p
Mir465b-2	mmu-miR-465b-5p
Mir34c	mmu-miR-34c-3p
Mir183	mmu-miR-183-5p
Mir669a-3	mmu-miR-669a-5p
Mir147	mmu-miR-147-5p
Mir34a	mmu-miR-34a-3p
Mir370	mmu-miR-370-5p
Mir186	mmu-miR-186-5p
Mir103-1	mmu-miR-103-1-5p
Mir152	mmu-miR-152-3p
Mir467h	mmu-miR-467h
Mir744	mmu-miR-744-5p
Mir872	mmu-miR-872-5p
Mir495	mmu-miR-495-3p
Mir708	mmu-miR-708-5p
Mir380	mmu-miR-380-5p
Mir196a-1	mmu-miR-196a-1-3p
Mir34b	mmu-miR-34b-5p
Mir450b	mmu-miR-450b-5p
Mir101a	mmu-miR-101a-5p
Mir17	mmu-miR-17-3p
Mir93	mmu-miR-93-5p
Mir425	mmu-miR-425-5p
Mir1839	mmu-miR-1839-5p
Mir107	mmu-miR-107-5p
Mir1934	mmu-miR-1934-3p
Mir455	mmu-miR-455-5p
Mir302c	mmu-miR-302c-5p
Mir700	mmu-miR-700-5p
Mir200b	mmu-miR-200b-5p
Mir1198	mmu-miR-1198-5p
Mir425	mmu-miR-425-3p
Mir125b-1	mmu-miR-125b-5p
Mir363	mmu-miR-363-5p
Mir466	mmu-miR-466a-5p
Mir124a-3	mmu-miR-124-5p
Mir345	mmu-miR-345-5p
Mir543	mmu-miR-543-5p
Mir138-2	mmu-miR-138-5p
Mir30a	mmu-miR-30a-5p
Mir376c	mmu-miR-376c-3p
Mir27b	mmu-miR-27b-3p
Mirlet7c-2	mmu-let-7c-2-3p
Mir320	mmu-miR-320-3p
Mir5128	mmu-miR-5128
Mir297c	mmu-miR-297c-3p
Mir381	mmu-miR-381-3p
Mir26b	mmu-miR-26b-5p
Mir485	mmu-miR-485-3p
Mir466g	mmu-miR-466g
Mir487b	mmu-miR-487b-5p
Mir450b	mmu-miR-450b-3p
Mir154	mmu-miR-154-3p
Mir582	mmu-miR-582-3p
Mir22	mmu-miR-22-3p
Mir33	mmu-miR-33-5p
Mir665	mmu-miR-665-5p
Mir367	mmu-miR-367-5p
Mir152	mmu-miR-152-5p
Mir376c	mmu-miR-376c-5p
Mir125b-1	mmu-miR-125b-1-3p
Mir466b-2	mmu-miR-466b-5p
Mir191	mmu-miR-191-5p
Mir106b	mmu-miR-106b-3p
Mir3066	mmu-miR-3066-3p
Mir101b	mmu-miR-101b-5p
Mir186	mmu-miR-186-3p
Mir101b	mmu-miR-101b-3p
Mir150	mmu-miR-150-3p
Mir19b-2	mmu-miR-19b-2-5p
Mir136	mmu-miR-136-3p
Mir467e	mmu-miR-467e-5p
Mir139	mmu-miR-139-5p
Mir293	mmu-miR-293-3p
Mir409	mmu-miR-409-5p
Mir450-1	mmu-miR-450a-5p
Mir193b	mmu-miR-193b-5p
Mir181c	mmu-miR-181c-3p
Mir1934	mmu-miR-1934-5p
Mir467c	mmu-miR-467c-5p
Mir23a	mmu-miR-23a-5p
Mir31	mmu-miR-31-3p
Mir741	mmu-miR-741-3p
Mir324	mmu-miR-324-3p
Mir377	mmu-miR-377-5p
Mir1983	mmu-miR-1983
Mir3471-1	mmu-miR-3471
Mir143	mmu-miR-143-3p
Mir669c	mmu-miR-669c-5p
Mir667	mmu-miR-667-5p
Mir337	mmu-miR-337-5p
Mir342	mmu-miR-342-3p
Mir205	mmu-miR-205-3p
Mir193b	mmu-miR-193b-3p
Mir200a	mmu-miR-200a-5p
Mir669a-3	mmu-miR-669a-3-3p
Mir291a	mmu-miR-291a-3p
Mir382	mmu-miR-382-3p
Mir1931	mmu-miR-1931
Mir26a-1	mmu-miR-26a-5p
Mir669b	mmu-miR-669b-3p
Mir188	mmu-miR-188-5p
Mir1187	mmu-miR-1187
Mir23b	mmu-miR-23b-3p
Mir141	mmu-miR-141-5p
Mir128-1	mmu-miR-128-3p
Mir130b	mmu-miR-130b-3p
Mir669e	mmu-miR-669e-5p
Mir330	mmu-miR-330-3p
Mir669l	mmu-miR-669l-3p
Mir155	mmu-miR-155-5p
Mir467d	mmu-miR-467d-5p
Mir15b	mmu-miR-15b-3p
Mir434	mmu-miR-434-5p
Mir770	mmu-miR-770-5p
Mir361	mmu-miR-361-3p
Mir652	mmu-miR-652-5p
Mir466k	mmu-miR-466k
Mir294	mmu-miR-294-5p
Mir96	mmu-miR-96-5p
Mir341	mmu-miR-341-5p
Mir484	mmu-miR-484
Mir540	mmu-miR-540-5p
Mir300	mmu-miR-300-5p
Mir301b	mmu-miR-301b-5p
Mir200a	mmu-miR-200a-3p
Mir669p-2	mmu-miR-669p-5p
Mir667	mmu-miR-667-3p
Mir410	mmu-miR-410-5p
Mir872	mmu-miR-872-3p
Mir302d	mmu-miR-302d-3p
Mir669e	mmu-miR-669e-3p
Mir466d	mmu-miR-466d-3p
Mir421	mmu-miR-421-3p
Mir298	mmu-miR-298-5p
Mirlet7f-1	mmu-let-7f-5p
Mir673	mmu-miR-673-5p
Mir302b	mmu-miR-302b-3p
Mir337	mmu-miR-337-3p
Mir9-2	mmu-miR-9-3p
Mir672	mmu-miR-672-5p
Mir34b	mmu-miR-34b-3p
Mir758	mmu-miR-758-3p
Mir32	mmu-miR-32-3p
Mir338	mmu-miR-338-3p
Mir181d	mmu-miR-181d-3p
Mir15a	mmu-miR-15a-5p
Mir135b	mmu-miR-135b-3p
Mir184	mmu-miR-184-5p
Mir301	mmu-miR-301a-5p
Mir181b-2	mmu-miR-181b-5p
Mir382	mmu-miR-382-5p
Mir671	mmu-miR-671-5p
Mir127	mmu-miR-127-3p
Mir27a	mmu-miR-27a-5p
Mir302c	mmu-miR-302c-3p
Mir302d	mmu-miR-302d-5p
Mir466b-2	mmu-miR-466b-3p
Mir495	mmu-miR-495-5p
Mir146b	mmu-miR-146b-3p
Mir381	mmu-miR-381-5p
Mir367	mmu-miR-367-3p
Mirlet7e	mmu-let-7e-3p
Mir30c-2	mmu-miR-30c-5p
Mir154	mmu-miR-154-5p
Mirlet7e	mmu-let-7e-5p
Mir466i	mmu-miR-466i-3p
Mir708	mmu-miR-708-3p
Mir148b	mmu-miR-148b-5p
Mir669h	mmu-miR-669h-5p
Mirlet7a-2	mmu-let-7a-5p
Mir466h	mmu-miR-466h-3p
Mir758	mmu-miR-758-5p
Mirlet7c-2	mmu-let-7c-5p
Mir148a	mmu-miR-148a-3p
Mir26a-1	mmu-miR-26a-1-3p
Mir330	mmu-miR-330-5p
Mir124a-3	mmu-miR-124-3p
Mir99b	mmu-miR-99b-3p
Mir181d	mmu-miR-181d-5p
Mir429	mmu-miR-429-3p
Mir409	mmu-miR-409-3p
Mir466i	mmu-miR-466i-5p
Mir30d	mmu-miR-30d-3p
Mir431	mmu-miR-431-5p
Mir323	mmu-miR-323-3p
Mir690	mmu-miR-690
Mir28b	mmu-miR-28b
Mir222	mmu-miR-222-5p
Mir466j	mmu-miR-466j
Mir30b	mmu-miR-30b-3p
Mir351	mmu-miR-351-3p
Mir582	mmu-miR-582-5p
Mir672	mmu-miR-672-3p
Mir669h	mmu-miR-669h-3p
Mir433	mmu-miR-433-3p
Mir466n	mmu-miR-466n-5p
Mir134	mmu-miR-134-5p
Mir494	mmu-miR-494-3p
Mir467c	mmu-miR-467c-3p
Mir362	mmu-miR-362-5p
Mir329	mmu-miR-329-5p
Mir669f	mmu-miR-669f-3p
Mir185	mmu-miR-185-5p
Mir322	mmu-miR-322-3p
Mir181b-2	mmu-miR-181b-2-3p
Mir1198	mmu-miR-1198-3p
Mir3099	mmu-miR-3099-5p
Mir15a	mmu-miR-15a-3p
Mir297b	mmu-miR-297b-5p
Mir295	mmu-miR-295-5p
Mir329	mmu-miR-329-3p
Mir322	mmu-miR-322-5p
Mir466b-8	mmu-miR-466b-5p
Mir320	mmu-miR-320-5p
Mir106a	mmu-miR-106a-5p
Mir19b-1	mmu-miR-19b-1-5p
Mir146b	mmu-miR-146b-5p
Mir431	mmu-miR-431-3p
Mir539	mmu-miR-539-3p
Mir25	mmu-miR-25-3p
Mir148b	mmu-miR-148b-3p
Mir127	mmu-miR-127-5p
Mir34a	mmu-miR-34a-5p
Mir345	mmu-miR-345-3p
Mir7b	mmu-miR-7b-5p
Mir29a	mmu-miR-29a-5p
Mir363	mmu-miR-363-3p
Mir130a	mmu-miR-130a-3p
Mir324	mmu-miR-324-5p
Mir96	mmu-miR-96-3p
Mir22	mmu-miR-22-5p
Mir32	mmu-miR-32-5p
Mir141	mmu-miR-141-3p
Mir466	mmu-miR-466a-3p
Mir1946a	mmu-miR-1946a
Mir376a	mmu-miR-376a-5p
Mir130a	mmu-miR-130a-5p
Mir3068	mmu-miR-3068-5p
Mir666	mmu-miR-666-3p
Mir218-1	mmu-miR-218-1-3p
Mir138-2	mmu-miR-138-2-3p
Mir15b	mmu-miR-15b-5p
Mir140	mmu-miR-140-5p
Mir741	mmu-miR-741-5p
Mir18b	mmu-miR-18b-3p
Mir709	mmu-miR-709
Mir205	mmu-miR-205-5p
Mir541	mmu-miR-541-3p
