Itm2a	6.32584	7.28576	2.66125706611	2.86507947209	5.56699167552	6.50413570528
Sergef	3.96383	9.23782	1.98689508982	3.20755243538	2.30804336114	2.5874970119
Fam109a	7.17453	21.0273	2.84288432463	4.39419170831	4.04328325379	3.7653968351
Dhx9	109.453	111.722	6.7741676877	6.80376949525	6.34619634967	4.53052026552
Ssu72	76.1315	76.5704	6.25042159843	6.25871488878	6.20338715957	5.81025542817
Ruvbl2	176.138	138.696	7.46056237945	7.11578237063	6.41723143177	5.96932319967
C030034L19Rik	1.14372	2.38437	0.193733901719	1.25360812663	1.09723996286	0.927972283276
Gm5860	22.3433	5.35686	4.4817703757	2.42138759213	0.541594133471	0.1517809013
Eif2b2	61.4834	71.128	5.94212504241	6.15234569284	5.77208359225	5.5550338698
Dcun1d2	5.70068	8.11013	2.51113402	3.01972504007	2.49002837633	3.01656584999
Mks1	12.1646	7.37691	3.60461697682	2.88301663455	2.93434098975	2.02450053671
Hebp2	1.8281	2.5723	0.870344990286	1.36305890988	1.61453082105	1.51151358137
Cep290	2.77545	2.96597	1.47272170304	1.56850400539	1.15586578322	-0.377148343683
Ifrd2	41.3846	44.4317	5.3710221081	5.4735174362	4.16018607227	4.334754178
1110012L19Rik	12.7206	21.2703	3.66909481556	4.41076847635	3.91563562343	3.8648002429
1810019D21Rik	1.15604	0.241139	0.209191317219	-2.05206309448	-6.64385618977	-3.05223660715
Vps28	44.6356	43.3797	5.48012291392	5.43894817072	5.90466954094	6.14257885633
Setd6	39.6159	16.373	5.30800767285	4.03324678375	3.82304618079	3.66555194992
Gstm2	12.4104	2.83983	3.63347771066	1.50580456864	3.79076161373	3.11034653767
Polr3c	31.461	27.5377	4.97549262299	4.78333616281	4.48010352082	4.25928755427
2900076A07Rik	1.34425	1.69025	0.426801471613	0.75723664715	0.682878882622	2.25503537007
Pex19	46.2355	58.531	5.53092908521	5.87112902216	5.77209151223	6.25555927063
Psma4	98.5711	98.325	6.62309282062	6.61948637606	6.08144828571	5.7790994704
Bcl7a	10.2631	18.3947	3.359394662	4.20121824241	4.29996992654	3.69277309989
Pkia	0.843521	1.8235	-0.245504109103	0.866710199674	0.928904660838	2.68749746311
Nfatc2ip	36.1091	8.33767	5.17429055722	3.05964427227	2.23718433386	1.76903116318
B230354K17Rik	8.12994	7.43585	3.02324470507	2.89449766772	2.9208954092	2.33149025784
1700110I01Rik	2.57405	0.964984	1.36404007767	-0.0514230730372	0.452721935116	-0.164788963001
Bnip3l	69.7728	95.4322	6.12459282541	6.57640422634	6.40624072683	7.73428284449
Shc2	3.81589	16.0267	1.93201958362	4.00240549083	4.51542861766	2.45081798571
6330408A02Rik	2.51092	8.61461	1.32821606388	3.10678548434	3.16664636103	2.34320028671
4930431F12Rik	77.8854	7.14297	6.28328100826	2.83652406212	3.39856927559	2.38244038737
Capzb	147.396	122.05	7.2035535632	6.93132848489	7.09480610894	7.39627938893
Cachd1	6.86645	75.7722	2.77956440893	6.24359673116	5.36167362682	4.52635682099
Dnajc21	62.7724	14.6177	5.97205846395	3.86964442535	3.01395349646	3.80792158381
Trmt5	19.0955	16.9629	4.25516079113	4.08431093094	3.52688260274	2.55641960534
Akr1e1	3.96826	6.96675	1.98850655406	2.80048579349	3.78298510834	4.09868062341
Snip1	16.0701	19.5099	4.00630700144	4.28613447817	3.94408067978	3.5461289341
Ptgr1	6.30782	7.03327	2.65714149196	2.81419560195	2.73442999477	1.39083824583
AU015836	4.56227	0.307376	2.18975182941	-1.70192357147	-1.73724935209	-6.3961473751
B9d2	6.73923	11.5522	2.75258376372	3.53009571942	4.23441701272	3.63611414969
Phax	39.8696	40.239	5.31721722616	5.33052254732	4.9110683564	4.31929277097
Ppia	589.305	551.4	9.20287069666	9.10695545712	8.25094263046	7.89609016825
Lnx2	8.6835	4.68647	3.11827665729	2.22850164747	2.54454226202	3.10307290954
Spock2	4.64974	2.88216	2.21715004715	1.52715042739	0.95663658848	0.939143813188
Zfp119b	2.75083	1.74047	1.45986698453	0.799476946941	1.08612475775	0.73537486758
Atp13a1	39.7314	39.9924	5.3122077249	5.32165395679	4.72469937928	4.29605354308
9130230L23Rik	0.540194	0.134428	-0.88845047914	-2.89509442661	-3.59586419464	-2.79556876972
Itgb7	11.7334	0.536591	3.55254922014	-0.898105237762	-1.72933471817	-1.49291882999
1700001L05Rik	4.06243	0.396018	2.02234295407	-1.33636208903	-2.72950215439	1.15614417142
Rplp2	524.54	583.569	9.03490898279	9.18875943709	8.68889719095	8.89128854606
Hmgn3	6.40895	10.5513	2.68008801459	3.39934885572	3.83160367055	3.70210340663
Strbp	23.8702	26.2008	4.57713874919	4.71153895773	4.01868757993	3.31963960914
Snhg4	14.6985	11.1449	3.87759702866	3.47831176665	1.99480054646	1.21207746253
Gm16740	0.7735	0.914417	-0.370526803213	-0.129075869826	-0.500946553415	-0.0354742018207
4930444G20Rik	1.04797	0.318995	0.0675974177621	-1.64839428385	-2.50821461575	-5.03089512713
Gpn3	57.0656	42.5141	5.83454942428	5.40986949205	4.52465297358	5.16615705571
1700034P13Rik	4.65284	3.50905	2.21811157713	1.81108050466	1.84377887838	1.55767965889
Fam187b	0.58865	1.45518	-0.764518004718	0.541197619832	-0.748851736835	-3.42778630162
4930465K10Rik	1.09292	0.802352	0.1281878019	-0.317692794313	-2.52007413215	-1.46352131882
2610035F20Rik	4.95913	6.16965	2.31008704505	2.6251886486	-1.26336914992	-5.13855465023
Zdhhc23	1.83093	0.171795	0.872576635164	-2.54124004665	-2.56938500584	-0.512262590051
Psmg2	33.5234	31.2977	5.06709657192	4.96798473542	4.58607414976	4.31028194625
Actn4	317.239	123.05	8.30942633045	6.94310084757	7.13723709239	7.45150786429
4930528D03Rik	2.64877	1.31375	1.40532257596	0.393690764187	0.0930327591815	-1.04461874643
Mettl22	12.3919	12.3126	3.63132550193	3.62206353673	3.62649754422	5.14173114159
6030443J06Rik	4.54848	1.09094	2.18538450952	0.125571757864	0.723960406922	0.303400849342
Med4	30.1269	53.3171	4.91298032492	5.73652640702	4.68322483488	4.2834699336
Serinc2	3.40947	1.2369	1.76954749063	0.30672886706	1.76473255467	1.89763154624
Ifi30	28.9709	13.9071	4.85653259846	3.79774970587	4.11179920952	5.91907068429
Lrrn4cl	0.94059	0.172427	-0.0883621008024	-2.53594239403	-1.88504668697	-1.67487152036
4833417C18Rik	1.30047	0.733681	0.379033118735	-0.446775170448	-0.785265909039	-1.02305866867
Gtf2e2	39.1117	36.0033	5.28952833943	5.17005724243	4.96871747381	5.36682575808
4930513N10Rik	2.88494	2.0413	1.5285413145	1.02948822387	0.83488916553	-0.48707128222
Gt(ROSA)26Sor	3.45853	4.30548	1.79015897071	2.10617408664	2.00784851404	1.33120072956
Steap3	14.1597	0.754887	3.82371879441	-0.405667393153	-1.65771834568	1.03413822475
1700095A21Rik	1.97827	0.365234	0.984239342719	-1.45310702138	-1.05218275616	-4.22125717857
Gm10390	0.606929	0.357458	-0.720400338438	-1.4841543544	-1.58758915267	-2.14506919894
D930015M05Rik	0.54521	0.452555	-0.875116071229	-1.14383495815	-0.867544236932	-0.58943746032
Loxl1	2.80566	1.55225	1.48834018856	0.634360931697	4.69257226378	3.94107813303
Gpa33	53.296	0.190617	5.73595535401	-2.39125130449	-2.30061894249	-2.83439029514
Gm5134	0.730107	0.0252004	-0.453820182871	-5.31040955631	-4.40501736965	-6.64385618977
9330159M07Rik	1.4044	2.47686	0.489953901331	1.30851232518	1.37030379943	1.1807462072
Kcnh1	0.859843	0.0582222	-0.217854834839	-4.10228683521	-3.08456017544	-4.54383056401
Gm11627	5.83307	1.00316	2.54425538738	0.00455172838004	1.05214458076	2.63843070073
Gm15417	0.84404	1.5959	-0.244616723403	0.674370254302	0.598174612148	3.18532107177
Nespas	1.33173	4.52296	0.413301614582	2.17726723717	1.34693987469	-0.204565508733
9330151L19Rik	0.501615	0.96068	-0.995347604598	-0.0578721418216	-0.239297029039	2.33656047297
Slc25a15	13.3645	9.69421	3.74033395858	3.2771233351	2.80271848982	2.37840064244
Rnf115	17.6585	21.7511	4.14229089345	4.44301645789	4.04111153537	3.47612241988
Hdgf	296.315	275.423	8.21098784975	8.10550523073	8.13945414627	6.90740746873
Neil1	6.49536	4.1657	2.69940948808	2.05855894497	2.54457688096	3.27370236874
Chst12	22.1422	12.1439	4.46872666712	3.6021599108	3.55393795732	4.72360770619
Gm11423	0.811132	1.1287	-0.30199138359	0.174662079534	0.251422192527	1.72290750903
Lzts1	0.608339	1.8014	-0.717052597988	0.849118566553	-0.475384633981	-0.341776632918
1700019D03Rik	15.2434	1.01009	3.93011282292	0.0144838442335	-1.61184794309	-2.95828601057
Vash2	2.55894	17.6483	1.3555463206	4.14145731523	4.57634677875	4.30455484767
C1qtnf4	0.825566	1.417	-0.276544538663	0.502839758256	1.50284484891	3.84329046047
Sowahc	1.72997	4.35782	0.790747019812	2.12360660708	2.29607263739	0.922426225313
A930024E05Rik	1.48131	2.39928	0.566873591108	1.26260153239	0.86050201506	1.07416972752
Nup188	66.9123	55.742	6.06419953024	5.80069286156	5.31240742271	4.5015028389
Pqlc2	7.8225	7.34445	2.96762975347	2.87665445647	2.58570289416	2.32949104196
Mex3b	2.24061	35.8873	1.16389155557	5.1654014802	4.89743890352	2.42437392116
4930526L06Rik	3.15099	0.692346	1.65580517582	-0.530434889782	-0.976685024635	-4.14686727463
Gpx2	3.37423	8.74787	1.75455831641	3.128931781	-2.27144032818	-4.21816862854
Gm15787	1.74187	2.01895	0.80063695611	1.01360518227	1.95780318931	1.65316552036
Gm16023	0.695579	1.26632	-0.523713717523	0.340642020941	0.273133905393	-0.476064747856
Grk5	1.65999	2.69744	0.731174550612	1.43159086975	1.82612743855	2.02472391763
Peli3	1.46062	5.10323	0.546580890377	2.35141066472	1.1525274178	2.46281404917
Pmm1	159.901	44.3776	7.32103515105	5.47175974165	5.1602022107	5.16596418043
Pgap2	25.7232	31.7943	4.68499822188	4.99069624094	4.85164911103	4.89183229844
Dnajc11	88.2623	69.461	6.46372543744	6.11813127561	5.27960500989	4.79101698335
Ccdc155	1.05795	0.817832	0.0812714455459	-0.290123581377	-0.357000910214	-3.37198833028
Bbx	12.5026	12.3074	3.64415623914	3.62145411233	4.21779682416	4.65887982424
Ncoa4	35.6721	15.4592	5.15672424398	3.95039375788	4.07310041964	4.2939369148
2900097C17Rik	22.4818	58.7044	4.49068564411	5.87539673485	5.88075653193	5.88861662707
Slc35e3	9.24573	11.9851	3.20878723264	3.58317004133	3.41470383747	1.59692560388
Trmt61b	3.08059	3.48177	1.62320668487	1.79982090407	1.8514032528	1.1009171138
Gm11715	0.905717	0.366094	-0.142867758165	-1.44971396572	-2.10876125853	-1.89954437275
Mrps9	61.7378	54.8952	5.94808216894	5.77860810133	5.30123644077	5.20651429454
1810062O18Rik	0.573587	0.667615	-0.801915768281	-0.582911725294	0.0769831536777	-0.322582866325
Prkag2	11.3741	13.3921	3.50768048838	3.74331030066	3.81377093202	4.47459179139
0610005C13Rik	4.71417	2.5979	2.23700378526	1.37734589873	2.17800387309	1.17149508138
Samd10	5.14006	2.30305	2.36178520012	1.20354573287	2.75865495907	2.60250201417
Nmt1	64.4238	49.7885	6.00952185464	5.63774064624	5.16898694476	4.86344789035
Arhgap29	10.5258	12.3131	3.39585798254	3.62212212166	6.07429134536	5.72787690085
Coch	5.74494	20.5049	2.52229182548	4.35789680271	-0.216752902622	-0.876434444801
Slc15a1	3.68442	0.127229	1.88143752869	-2.97450054543	-4.09214577517	-3.90072041793
Batf3	1.31875	0.355265	0.39917109382	-1.49303253066	1.49100646687	-0.205633212111
Slc47a1	6.75315	0.199906	2.7555606028	-2.32260632095	-1.41508751357	2.49260694795
Tfcp2l1	31.5786	0.214346	4.98087530732	-2.22198660021	-2.37882443345	-1.84304945344
5730408K05Rik	7.50677	5.45743	2.90819228093	2.44822172053	3.2070854035	1.70725972766
Sharpin	20.8467	16.3994	4.38174712026	4.03557112724	4.22368511507	4.35063160948
Ccdc106	5.71521	1.85766	2.51480650988	0.893486475241	2.22681060099	2.36652645043
Pbx4	5.39203	1.43889	2.43082852336	0.524956305407	0.61008581759	1.06066999536
Nup210	26.6139	6.59719	4.73410803322	2.72185165533	3.86661130027	2.68683440942
Dnaic1	1.32197	1.68811	0.402689437555	0.755408915469	1.32855501935	1.83710361141
Nos1	1.99621	0.242806	0.997263499243	-2.04212402229	-2.19008183238	-3.36776156948
C1rl	0.515819	0.108342	-0.955063179649	-3.20633546648	-0.234966040587	-0.222361884615
Cdk6	13.8989	5.69664	3.79689880321	2.51011123776	2.01821754113	2.87882733671
Sod2	29.446	14.3389	4.87999976385	3.8418624477	3.35946494583	4.7932248265
Sh3rf1	4.5019	6.89658	2.17053401079	2.78588110968	3.15015833058	3.29180391843
Tcea2	8.35624	9.02017	3.06285392872	3.17315462371	3.14223533655	3.33452537173
Fam83h	9.42519	11.362	3.2365217016	3.50614490298	3.05477903152	1.81600571406
Mad1l1	34.7008	37.2824	5.11689701829	5.22042282925	4.81167652801	2.48787218266
Camk4	0.618088	1.51831	-0.694115839079	0.602466382191	-0.891806104614	0.40213275591
Dusp26	0.533758	0.376743	-0.905742306784	-1.40834738853	4.22275820121	4.35776311527
Hist1h2bh	6.15743	1.87259	2.62232832171	0.905035058835	0.676790944754	0.592703395655
Il17ra	2.54339	5.06416	1.34675269991	2.34032298683	0.885668068178	-0.376629413223
Sgk1	98.5828	32.3339	6.62326405265	5.01497562559	3.42867840995	2.66915152148
B230216N24Rik	1.3839	1.17923	0.468739698237	0.23784513265	-0.598808633847	-0.133902294438
A430046D13Rik	0.702251	0.878314	-0.509941321148	-0.187191294924	0.34899153267	0.897015773689
Aig1	4.04435	12.0759	2.01590785417	3.59405881001	3.98379624252	4.85770237884
Zfp113	2.91972	8.29921	1.54583002185	3.05297401317	2.94966192194	2.27427359047
Tnpo1	46.8531	65.0866	5.55007260076	6.02428864744	5.57556042385	4.81013972552
Tmsb10	360.726	482.072	8.49475960159	8.91310482645	8.85467829645	8.07215404676
Atp6v1e1	68.555	62.8404	6.09918998645	5.97362045878	5.92622482205	6.22851280672
D430042O09Rik	2.61484	9.30614	1.3867226718	3.21818289092	2.91150560122	3.10237762671
2610307P16Rik	1.86468	3.41395	0.898928069074	1.77144192911	2.69841852992	0.920453379022
1500011K16Rik	15.7437	5.95642	3.97670273004	2.57444548504	2.39314433091	4.30697670146
Spata24	4.46552	8.40287	2.1588281838	3.07088216451	4.06564985523	4.08074292649
Sufu	11.8911	28.9791	3.57181027432	4.85694088489	4.93424284479	3.54873253179
Pla2g4e	1.5728	0.01	0.653335226791	-6.64385618977	-3.73498373127	-5.87753242016
Asap1	16.7208	34.4568	4.06357196913	5.10671681971	4.33018548831	5.03807616536
Sorl1	12.0946	4.00115	3.5962911513	2.00041471521	1.86635413009	4.4472551819
Zscan22	7.03266	7.56469	2.81407047066	2.9192809622	2.51681446107	1.91827936419
Pcbd2	11.913	18.3175	3.57446486158	4.19515071056	3.50615760047	4.02680891021
Cd209c	8.26895	4.20712	3.04770414609	2.07283296879	2.13872274151	1.53533137232
Gm8994	25.0513	3.1872	4.64681356677	1.67228955252	1.46205755543	0.683750343854
Rpl37	291.926	218.927	8.18945889805	7.77430608109	7.23592805828	7.34127418369
Armcx2	14.8091	51.0661	3.88841206063	5.67429397721	6.1245907577	5.48348045275
Dda1	46.4645	34.17	5.53805697812	5.09465834265	5.11816035312	5.00017130986
Ly6e	39.3683	22.8322	5.29896251034	4.51299797224	4.44101197697	4.37446223788
G530011O06Rik	23.0395	26.5737	4.52603750284	4.73192721094	3.81416073038	1.82372898312
Synpo2l	2.62862	0.0390918	1.39430559736	-4.67699017406	2.52973850446	6.56535650353
E130218I03Rik	4.26323	3.94698	2.09194689037	1.98074920888	1.12855736497	1.1712901067
Mdc1	23.6634	22.3789	4.56458547248	4.48406721952	4.37945461561	3.58795299137
Ptprk	20.2794	20.7367	4.34194306331	4.37411441949	4.00592989668	3.66473312852
Mzt2	22.3463	32.6128	4.4819640711	5.02736640512	4.68680864273	4.63644481619
Kit	21.0225	4.49597	4.39386233998	2.168632409	4.55035893683	2.53395449229
Otud5	52.3834	55.0072	5.71103779726	5.78154856306	5.79364622374	5.27904035429
Gata1	0.946376	1.04118	-0.0795146073466	0.0582195044287	1.47849039508	-1.81822318269
Snhg3	23.6394	15.1017	4.56312151331	3.91663905792	2.46888563876	1.93538808274
9130221H12Rik	3.25123	4.20333	1.70098561943	2.07153272574	2.22478428077	2.87669570689
Gm11944	1.29023	1.66513	0.367628267418	0.735634815755	0.742721989558	0.118054009677
1700030C10Rik	11.7179	2.36465	3.55064213811	1.2416266611	0.580512142921	-0.760042342859
4933404O12Rik	8.83411	7.62695	3.14308479655	2.93110624191	1.96878381665	1.09435769709
Flywch1	15.659	28.7433	3.96892017845	4.84515380109	4.7762040255	4.23098687377
Trps1	3.3678	1.3929	1.75180646513	0.478091686738	-1.2705699155	1.17136697562
Apex1	115.594	168.497	6.8529227053	7.39657909499	6.49916024477	5.03532038403
Neil2	2.29796	0.909766	1.20035368558	-0.136432576006	0.720339762051	1.73027040478
Eef1g	524.66	480.853	9.03523899309	8.90945210958	8.74850819497	8.42136638324
Atp7b	1.13001	3.503	0.176335539797	1.80859098814	1.20343297142	3.74777407174
H2-Bl	9.61823	3.1108	3.26577142568	1.6372856439	2.58406534641	2.48467694615
Gm13648	0.635518	0.291949	-0.653995107119	-1.77621172535	-4.45083515843	-6.64385618977
Gli1	33.2338	4.34085	5.05457935715	2.11797757048	0.570686361441	-6.13805670136
Vamp2	12.98	12.3862	3.69821847822	3.63066174144	5.01306915002	5.84193539105
Il10rb	0.612373	3.3938	-0.707517420189	1.76290154794	2.93501649889	3.97957724552
Fstl3	3.48366	0.411717	1.80060382593	-1.2802750754	-0.289562723093	5.70916654538
Mtag2	0.576016	0.620883	-0.795819208914	-0.687606664159	-2.08430319487	-0.0780777745557
Ccdc71	18.6096	17.3428	4.21797514092	4.11626493578	4.21024857829	3.75345478258
Gm14403	20.3604	8.2973	4.34769399974	3.05264194967	2.93611022831	2.99710268573
2810429I04Rik	18.3761	7.53593	4.19975870767	2.91378556406	1.2516706233	-0.268943651644
5930412G12Rik	0.635312	5.94846	-0.654462825352	2.57251621667	2.4877667318	-4.50341125715
Nt5dc1	7.23601	3.99794	2.85519440173	1.99925682067	1.98392207493	1.00884540268
Gm10941	0.933647	0.19583	-0.0990509064212	-2.35232630065	0.335448954615	-0.0512287302053
Airn	1.02231	2.30355	0.0318327380046	1.20385891288	5.11230813345	5.69408342691
Pfkl	111.557	98.9255	6.8016372327	6.62827054693	6.92537047526	7.66721091248
A230072C01Rik	0.654647	1.71979	-0.611210911336	0.782232411174	-0.347929336521	-0.161742022615
1700113A16Rik	0.674061	0.804749	-0.569048939066	-0.31338921591	0.369215194126	2.04719285438
4931428F04Rik	4.871	9.21144	2.28421798318	3.20342670664	3.2044944593	2.82893617264
Rbbp6	27.3604	36.337	4.77401741699	5.18336740979	4.87397064625	5.07829813928
Gbf1	27.1141	21.3881	4.76097137857	4.41873642207	5.1285697371	4.96222972538
Cinp	43.6013	33.5721	5.44629924538	5.06919087812	4.31431223912	4.53136274435
2310015A10Rik	0.541119	0.679763	-0.885982196157	-0.556896257823	1.22628039333	0.872883905868
Ndufs4	23.0477	24.5101	4.5265508818	4.61530446523	4.62538739672	5.04195258841
Plp1	1.12366	2.80118	0.168205567127	1.486034692	1.6167623101	0.543169198507
Gm7030	0.534411	0.0441633	-0.903978391188	-4.5010082116	-3.80523312454	-2.09762845532
AY512931	4.59955	3.13104	2.20149272106	1.64664193947	1.66115671455	1.03403959435
Gm15545	16.3567	26.8653	4.03180980564	4.74767204334	4.53641974587	4.75591305404
Gm16938	1.63758	0.772436	0.71156538774	-0.372512691071	-0.879138494718	-1.9735540197
Tst	17.4781	3.76245	4.12747645652	1.91167240972	1.4969378007	-1.58182948606
AI427809	1.65206	0.13146	0.724266083931	-2.92730420473	-3.99937919764	-6.64385618977
4933431E20Rik	1.41209	1.68804	0.497832042161	0.755349090726	1.37348674294	2.20263085795
Nln	14.2666	13.8816	3.83456964921	3.79510195812	2.77664937113	3.08270940091
AI662270	3.46037	0.158189	1.79092630625	-2.66027881238	-0.724022738508	-1.60701442066
Pou5f1	597.199	114.483	9.22206793948	6.83898957293	3.36739902458	-6.64385618977
Fam117b	6.65626	8.14985	2.73471178765	3.02677350643	3.2307563708	3.38918130739
Nid2	113.084	31.3288	6.82125100988	4.96941760551	5.47868388424	7.22252444765
Mrpl38	60.955	51.4393	5.92967266158	5.6847991051	5.26346639826	5.49133683975
Crabp2	6.70072	13.9754	2.74431612313	3.80481767096	6.08178273132	1.32200311308
4930581F22Rik	0.654613	1.6712	-0.61128584165	0.740884397518	1.16544248434	1.35240825898
Ehmt1	40.9188	57.9369	5.35469193158	5.85641058802	5.81953535135	5.1959892659
Ubr3	18.5647	15.8639	4.21449009675	3.98767558339	4.29124991296	4.97591902651
Dnajc7	153.102	117.31	7.25834931893	6.8741821898	6.50106648043	6.52160986137
Csn3	0.726951	0.0866524	-0.460069972062	-3.5286164817	-1.56777174345	-2.8386978966
3010003L21Rik	3.92621	5.95294	1.97313733986	2.57360235344	2.0247451902	0.491134776001
2500002B13Rik	4.01241	0.840349	2.00446903236	-0.250939486041	0.176335539797	1.01491940499
Tor3a	15.4254	5.34549	3.94723599564	2.41832220018	1.26147665675	0.603853004612
Ccdc134	4.23548	12.3844	2.08252547708	3.63045206941	2.34674702756	2.51032648733
Il4i1	4.30351	3.00405	2.1055138212	1.58690882555	1.32948530134	1.4071406145
Nup37	44.6722	37.2875	5.48130540059	5.22062016745	4.29205285692	3.10716559283
Adh4	0.647048	0.01	-0.628055355168	-6.64385618977	-6.64385618977	-6.64385618977
6430562O15Rik	1.09652	1.29645	0.132932126319	0.374566567053	-0.229504133446	-0.0902514689173
Neat1	26.3129	1.80925	4.71769835461	0.855391771608	3.38665922104	3.42372606317
Sox21	2.71113	2.44797	1.43889429276	1.29158587784	-0.406133786789	-2.07468108652
A730017L22Rik	6.09701	5.80023	2.60810191223	2.53611010943	2.59895588421	1.32620367195
Pi4k2a	20.1577	21.6892	4.33325913115	4.43890493548	4.23563516551	3.76178523589
Aimp1	83.2098	78.9987	6.37868154608	6.30375700743	5.84199324006	5.95306265141
Rpl24	314.627	265.922	8.29749867202	8.05485932755	7.33524741807	7.89625368178
Gnaq	13.4482	20.9588	3.74934118032	4.38948421235	4.73237775035	4.47577881841
Zfp783	1.3741	1.29553	0.458486999974	0.373542423739	0.337825247457	-1.04098959222
Gm12925	1.26758	0.382282	0.34207680203	-1.38729082336	-0.371209610386	-1.21160828672
Phospho1	4.42517	0.95967	2.1457328797	-0.0593897007308	1.33798504974	4.34404729904
Mrpl48	47.9968	38.6016	5.58486631785	5.27058874197	5.30807322209	5.23395323147
Lrrc29	0.861249	1.57587	-0.215497692189	0.656148525853	0.961667775203	1.17685889595
Mlf2	140.204	160.576	7.13138369959	7.32711247075	6.97381788478	7.36772924851
Col9a2	16.5796	0.464068	4.05133729563	-1.10759187558	4.39847350864	3.70244699649
C230035I16Rik	0.63645	0.824099	-0.651880915538	-0.279110434385	0.537355712164	0.608695714665
Dock6	51.7324	11.956	5.69299621834	3.57966289702	5.15181417819	4.9512287548
Malat1	75.4174	86.5857	6.2368255096	6.43605687223	6.98472604904	7.67423464779
Khdrbs3	16.0511	32.4791	4.00460026514	5.0214397507	4.08517818046	3.77297299868
Ntn1	15.2374	8.39722	3.92954484765	3.06991178551	-0.613270707412	0.29370007088
Timp1	19.7728	4.74742	4.30544527855	2.24714368935	2.32200022784	4.26264362301
Zfp703	1.82508	17.7556	0.867959704033	4.15020220785	4.41387160121	3.88261370611
4930404I05Rik	1.00246	1.05227	0.00354467163985	0.0735049305643	0.121903960079	-0.900529730107
E130307A14Rik	1.69377	8.80682	0.760237981879	3.13862117937	3.39128655811	2.86654602295
Larp7	38.2468	45.5363	5.25726714159	5.50894516659	4.71573416026	3.55029736397
Wls	8.43852	43.6717	3.07698999231	5.44862678662	5.59577813791	5.1986788005
Sct	2.48589	3.46339	1.31376245891	1.79218485343	-0.201302440055	-0.0870160356569
Gbe1	2.71578	3.4239	1.44136661443	1.77564056634	1.83869768508	5.61892870499
Gm4285	0.614709	1.20297	-0.702024487057	0.266600664633	0.981648104809	1.48056500598
D930016D06Rik	2.35502	4.91779	1.23573931197	2.29801013013	1.51453133407	0.999826866207
Ctbp2	184.358	70.6297	7.52636621163	6.14220306355	6.1017614168	4.87229688313
Wdr3	49.6151	39.5183	5.63270735622	5.30444898122	4.22314448769	3.35302681652
Itpripl2	2.50442	6.43237	1.32447652757	2.68535039498	3.20416732875	3.3509780653
Rnaset2b	16.4947	22.2662	4.04393063378	4.47678346043	4.8944394609	5.34659528413
2010001A14Rik	2.79247	2.79527	1.48154178166	1.48298764223	2.25318149385	1.94054640658
4933439C10Rik	1.85297	2.63786	0.889839523998	1.399367998	1.94479474098	3.43381408446
Dcaf4	31.5173	22.7947	4.97807204328	4.51062651697	3.67148586997	4.38514108848
Fahd1	5.84851	7.18263	2.54806912223	2.84451219965	2.87963127739	4.02362795604
Hs3st1	0.605156	0.352109	-0.724620999748	-1.50590599154	0.0694822058832	-1.36539558033
Baz1a	10.7123	15.9344	3.42119636418	3.99407279123	3.29278763777	2.3295484469
Ap1s1	41.2604	46.0865	5.36668590242	5.52627230248	5.8038650502	5.82612387843
Gm5577	4.18541	10.3871	2.06536895515	3.37672101577	2.56166095439	0.952661583763
Zbtb22	14.3695	24.7712	3.84493795765	4.63059185415	4.48368036713	4.00456431214
2500004C02Rik	3.67963	3.12096	1.87956070541	1.64198986697	1.81553034394	1.84379897434
Ptprs	49.7477	64.4834	5.63655792154	6.01085590938	6.62986657364	6.32701543489
Plekhn1	1.50282	3.18506	0.587672221058	1.67132055015	2.50978956973	2.07109676198
Cep76	9.25229	8.53901	3.20981048593	3.09406881564	2.6923289915	2.3500672033
Gm15441	0.987079	0.355087	-0.0187625407556	-1.4937555517	0.408820534529	1.18276220615
9530082P21Rik	2.2057	4.39079	1.14123658153	2.13448053578	1.9410011106	1.54190631128
Gprc5b	4.68585	4.69991	2.22831077244	2.23263313045	2.44740463443	2.20569903748
Cntd1	1.48143	0.545282	0.5669904582	-0.874925562646	-0.193217323051	0.0525132762577
Tubb4b	381.584	212.385	8.57585686949	7.73053806708	7.43511182468	6.6897604137
Zfp677	0.755165	1.44539	-0.405136193928	0.53145881809	-0.157188470215	0.379432434629
Tysnd1	18.3444	25.7512	4.19726781326	4.68656775801	4.18830596568	4.13087322675
Ddx42	40.3867	42.1563	5.33580836303	5.39767634408	5.33874173001	4.64856323005
Gm2694	2.41114	1.98499	1.26971542176	0.989131739365	-0.533814564932	1.55399446168
E130304I02Rik	1.26233	1.82881	0.336089110897	0.870905197396	-1.1802566185	-2.58675255263
Lta4h	29.3616	36.0282	4.87585868191	5.17105467016	5.50065866855	5.56632504144
AU019990	23.7386	3.10009	4.56916294846	1.63231009959	1.69291813081	1.03643299954
Rusc1	6.87923	5.22755	2.78224709148	2.38613495584	3.16669295289	3.62494309841
Btbd19	31.5803	13.9852	4.98095297117	3.80582898059	2.1865766204	0.708310858761
C1qbp	173.532	133.054	7.43905791589	7.0558680725	6.24275873227	6.4043837429
Btbd7	8.35258	15.1961	3.06222189558	3.92562920588	4.3906470519	4.2929436753
Rasa2	3.47053	5.68343	1.79515599997	2.50676187171	2.7956817631	2.76980770041
Gm15401	1.39998	2.39396	0.485406217094	1.2593990469	-0.30557441131	-0.455856904955
Rasgrp2	93.6905	12.1601	6.54983086425	3.60408318789	5.47452689838	3.27988874019
Agpat3	39.1761	19.6894	5.29190187864	4.29934724319	4.69104834602	5.45540284678
Eed	92.9527	40.69	6.53842486665	5.3466023753	4.53081986991	4.25264272756
Zfp362	3.44405	37.4748	1.78410608763	5.22784887353	5.28647459344	5.14923903884
Mpv17l	9.78378	1.22832	3.29039196351	0.296686458324	0.537127059323	2.46530583913
1190002N15Rik	10.5946	18.7376	3.40525721455	4.22786427255	3.24391885029	4.87927936337
Mrc2	3.98388	15.9785	1.99417419208	3.99806007486	4.62176471655	4.71091661145
Med23	22.6918	28.0914	4.5040991485	4.81205662119	4.4405801845	3.92014082768
Icmt	14.1495	19.929	3.82267916842	4.31679741514	4.2264391678	4.30796761352
Eef1d	354.791	319.433	8.47082560296	8.31936955223	7.67209291805	7.36440609257
Tk2	5.50768	7.45946	2.46144474033	2.89907119569	3.33107458026	3.1054501248
9430037G07Rik	1.41391	2.05634	0.499690290808	1.04007882278	0.722028777903	-0.738144276477
Rgl1	0.804736	9.0869	-0.313412521546	3.18378820229	4.15425104378	4.00845103269
Msl3l2	2.79304	2.41282	1.48183623505	1.27072029235	2.03944374959	2.43251851643
Cpxm1	8.95862	12.2191	3.16327651437	3.611066122	4.5067098331	3.60845443797
Alms1	6.10662	6.10127	2.6103740726	2.60910957579	2.09860820348	0.211759833012
Brms1l	12.8397	11.3908	3.68253958913	3.50979716902	3.64238966649	3.42100780476
Sh3bp4	11.6112	13.9619	3.53744517515	3.80342337842	3.49724190499	3.51062018788
Nmral1	32.4084	54.142	5.01829589157	5.75867627643	5.48039762156	2.64794993836
BC065397	1.47093	1.69287	0.556728591898	0.759471189089	1.04493262499	-0.924040271107
Llph	48.8699	31.0898	5.61087424736	4.95836943077	3.97130442611	3.5312317244
Vmn1r58	5.98583	3.33171	2.58155130629	1.73626283054	1.75335208535	1.49305291955
Ocrl	6.90275	7.68487	2.78717123449	2.94202085498	3.38464389793	3.2512055381
Ppp2ca	27.5407	31.0245	4.7834933237	4.95533605453	4.67560707522	4.32135090142
Mirg	12.0021	11.9833	3.58521495026	3.58295335177	4.78114460477	2.65507471295
D11Wsu47e	30.8113	24.3128	4.94538764919	4.60364414677	4.12895322039	3.33945098019
1700086O06Rik	1.3148	3.24306	0.394843361531	1.69735571541	1.6851866564	-0.725598773136
Myh3	0.976485	0.223561	-0.0343302121597	-2.16125956151	-3.88086324883	-3.42915939462
1700007L15Rik	3.26597	1.70228	1.70751153889	0.767468358638	1.2440954903	1.69677283618
Mtx3	2.74974	4.93002	1.45929521193	2.30159349931	2.38493670866	1.82845285839
Ppp2r5b	11.8039	10.0324	3.56119169863	3.32659487072	3.48851500896	4.11778645478
5430416N02Rik	18.0644	25.0259	4.17507743206	4.64535004815	3.87570143994	3.70449575259
Ckb	262.321	20.4829	8.03518949636	4.35634808363	6.25906529663	8.13004023309
Rpl27	272.695	244.114	8.09114443773	7.93141122619	7.00850705773	6.91318861951
Usp13	4.66033	9.27024	2.22043211636	3.2126066897	4.09520711259	5.08924389411
Sox2ot	0.893483	0.076739	-0.162487815032	-3.70389622474	-4.32243024014	-4.14118188769
Hist1h1a	2.38373	0.89299	1.25322083407	-0.163284075231	0.0823347165012	-6.64385618977
Tecr	93.9904	137.297	6.55444150509	7.10115629208	7.22813565318	7.26044914075
0610040B10Rik	0.690215	0.561361	-0.534882267607	-0.832999257366	1.33046661532	1.0808691067
Caprin1	274.65	301.991	8.10145048163	8.23836174446	8.04009789697	7.14135104025
Thumpd2	5.80315	3.56493	2.5368362202	1.83387374858	2.4593660401	1.95526071965
Tusc3	27.4956	44.3306	4.78112886385	5.47023098392	5.99934613066	6.33888966774
Mir17hg	6.75876	9.09131	2.75675858586	3.18448819259	2.83020258126	0.044911648016
Fam64a	18.8926	56.7893	4.239749354	5.82754722372	5.13628573598	2.69550615321
Lamc2	8.6882	0.152116	3.11905731397	-2.71675618701	-0.844310341238	4.78146987876
Zcchc18	1.78991	3.59058	0.839887047926	1.84421690687	2.50651562365	0.840362518658
A830082K12Rik	0.612479	0.687188	-0.70726771545	-0.54122325121	-0.265965475145	-0.650306359807
Ndufb3	36.0613	37.8518	5.17237950136	5.24229000248	5.16122663155	5.81605692994
Sox2	164.116	2.83424	7.35857208673	1.50296192909	2.22426876518	-1.96831121269
Zbtb38	7.68254	2.3942	2.94158337339	1.25954367315	2.40182157553	3.86293733256
Rtf1	21.3108	27.1406	4.41351284729	4.7623807098	4.56743592716	3.70808788864
Dab2ip	38.415	39.5862	5.26359784854	5.30692568021	4.91970714585	5.59829373583
Cdkl2	2.75436	0.834337	1.46171713474	-0.261297869459	-2.04466933969	-3.53912368191
Ttll6	2.76199	0.244041	1.46570809622	-2.0348045474	-3.26757969995	-6.64385618977
Tacc3	92.1038	89.7614	6.52518877485	6.48802327259	6.04048699917	3.60038870433
Mdm4	24.7657	19.3917	4.63027149407	4.27736737972	4.36662995636	4.03996305679
Senp3	132.76	77.2736	7.0526767243	6.27190370626	5.67811417095	5.06571447174
Pex11a	3.61026	5.19717	1.85210273938	2.37772625049	1.79968001589	2.91293531018
Ptpru	5.06093	8.60746	2.33940251992	3.10558757142	2.74548260171	1.47834024513
Cab39l	7.96178	12.371	2.99309100741	3.62889021903	3.15408250142	2.44311594564
Sytl1	1.97311	3.24451	0.980471387907	1.6980006126	0.32317404523	-1.1921670068
Tomm40	172.164	105.495	7.42763969226	6.72103081291	5.74790025479	5.99088227014
Klf4	58.889	9.00783	5.87992627007	3.17117960046	2.67829054701	3.48911900463
Zdhhc16	12.3862	14.6353	3.63066174144	3.87138041385	3.5713491633	3.37100119154
Scarb1	13.1435	19.3141	3.71627759888	4.2715825472	5.12186087096	6.50093108693
Mrpl1	11.0274	7.49861	3.46302077256	2.90662319135	2.36946927551	2.66039472732
1700034H15Rik	2.62293	0.676222	1.39117930589	-0.564431141693	0.923514325358	0.264824640968
Pim3	82.7839	23.4625	6.3712783113	4.55228483994	5.64839641291	6.03091207018
Pvt1	2.68676	1.1723	1.4258674556	0.229341813044	-0.176224557305	0.552632827974
5031425E22Rik	2.6743	5.20952	1.41916131443	2.38115045014	2.86387899748	2.69936950743
C130036L24Rik	1.85858	1.48919	0.894200788345	0.574527833551	0.869752985856	0.338578446169
Gm17644	18.3982	1.51595	4.20149272106	0.600222170434	1.27409464193	0.679982210744
Fas	0.564847	0.403717	-0.824067956976	-1.30858375677	-1.03577439067	1.33424789544
C1qtnf1	0.55076	0.187545	-0.860504310101	-2.41469129401	-0.447243244616	0.162171357645
Cbll1	13.1161	12.6222	3.71326690119	3.65789148322	3.30620098368	3.00146899743
Gm13375	1.94214	3.79837	0.9576472018	1.92538044555	3.25152217591	3.65545487458
5430405H02Rik	3.3053	3.32648	1.72478122147	1.73399635974	2.22754701969	1.30014715902
Prdm14	9.56497	0.224366	3.25776044365	-2.15607402566	-5.25008306666	-6.64385618977
Gm4262	2.02103	1.73669	1.01509073712	0.796340255271	1.08332231102	0.329846915734
AV039307	1.65882	1.81903	0.730157346694	0.863169336554	-2.95636992437	-0.226320933943
Ube2m	98.8313	104.541	6.62689611244	6.70792505453	6.53162007034	6.54105788476
Trim24	50.5513	23.5324	5.65967628849	4.55657655916	4.91417222549	4.59406478344
Mrps33	34.0901	41.6633	5.09128092638	5.38070520947	4.73733523741	5.47919821922
Pla2g12a	12.4511	9.69722	3.63820129858	3.27757121461	2.64850225774	5.67191323579
4930558J18Rik	0.791003	0.70187	-0.338244928537	-0.510724254846	-1.87601073959	-5.22725421495
Gm10451	6.06277	0.513061	2.59997709274	-0.96279773072	0.0746561373761	-2.08944538379
D130020L05Rik	2.2915	2.79571	1.19629228571	1.4832147172	1.21886174571	0.664764980259
2810403A07Rik	24.7034	25.762	4.62663771263	4.68717269448	4.53514471153	4.27369491004
Pir	11.4658	5.54905	3.51926511407	2.47224080253	2.58224045423	1.03391277393
Gm53	3.99377	0.0181798	1.99775125081	-5.78151986156	-3.25419301801	-2.9027991488
Elavl3	2.53879	0.390423	1.34414106514	-1.35689004965	-3.24587529737	-2.12970236113
Pm20d1	1.98451	2.99895	0.988782832136	1.58445746907	2.13182322018	0.283056488332
Snhg5	67.388	75.5047	6.07441980377	6.23849454668	5.08902350203	4.99113178385
Pon2	5.91286	4.92003	2.56385611852	2.29866711246	2.95409019859	3.38360753363
Bcat1	134.79	48.7854	7.07456965747	5.60837755212	5.12929126089	3.14454730908
Ankrd49	11.0087	11.5839	3.46057220827	3.53404914816	2.93962716623	2.85100139429
4930461G14Rik	9.35933	0.01	3.22640525628	-6.64385618977	-3.31685872521	-6.64385618977
Cox7b	81.4601	79.6823	6.34802168027	6.31618738575	5.77516118953	6.81721392426
Tmem116	1.49819	1.28232	0.583220597545	0.358756328107	0.105383072913	2.59388198513
Tecpr1	6.16882	8.87192	2.62499455048	3.14924635647	3.65847428643	4.22582247003
1700012C14Rik	0.522516	0.01	-0.936452880149	-6.64385618977	-2.12929834566	-0.538058702299
Npm1	757.239	734.655	9.5646049057	9.52092309736	8.47651940458	7.53799487797
Gm11757	0.661636	0.01	-0.595890360365	-6.64385618977	-6.64385618977	-6.64385618977
Mboat7	22.143	36.1558	4.4687787909	5.17615519324	4.85893087116	4.97749058739
Bicd2	8.68554	9.45435	3.11861554739	3.24097827425	4.02419554818	4.62582571489
1110038B12Rik	126.35	149.872	6.98128185406	7.22758706516	6.07751860599	4.91148546786
Ppm1h	3.78656	3.56635	1.92088778914	1.83444829536	1.90809041883	2.13578438124
Rbm25	65.4664	48.3755	6.03268274214	5.59620466764	5.28314392929	4.74879932504
Gclm	100.59	72.675	6.65234307874	6.18338726125	5.3977584758	4.97848853295
D930048N14Rik	8.74096	0.772225	3.12779173638	-0.372906834065	0.464051330711	-0.798875562835
Gck	0.562809	0.788021	-0.829282695681	-0.343694018261	2.66584297446	1.94294607637
Ran	485.894	472.163	8.9244978074	8.88314118219	7.90631340215	7.12552712506
F420014N23Rik	0.598189	0.696796	-0.74132671367	-0.521191752806	-0.418220708335	-0.890200847736
Cep63	11.6828	18.8505	3.54631417921	4.23653088565	3.89128307712	3.57172534389
Esrrb	128.592	0.341504	7.0066570819	-1.55002561814	-0.650064098769	2.44780926889
Mapk7	30.7777	46.1114	4.9438135188	5.52705156334	5.52153448644	4.74707583842
Rgmb	5.38861	6.31044	2.42991317563	2.65774060167	2.57407728127	3.19225887991
Mtus2	4.90114	0.238115	2.29311735761	-2.07026958917	3.96962942052	5.46054599794
Tars2	36.8528	24.683	5.20370233138	4.62544584683	4.00863030514	3.3434504629
Fam173b	7.79579	6.75586	2.96269522835	2.75613943184	2.32618353384	0.938489053578
Grik3	4.55575	4.80635	2.18768858031	2.26494170982	-0.0391102435946	1.0982241487
1810063I02Rik	0.897686	0.01	-0.155717199433	-6.64385618977	-6.64385618977	-6.64385618977
Stxbp5	2.33882	15.4649	1.22578083343	3.95092559951	4.05419729439	3.24824790803
Mcat	17.3717	16.5911	4.11866703843	4.05233763591	4.08020568453	4.2680600468
Crtac1	1.1289	0.494232	0.17491769524	-1.01673967114	-1.69583010537	-1.82216638075
Klf7	5.79047	5.25304	2.53368045342	2.39315257014	3.72042075742	2.69810954953
4933421O10Rik	0.965243	1.79758	-0.0510359081931	0.846055978194	0.844128508164	0.654490534526
Calr	231.873	213.658	7.85719102772	7.73915952666	7.71322840271	8.1202741711
Ddah2	31.5569	115.921	4.97988358369	6.85699813534	7.6160929904	6.04691662913
Gcdh	20.1743	25.5108	4.33444671119	4.6730362364	4.10530093011	3.91695427895
Ccdc68	0.752498	0.0459635	-0.410240347426	-4.44336753016	0.131141659182	1.07553947668
Dmap1	26.6384	34.5167	4.73543552634	5.10922263585	5.06502507968	4.61392056239
Hr	2.81593	0.521601	1.49361147108	-0.938981459418	-2.07182754587	1.61403132348
Rufy1	8.1273	9.6611	3.02277614891	3.27218746175	2.94958722393	3.21089689791
Wasf3	14.7604	10.7525	3.88365991318	3.42660022617	3.05165747999	1.64106505057
A2m	1.16563	0.330331	0.221109913859	-1.59801572881	0.445716110836	3.77983752328
Gm10845	7.7747	8.33739	2.95878700748	3.05959582211	3.69200307626	3.00426406961
Gm16907	0.525022	0.718147	-0.929550217583	-0.47764891036	-0.0945489702285	-1.27442111492
Dpy19l1	17.9991	23.6609	4.16985286489	4.56443304603	4.3420639978	3.88264304936
R74862	2.37916	3.65247	1.25045229717	1.86887242333	1.64540193049	2.47204579718
Gtse1	80.5421	41.6953	6.33167118351	5.38181286348	4.33910887288	3.31145806687
Snap29	5.56703	4.1972	2.47690785772	2.06942721046	2.73059648422	3.12160562439
Hist1h2bq	1.59717	0.594893	0.675517878876	-0.749297892435	-0.923733714798	-1.50539392035
Csnk2b	105.845	121.739	6.72580930942	6.92764761003	6.64392832272	6.37030903112
Nop56	331.92	267.555	8.3746917521	8.06369167969	6.77738026115	5.5976026815
5730455P16Rik	3.90368	4.86391	1.96483479436	2.28211653393	2.67641636471	3.18652591234
Zhx1	2.75109	9.45899	1.46000333719	3.24168614553	3.611939567	2.68436992901
Gm11544	0.764992	0.01	-0.386483434168	-6.64385618977	-6.64385618977	-3.89255958582
Sfrp1	6.8876	44.7489	2.7840013601	5.48378031393	4.7081817169	3.5101390954
Gbas	35.1552	20.7123	5.13566619697	4.3724158616	5.13663846714	6.55177438763
C920006O11Rik	1.60306	0.781259	0.680828424296	-0.356127190474	0.262757862781	1.40083299612
Gm10033	0.923711	1.11228	-0.114486546367	0.153520010869	-0.374935290557	-0.662916923689
Ptprz1	0.595661	4.72193	-0.747436590982	2.23937665457	-2.72779043753	-3.68047639894
Zfp36l2	29.6952	100.499	4.89215784424	6.65103733593	5.56385367859	3.82158777462
Efhc1	1.6799	0.576853	0.748375355743	-0.793724372534	0.383618592115	1.43643904898
Suclg1	58.1765	64.1131	5.86236459888	6.00254726256	5.57768259919	6.32880595309
Prss36	12.7161	8.76599	3.66858436194	3.13191703308	2.633005663	3.6159929775
Mab21l3	1.46405	0.63718	0.549964825152	-0.650227111065	-1.62905458742	-1.3558816098
Rpl34-ps1	801.23	800.151	9.64607262995	9.64412847277	9.56115999698	9.07935944258
Brwd3	6.78405	11.9842	2.76214680293	3.58306170062	3.67052312559	3.30599969551
Sfxn2	3.08031	5.09345	1.62307554993	2.34864318319	1.62357660848	-0.272257252857
B430010I23Rik	0.538659	0.0660307	-0.892555836185	-3.92071924955	-1.48696209422	-1.2899965755
Isca2	11.6043	16.0201	3.53658759327	4.00181124819	4.11001238324	4.87603064569
Heca	4.15699	7.67413	2.05553927744	2.94000320445	3.48132477755	3.66687018545
Kctd15	21.2187	38.3197	4.40726436466	5.26001436133	4.44679879296	3.34208533812
Pmp22	24.7163	78.7894	4.6273908846	6.2999296434	5.06647242271	6.3102674023
Plagl2	5.28808	11.3965	2.40274400263	3.51051891858	4.09486098971	3.61416799566
9530027J09Rik	2.71029	1.67208	1.43844722766	0.741643874238	-0.137492270773	-0.78043307961
Paf1	77.8736	57.3758	6.2830624167	5.84237045928	5.96475671994	5.51944440489
Actc1	3.80215	6.47105	1.9268154494	2.69399982457	8.23649740184	10.1585213315
Spats1	3.39048	0.173671	1.76148953431	-2.52557122541	-2.41038989739	-2.77025951033
Zfp518a	8.49666	7.44395	3.08689583556	2.89606836504	2.6256328713	1.63661302094
Prickle3	1.48466	2.41892	0.57013257919	1.27436305642	2.58297742999	2.73231044979
Rfx3	3.04776	7.53318	1.60774930032	2.91325900192	3.14785859503	2.82077532332
Poc1b	4.42185	11.4903	2.14465008623	3.52234456066	3.56370727526	2.81235651594
Sil1	8.8484	9.91797	3.14541660539	3.31004486148	3.84399389064	5.41448060169
Ccdc30	3.98926	3.20477	1.99612115413	1.68022082119	2.63026333852	0.631197431581
Tmco1	7.79115	9.28659	2.96183629065	3.2151489418	2.88069140181	3.29602710438
E2f5	11.6349	32.1396	3.54038690596	5.00628006865	4.07836219178	2.59120067293
Plekhh1	5.49062	5.06162	2.45696906734	2.3395992015	2.16920026593	2.43973216661
Qtrt1	41.6124	36.0534	5.37894159327	5.17206341349	4.25779513438	3.30114862595
Fam89b	9.67299	37.5705	3.27396190743	5.23152841083	5.3104564623	4.82205707313
6230400D17Rik	0.627473	0.720599	-0.672374713281	-0.472731445199	-0.768973176125	0.263467149438
3110056K07Rik	2.14183	2.42617	1.09884397594	1.27868064261	1.2711866016	1.28498192648
Taf6l	17.1092	22.2752	4.09670039808	4.47736648007	3.95097224293	3.52087478775
Fam171a2	3.90585	27.6169	1.96563654513	4.7874794809	5.24008531194	3.84725533104
Gm5148	92.0252	86.494	6.52395707493	6.43452815283	6.44574821915	6.16599030047
Ostc	69.1043	72.5151	6.11070357968	6.18020953728	5.45240434534	5.8319861484
Kctd16	0.608574	0.01	-0.716495395725	-6.64385618977	-4.16198121533	3.3628485728
Htt	10.2922	12.7015	3.36347949207	3.66692697887	3.5978052662	3.66356095047
Rbm43	3.45975	0.921769	1.79066779312	-0.117522845653	1.68011727811	0.634695484763
Got1	94.8854	34.0723	6.56811421198	5.09052743259	4.89528807796	6.57524273592
Miat	1.44034	0.268362	0.526409407789	-1.89774769419	-3.91352925928	-6.42662547355
Zfp28	1.50594	2.18737	0.590664290975	1.12919727709	2.76194688883	2.98134488138
Nufip2	40.8277	24.3571	5.35147639152	4.6062704685	4.27417218902	4.13154832973
Zfp688	12.8147	13.9535	3.67972779953	3.80255513804	3.67310409759	4.21883540342
Pmel	3.26421	0.853869	1.70673387478	-0.227913345354	0.242974373044	-0.227680199721
1500026H17Rik	2.54264	0.65946	1.34632721233	-0.600642940417	-0.293496853955	-0.828198791932
B3galnt2	8.27835	13.0214	3.0493432455	3.70281266355	3.1146901791	2.42527667358
Tmprss13	1.23392	0.046457	0.303248861793	-4.42796019587	-4.64835719879	-4.17600548387
Efs	14.1027	22.1993	3.81789949182	4.47244228036	5.40666251278	4.09808262905
1110065P20Rik	10.2543	21.8781	3.35815710587	4.45141554784	4.49486358278	5.13552255722
2700038G22Rik	8.51227	8.00659	3.08954391229	3.00118793083	1.63841679861	0.891146954551
Srp68	58.9949	60.1265	5.88251833643	5.90992907571	5.74319718254	6.25672574836
E230016K23Rik	0.586963	0.355114	-0.768658530903	-1.49364585666	-0.687420786678	-1.15206721465
Ttf2	27.7295	21.6816	4.79334969778	4.43839931961	3.53853816363	2.2800892489
Six1	1.10764	1.80468	0.147489059539	0.851743045788	1.27903143691	-0.983868857242
Zbtb17	17.2677	20.9226	4.11000402839	4.38699023777	4.34319460038	4.22438762793
Ext1	21.7772	22.9964	4.44474656658	4.52333612525	4.02147084379	4.47468263671
Alg1	17.1702	14.4565	4.10183493896	3.85364640486	3.76589537505	4.04476130409
1700123M08Rik	1.14053	1.69169	0.189704395166	0.758465220681	0.433130383223	0.790246567683
Gm10069	4.55335	5.36432	2.18692835851	2.42339530149	1.25812088497	0.416202005418
C030037D09Rik	1.21767	1.26663	0.284123202316	0.340995155006	1.64666037022	2.16571581553
Tfeb	16.9595	0.694642	4.08402173188	-0.525658452149	1.71355945612	3.98872103769
Meg3	138.47	137.017	7.11342963508	7.09821109241	8.85669630034	8.546759442
Ppp4r1	47.1267	51.506	5.5584727565	5.68666859837	5.38005753026	4.38699713315
Pgm2	23.812	18.4267	4.57361689437	4.20372581969	5.98226805313	7.96424843992
Sh2d4a	0.643229	0.0527443	-0.636595642952	-4.24484099749	-2.51137805254	-1.60015735463
Spink10	0.691383	1.05273	-0.53244296441	0.0741354671243	-1.10587683725	-2.10925293116
Dusp7	9.36011	16.2739	3.22652548446	4.02448812564	4.23830537148	4.66479569377
Gpr3	0.703314	0.777353	-0.507759159354	-0.363358212212	-1.60392821542	-1.23638786449
Zfp935	7.6528	9.41118	2.93598769644	3.23437562342	3.30161252044	2.46357014644
Gpr137	6.39463	8.61945	2.67686088567	3.10759581507	3.85071942673	4.07624267994
Zfp760	3.60051	6.08429	1.84820127388	2.60508891894	2.31038084127	1.26449439557
Ms4a6c	0.657294	0.310483	-0.605389279182	-1.68741381674	-1.33077725904	-1.65651713108
Tut1	27.3448	16.1169	4.77319460515	4.01050237072	3.55150371314	3.58168868023
A330009N23Rik	0.505824	0.542425	-0.98329260423	-0.882504422046	-1.2929134733	-3.06430189718
Cdyl	18.6997	10.0716	4.22494321997	3.33222098664	3.16180869468	3.0020993964
Mfn1	23.2505	18.5716	4.53918983647	4.21502620809	4.01789519118	4.74238893793
E230016M11Rik	6.14611	1.04238	2.6196735878	0.0598813084953	0.736232518869	-0.53515402064
Atp7a	3.46915	4.94177	1.79458222159	2.30502786628	3.79336530593	2.91701158447
Vegfa	34.0931	29.2715	5.09140788097	4.87142477255	5.86067482586	8.20043765347
Qrsl1	11.3564	10.6236	3.50543366518	3.40920082732	3.26237752951	3.30316116938
Nanog	231.427	11.8291	7.8544133796	3.56426840737	-0.357507281765	-2.85896488789
Tpr	100.781	70.6942	6.65507986642	6.14351995102	6.02026438469	5.70470046827
Gm5091	1.82621	0.01	0.868852673613	-6.64385618977	-4.02216999703	-3.38168916446
Asph	19.8352	36.8801	4.30999103926	5.20477066251	5.38798972315	6.29284063354
Lrrc20	1.87581	4.40524	0.907513705284	2.13922062014	2.17729594431	3.33498294799
Cysltr2	0.987788	0.01	-0.0177266524371	-6.64385618977	-6.64385618977	-6.64385618977
Atat1	6.17601	22.2055	2.62667508857	4.47284515164	4.72376605	4.00929341958
Rpusd4	23.7063	25.6602	4.56719860426	4.68146050997	4.17391893921	3.7427823402
Dok3	0.721169	1.8842	-0.471590712132	0.913952109162	0.445705518245	-2.23088502685
Stam	18.3289	20.0395	4.19604830072	4.32477460759	4.32610585568	4.49520906645
4933430I17Rik	0.501832	0.496263	-0.994723625796	-1.0108231996	-0.227556884295	-2.71774287874
Lsm10	17.4843	17.8795	4.12798813246	4.16023448702	3.96723317684	4.44578628479
1810058I24Rik	60.4881	55.7709	5.91857943959	5.80144064747	6.428584621	6.53812218039
Trafd1	8.91204	17.9215	3.15575570796	4.16361948853	5.59468290024	4.74296014438
Crip2	41.5612	9.73979	5.37716540479	3.28389066664	5.64879329101	7.75253452582
Osbpl1a	28.234	24.1624	4.81936162932	4.59469185651	4.82359652435	4.75988552081
E130102H24Rik	1.15128	0.563666	0.203238750486	-0.827087547296	0.359880955969	0.209191317219
Gm15645	4.28258	3.32244	2.09848019658	1.73224314608	0.948361624338	0.421091312685
Tfb1m	13.5468	6.86472	3.75988019596	2.77920087655	2.75023988938	2.53578174759
4930480K23Rik	1.11247	1.58064	0.153766431419	0.66050882288	1.07384079412	1.60851594371
Hist1h3c	6.83115	4.24338	2.77212847158	2.08521387956	0.900227292793	-2.45130691898
Tmem192	19.6765	14.369	4.29840171588	3.84488775687	3.7878712245	4.02867522881
Srsf3	139.003	186.662	7.11897220969	7.5442844484	6.99824064309	5.34432786881
Zfp64	45.8122	30.9956	5.51765994071	4.95399152623	4.90766463427	3.91532011411
Prepl	10.514	10.4315	3.39423973491	3.38287472034	3.50719841445	4.15297838623
BC051226	8.68071	3.53514	3.11781304631	1.82176735034	1.24874126763	0.983553665014
Tmem106a	3.89958	0.687255	1.96331874845	-0.541082597043	-0.462451452305	0.295099974852
Chchd2	208.449	211.073	7.70355064084	7.72159823384	7.31891332122	7.39272956249
Kcnk6	2.4893	0.524315	1.31574010835	-0.931494274732	2.0401735335	0.913844909921
B230208H11Rik	0.916395	0.315103	-0.125958507802	-1.66610460501	-1.19900363035	-1.70485064158
Gdap10	1.61333	1.56893	0.690041566001	0.649780985891	0.47350639638	0.876306727513
Gas5	155.306	194.193	7.2789697568	7.6013473872	6.9887074062	6.32728675952
F730043M19Rik	1.19669	0.541461	0.259049473597	-0.88507066681	-1.15395365275	-0.163954695962
Ggcx	4.44302	7.39326	2.15154063557	2.88621064973	3.04083107536	3.89518627027
Hist1h4i	12.5172	6.53517	3.64583997362	2.70822476547	1.63693777462	1.27296078545
Sgk3	1.76627	3.60222	0.820705896716	1.8488862943	-0.391694132844	-0.00637490626594
Mipol1	7.29786	7.53233	2.86747347495	2.91309620746	2.74191132197	3.46829657405
Bnipl	7.50898	0.988628	2.90861694917	-0.0165003277086	0.56970495273	-2.34882382612
4931406C07Rik	5.50766	3.17178	2.46143950147	1.66529270676	3.01320675063	3.21919485667
1500011B03Rik	14.7451	12.6251	3.88216370155	3.65822290999	3.97142399499	2.51840420784
Adamts4	0.944129	0.911268	-0.0829441008242	-0.134052688049	0.62540142496	-0.603901903511
Cd3e	1.46627	0.01	0.552150786824	-6.64385618977	-6.64385618977	-4.69885910201
Fmr1	26.5113	29.9449	4.72853551038	4.90423840938	4.42128390124	4.27764262441
Akr1b8	6.29889	1.78411	2.65509761709	0.835204567928	2.33949658837	2.44914666399
9930014A18Rik	0.867078	0.825816	-0.205766314645	-0.276107724209	0.809496764001	1.12945448137
Gm16070	0.875698	0.881004	-0.191494678282	-0.182779525495	-0.474151616913	-1.75024643145
Otud6b	27.9937	25.6108	4.80703027915	4.67868041373	3.87848013114	3.58836085088
2810410L24Rik	1.06166	6.23469	0.0863218124225	2.64031782845	3.56778879673	2.87258254483
2810002D19Rik	0.968676	1.14462	-0.0459138971081	0.194868720499	-0.990621293768	-2.07867945507
Cpt1a	10.0305	0.179846	3.32632161804	-2.4751660224	-3.70913400794	4.24633967543
Plekha2	18.6987	8.06908	4.22486606721	3.01240419332	4.13983781659	6.4437757074
Kbtbd4	10.1235	20.476	3.33963625445	4.35586200633	3.66441457242	3.57550596803
B4galnt4	18.7785	25.4099	4.23100992204	4.6673187926	4.06397743501	0.198519298432
Arl6ip5	20.677	12.2585	4.36995497691	3.61571055067	4.45440623213	6.35588138211
Elmo1	17.5867	18.8435	4.1364128932	4.23599505154	3.71513559198	1.40064722052
Rab2b	8.32135	6.9146	3.05681760052	2.78964579589	4.04482249246	3.60042438766
Mrps26	35.4389	31.5699	5.14726191918	4.9804777857	4.74567835716	4.82381049016
Gga3	43.2699	26.5599	5.43529188147	4.73117780973	4.33249312434	4.11200780661
Yes1	21.0551	10.4245	4.39609782241	3.38190628289	3.6394521401	2.85426899503
Snhg7	12.6622	13.9685	3.66245618317	3.80410520091	2.62191589214	1.9784738892
4930599N23Rik	0.793348	0.0482443	-0.333974255761	-4.37349768983	-0.38700403527	-1.00056853385
Pld3	32.0298	16.268	5.00134288457	4.0239649908	5.31842531057	6.23699001368
4930404N11Rik	10.5896	12.7481	3.40457619046	3.6722103361	2.72690966961	3.06039331223
1110019D14Rik	1.39869	0.633924	0.484076244832	-0.65761820625	-0.59236227335	-0.388982523189
Dedd	27.9676	27.6895	4.80568455118	4.79126709753	4.69465736555	4.85714996247
Mcm10	60.9377	53.5291	5.92926314363	5.7422514913	4.33200610482	1.6560203514
Thbs3	13.9037	27.8927	3.79739695347	4.8018156882	4.94273968894	3.16831309183
Polr2c	54.2428	38.2647	5.76135974685	5.25794218368	5.18973364647	5.45424828939
Tmem47	12.8605	24.8031	3.6848748288	4.63244854111	3.90399267901	3.717034778
Ccdc28b	4.7523	17.3062	2.2486259125	4.11321707534	4.4797350023	4.82907829308
Rian	47.2592	54.8201	5.56252330258	5.77663305474	7.09741064251	5.65526022602
AW146154	1.95337	2.11429	0.965965244978	1.08017327306	0.777409194456	0.753664433407
Xist	1.53406	0.129243	0.617354910487	-2.95184195082	-2.80263781585	-3.29122476759
Brd4	54.936	54.9893	5.77967996361	5.78107901646	5.96196127567	5.17618711463
4632404H12Rik	0.716648	0.67693	-0.480663418569	-0.562921439631	-0.740726307578	-0.558138367158
2610206C17Rik	0.878788	0.896863	-0.186412925238	-0.157040471299	0.237918536058	0.0768874094167
Hbs1l	35.3351	35.902	5.14303008679	5.16599230968	4.80784947558	4.91520058498
Abcb6	9.32827	21.9588	3.2216095469	4.45672731128	3.8122106845	4.28638587545
A930005H10Rik	4.32176	5.15198	2.11161895734	2.36512699292	2.23523688909	3.80939386356
Tbc1d14	16.5537	23.1633	4.04908181192	4.53376889893	4.65867992548	3.97469449712
Ms4a6d	4.95934	0.527696	2.31014813632	-0.922221047119	-2.62307843674	-1.2422393748
Gm10863	2.91836	0.677441	1.5451578607	-0.561832790803	-0.867517914415	-0.974378652494
Ccnl2	60.2339	67.2988	5.91250376786	6.07250887536	6.12284455659	6.16201260308
Cdca7	77.003	78.7532	6.2668427485	6.29926664099	5.63848514942	3.3759013145
Tbc1d4	0.834505	4.93477	-0.261007401257	2.30298284505	1.70591156935	4.48913827692
Wdr47	7.42271	2.60542	2.89194600487	1.38151595718	2.28775595982	1.55734146463
Smad3	7.97947	23.4903	2.99629292517	4.55399323334	4.7357712698	4.75263085926
Rbm15	14.3122	14.1785	3.83917354788	3.82563300708	3.43654831892	3.431529362
Ptpn23	22.717	23.3683	4.50570042045	4.54648087947	4.64197946609	4.78881097537
Srprb	15.9965	24.8444	3.99968437594	4.63484879566	4.08056386807	4.67177456804
Atrnl1	1.74322	8.19626	0.801754653732	3.03496574994	2.96126214632	3.97585026027
Agrn	83.7702	66.1727	6.38836521282	6.04816424095	6.84055135391	6.75472719381
Txndc15	11.517	16.7231	3.52569306091	4.06377040284	4.43211090656	4.41693429748
Ptpn11	31.8834	43.1296	4.99473357935	5.43060643093	5.62055708708	5.66239066782
1600020E01Rik	5.55195	8.73929	2.47299457529	3.12751607663	2.96719812529	2.84536760485
Slc5a5	4.90065	1.26816	2.29297311445	0.342736777531	-3.13055495248	-3.47840727351
Gm6904	0.80434	0.0894668	-0.314122627529	-3.482503774	-2.56352257234	-6.64385618977
Card9	0.915368	0.0410061	-0.127576236692	-4.60801765114	-2.56008968169	-0.789780727653
Pbk	16.971	21.3831	4.0849996717	4.41839911681	3.0390927605	1.44326715388
Ctdnep1	42.1358	75.7089	5.39697461167	6.24239100185	5.85523228289	6.42697586163
Rexo2	55.0842	32.8785	5.78356665959	5.03907257603	3.87929406901	3.74679645044
Spry2	41.1828	27.4652	5.36397001638	4.7795328924	4.61548692356	5.61406784921
1700020I14Rik	15.9555	33.9633	3.99598191417	5.08590473818	4.84326533162	5.19431954815
Dhcr7	33.0881	45.6961	5.04824054582	5.51399913652	5.32236804979	6.23922808257
Zik1	3.1497	7.33922	1.65521442254	2.875626744	2.79236187876	1.87309265504
Spata7	4.00492	6.87858	2.00177342447	2.78211076865	2.65793720178	2.90235726536
Ppargc1b	0.936273	1.66349	-0.0949988403778	0.734213193546	-0.360508499155	3.8397278511
Eif3g	149.843	133.401	7.22730787889	7.05962567106	6.51696538591	6.46821999101
Lig1	112.278	116.49	6.81093146034	6.86406230285	6.25503612565	4.21351837289
Usp27x	2.69267	3.84542	1.42903743127	1.94314117916	2.31640644676	1.33887505288
Pqbp1	47.1235	50.5828	5.55837479121	5.66057499417	5.48968100749	5.26835953199
Chaf1b	41.697	50.0786	5.38187168381	5.64612232566	5.3851652531	2.03969991772
Msh6	131.442	52.4737	7.03828252715	5.71352261507	4.64989707324	3.55825538702
Nkrf	11.8886	8.63043	3.57150692839	3.10943244161	1.78198492076	1.07839805994
Camta1	8.57875	10.1345	3.10076744957	3.34120300803	3.51588903179	5.27243756834
Ovol2	3.85028	2.05	1.94496336527	1.03562390973	-1.45394862891	-6.64385618977
Cux1	12.9237	27.7354	3.69194726147	4.79365662705	4.80826147405	5.46431539082
Creb3l2	2.47601	3.21653	1.30801714126	1.68550514451	4.0849996717	5.88362814703
Alg8	4.54966	11.4073	2.1857587355	3.51188545465	2.92947667558	1.5056064266
Tomm22	59.537	62.0241	5.89571462257	5.95475699095	5.29032118201	5.28876827665
Magee1	1.52637	3.10393	0.610104721322	1.63409602215	2.81467346257	3.97619864211
4933427D06Rik	0.939573	0.01	-0.089922838887	-6.64385618977	-3.48487778422	-2.48342805999
D930028M14Rik	0.588107	0.01	-0.765849432469	-6.64385618977	-6.64385618977	-6.64385618977
Smyd3	31.9921	19.2317	4.99964379069	4.26541439127	4.30421896872	4.87484613667
2810403D21Rik	0.619257	1.15684	-0.691389823288	0.21018934226	1.02890149954	0.0379303771139
Gm16702	1.34517	1.13387	0.427788509331	0.181255242479	-0.0376182986867	-0.210556186377
Hist1h2ae	103.587	186.526	6.69469914828	7.54323293262	5.94925010103	2.16659655428
Ssfa2	6.01164	6.53631	2.58775861774	2.70847640834	3.06434829336	3.88137096087
Heatr3	33.2129	26.6661	5.05367179282	4.73693493657	4.26117724394	3.36325519683
Gtpbp1	35.2653	28.5723	5.14017740758	4.83654526924	4.83964219997	4.50746484364
A330069E16Rik	1.3947	1.40784	0.479954831691	0.493483382041	-0.426751520966	-0.326839806233
Cdca2	44.7308	39.3973	5.48319665573	5.30002485629	4.49314773482	2.54546432595
Sp4	1.80859	5.25602	0.854865391924	2.39397076536	2.07476915281	2.31923640189
Snap47	42.0881	34.3002	5.39534047787	5.10014508348	5.18974550493	5.45314879214
4930579G18Rik	2.13471	2.0482	1.09404009327	1.03435659665	1.00832194273	0.0310846022681
Vps39	15.8349	24.8955	3.98503585143	4.6378130856	4.8496890767	5.62974711498
Syne1	1.26663	0.68021	0.340995155006	-0.555947879132	2.90504083703	3.75097088401
Aldoart1	12.6487	12.0951	3.66091721104	3.59635079218	3.94390257796	5.1139129877
Snhg12	62.6683	35.8743	5.96966395262	5.16487877625	4.22794896418	4.39048885072
Extl1	4.27099	2.04231	2.09457052009	1.03020186794	1.31371602988	1.72774623181
Nol10	26.0074	16.0781	4.70085027292	4.00702502363	3.60955404864	2.56800290997
Zfp386	3.57546	6.26228	1.83812886344	2.64668801592	2.97045980372	1.95732403116
Stk38l	9.10956	3.66155	3.18738137223	1.87245449658	3.07818625409	4.01477482768
Cox15	21.3189	17.3099	4.41406109558	4.11352548511	4.29423107672	4.91128891311
AW549877	9.20362	12.0823	3.20220141865	3.59482320872	3.33628338786	3.62045738317
Kis2	0.73608	0.102905	-0.442065522449	-3.28061501256	-2.5245747227	-6.64385618977
Coro1b	82.5325	94.4946	6.36689043674	6.56215998215	6.69856577248	5.91987396198
Fbxo4	1.6202	1.84713	0.696171912615	0.885285405982	1.22408350501	3.16331838413
Pdgfa	62.6182	18.141	5.96851013277	4.18118207971	3.81515526473	4.95854575568
Atp6ap1	40.673	46.2203	5.34599950136	5.53045471876	5.78641078592	6.67416401436
Pcsk4	3.039	2.82882	1.60359667486	1.50020037986	0.985711718651	2.75455190295
Uba1	175.532	165.2	7.45559025183	7.36806987653	7.09462667648	6.94176363938
5430402O13Rik	0.77833	0.339143	-0.361546129365	-1.56003437937	-6.64385618977	-2.28920656783
Gm14164	0.716058	0.01	-0.481851645773	-6.64385618977	-6.64385618977	-2.63227110089
Rabl2	4.70574	14.3936	2.23442161145	3.84735556623	3.06106071991	1.71729805152
Ngf	1.0302	0.0648355	0.0429244451738	-3.94707222774	-3.84547589457	-1.88539843123
Rad54l2	12.4866	17.5522	3.64230879114	4.13357996474	4.06533965567	3.50367947389
Fam118b	15.7557	20.025	3.97780194725	4.32373033752	3.42041502895	2.15686578835
Fbxo45	7.82656	10.4908	2.96837834054	3.39105279301	3.29584348895	3.11916026269
Tsen34	65.2633	114.877	6.02820003318	6.84394616872	6.61792288465	5.96969618185
Fam3c	45.4745	17.622	5.50698587017	4.13930576638	3.89038832218	4.4151704916
Hist1h2an	236.309	469.079	7.88453076622	8.87368710465	7.41698326132	3.44237293811
Zfp513	24.8621	25.4449	4.63587625498	4.66930461633	4.9356907491	4.15761776267
0610009L18Rik	0.523544	0.988988	-0.933617304791	-0.0159750789035	1.01359089066	1.18485154568
Ostm1	5.52657	3.37177	2.46638436667	1.75350612846	2.41933663037	3.17638181979
Ndn	10.8178	44.1231	3.43533522512	5.46346225022	6.46616866038	6.6916737378
2810001G20Rik	2.81802	7.66393	1.49468185075	2.938084384	2.84011674403	1.41740698237
4921507P07Rik	0.539138	0.334111	-0.89127349643	-1.58160061331	-0.379659455116	-1.09178657878
4921531C22Rik	0.64703	0.75016	-0.628095489551	-0.414729757161	-1.46883466359	-1.20173211205
H19	5.7275	11.3472	2.51790555353	3.50426444135	6.77319196717	7.82069594189
Ccno	12.498	0.548005	3.6436253401	-0.867739038486	-3.76676178964	-1.65938076487
Dhdds	15.2332	20.7852	3.92914713187	4.37748472486	4.40152125011	4.71563533124
2010204K13Rik	34.3088	22.2504	5.10050676132	4.47575936682	3.64305960223	3.88431462875
Zyg11b	8.06521	18.0362	3.01171209842	4.17282350784	3.77929124286	3.54342164335
Fam35a	4.50698	3.62853	2.17216104802	1.85938519802	1.56147278161	1.51166031833
Smu1	70.8788	63.3168	6.14728227371	5.98451643911	5.36341290806	5.10075483671
C430049B03Rik	0.911756	5.47961	-0.13328030634	2.45407321598	3.78215691012	3.959779427
Man1a2	18.4353	32.2336	4.20439898867	5.01049341925	5.15981080285	4.43003097222
Cdc20	179.406	150.821	7.4870843299	7.2366935102	6.21955770515	3.67270819562
Samhd1	30.9589	21.1959	4.95228230691	4.40571332092	5.04872008403	3.63502299282
Pde4d	0.998711	0.475461	-0.0018608334727	-1.07260108695	0.00575926928868	0.6535645281
2610020C07Rik	0.912728	1.26952	-0.131743104904	0.344283123362	0.14898615121	-0.79878520851
Nubp1	40.9001	36.0291	5.35403246542	5.17109070886	4.86044142706	3.70298992331
Tmem170	8.95632	4.63597	3.1629060751	2.2128712305	2.1670688459	1.45610171085
9130008F23Rik	0.628831	0.0673279	-0.669255753811	-3.89265172282	-3.4005115689	-2.01403914657
B330016D10Rik	0.527053	1.3901	-0.923980049548	0.475188670226	0.338624081941	1.22097376093
Ctdspl2	12.8466	19.554	3.68331467904	4.2893918528	4.27517843188	4.20305233645
Tbc1d22a	8.72324	10.0341	3.12486408268	3.3268393161	3.56793478648	3.84113784448
Slc25a25	10.7123	8.53647	3.42119636418	3.09363961009	3.15083909045	3.1635148337
2810408I11Rik	5.72445	5.69415	2.51713708703	2.50948049824	1.09763102118	-2.52506458385
Six5	2.19457	10.7909	1.13393828844	3.4317432907	3.44667971123	4.10488176134
Oas1b	0.571729	0.199102	-0.80659662446	-2.32842038174	-1.76333227892	-1.43029504727
Mfsd2a	1.45905	0.642158	0.545029323637	-0.638999785434	-2.97971472143	-0.720219694641
Sel1l	12.7372	16.3989	3.6709762618	4.03552714035	4.18548600413	5.00783685569
Emp3	8.30182	5.92086	3.05342765178	2.56580674133	3.30404953922	4.97999330094
Slco4a1	2.9674	0.0710745	1.56919941253	-3.81452414501	-1.79037445704	-1.59416008408
Pomc	1.45682	1.72159	0.542822633648	0.783741603016	0.764473550993	-0.80036722677
Nhlrc1	1.32713	0.378857	0.408309697889	-1.40027469061	-1.37806301485	1.03103518342
Zbtb10	3.13314	6.1601	1.64760923597	2.6229537711	2.82727638797	2.44509366413
Nkiras2	19.356	28.1446	4.27470893921	4.8147862392	5.4118770175	5.95007642564
Per3	2.64181	5.18574	1.40152671113	2.37454987489	1.56635244343	3.37558164372
Copg2	20.0187	25.0902	4.32327638452	4.64905206575	5.36438683095	5.21236700497
1700020N01Rik	0.603285	0.01	-0.729088383059	-6.64385618977	-6.64385618977	-6.64385618977
Apoa1bp	26.7151	30.9392	4.73958351236	4.95136398815	5.31790820066	5.59606747603
Zfp236	5.07602	9.21702	2.34369775355	3.20430038122	2.83797956103	2.42425028608
Galk1	87.9967	72.7412	6.45937751656	6.18470082079	6.41631788634	7.48895678595
Bax	198.622	151.426	7.63388161895	7.24246912859	6.56034047761	6.28655591348
Rabgap1	24.3585	18.2794	4.60635338949	4.19214681128	4.96850091692	4.85831426893
Mthfd1	112.343	73.3773	6.81176642395	6.19726191487	4.43746079951	3.94824573636
Nsdhl	8.41733	34.012	3.07336267906	5.0879719379	4.75934228529	4.57441641974
Chd2	17.7911	17.4235	4.15308380816	4.12296255381	4.73698362774	4.84899342451
1810032O08Rik	54.23	34.122	5.76101926524	5.09263030501	3.95726458959	3.32328359124
Noxo1	2.26847	1.59862	1.1817195805	0.676827043716	0.898456037437	1.58373087538
Gm16845	1.39092	0.95879	0.476039444379	-0.0607132328607	1.07299070222	-0.215970153257
E130317F20Rik	0.895041	2.76352	-0.159974324084	1.46650705359	1.85822374546	0.693596235767
Ints1	33.2754	41.7386	5.05638410361	5.38331030519	5.04570506451	4.5842409728
2610037D02Rik	1.05308	0.302585	0.0746150386611	-1.72458762406	-1.3473987824	-1.79920439996
Psmd5	46.0424	35.6918	5.52489113205	5.15752075575	4.92304932008	4.31135779237
Fkbp6	4.30415	0.0675303	2.10572835682	-3.88832122315	-3.29522716892	-4.65155906803
Pank1	7.39851	8.18723	2.8872347529	3.03337542486	2.71019699876	3.6305103147
Galnt7	8.30555	21.6917	3.05407570774	4.43907121777	4.17299147466	3.07710282507
Dpp3	66.3796	79.3219	6.05266803072	6.30964732979	5.98435693288	5.70872249027
Morc2a	34.0735	24.9692	5.0905782423	4.64207769371	4.14629678452	3.82340290889
Tspan31	24.0923	35.2118	4.59050022363	5.13798707343	4.90904821497	4.905394226
Shpk	0.905003	0.229337	-0.144005520285	-2.12445896452	-0.929410082744	0.452816803147
Pak3	1.66009	1.48455	0.731261457858	0.570025684458	-0.38599318462	-0.250498340825
Amdhd2	17.1987	15.8324	4.10422761479	3.98480806203	4.45404425442	3.81919810712
Bclaf1	61.7571	58.9679	5.94853310277	5.88185791185	5.38331030519	4.31987801203
Rab22a	8.5081	8.87465	3.08883699012	3.14969022337	3.48335146102	3.45660904628
Il12rb1	0.618024	0.332915	-0.694265230854	-1.58677422009	-1.02846637826	-0.450244097695
0610012G03Rik	20.6444	28.2011	4.36767858414	4.81767953175	4.70851834455	5.43930065585
Scyl1	21.1675	30.2489	4.40377898395	4.91881077468	4.86054075031	5.36675583195
Elmod3	4.44848	7.04449	2.15331246618	2.81649526351	2.83186103104	3.53739547418
D8Ertd738e	94.22	127.712	6.55796142689	6.99675027885	6.4487341464	6.36435356026
4930481A15Rik	1.41178	2.01062	0.497515288582	1.0076404432	1.16384648292	1.27977436349
Mfsd3	3.28516	3.08184	1.71596363709	1.62379196335	1.69387273972	1.11635810218
Iffo2	8.09492	2.98079	3.01701682282	1.57569473942	2.73649014782	3.84197311893
Capn3	11.7219	0.0280578	3.5511345297	-5.15545429748	-2.5295224838	-0.586141664324
5530601H04Rik	4.92991	6.86951	2.30156130913	2.78020719573	2.72565827822	2.37593466737
2810025M15Rik	44.6324	31.6533	5.48001948102	4.98428400988	5.73317534855	4.7309713845
Crb3	5.02668	5.95846	2.32960584955	2.57493950561	1.47309591469	-1.06404246685
Fam178a	11.9797	14.7703	3.58251987497	3.88462722391	4.3391658964	3.83535820053
Tcf3	105.917	169.393	6.72679035462	7.40423044772	7.41803811284	5.42820270306
Dmtf1	19.0986	17.1466	4.25539498199	4.09985062759	3.9444930417	4.01356052052
Rims3	7.4719	2.17405	2.9014751469	1.12038512064	3.47395571394	-1.75108146772
Gm15446	5.61481	3.96042	2.48923720398	1.9856534353	1.65494873369	2.22453117637
Lama1	6.24668	19.0304	2.64308962655	4.25023398083	3.99022879343	1.57340361275
Tmem86a	0.921992	1.64621	-0.117173862248	0.719148385962	0.920682032231	3.38798283251
Gm10125	5.6372	1.35345	2.4949787532	0.436641591591	0.792822043002	0.728234002505
Ik	67.6301	67.5934	6.07959358186	6.07881047968	6.1476486063	6.055967824
Gm15867	0.541333	0.292276	-0.885411756557	-1.77459672658	-0.521599693017	-0.90427537757
Xaf1	2.23161	0.143322	1.15808492133	-2.80266801387	-1.07280439991	-1.57900350959
Barx1	0.553332	0.863065	-0.853782735527	-0.212458877724	-4.30100281003	-3.65727232353
Arl5b	10.178	15.8771	3.34738219132	3.98887551885	4.4542022195	3.282994239
Josd1	13.0119	17.638	3.70175973492	4.14061507564	4.12893672858	4.19328287865
Cpne2	8.02618	10.86	3.00471351124	3.44095219803	3.4407927754	1.69956939959
AI464131	1.99484	2.26174	0.996273036942	1.17743309278	1.48444236724	2.95437500735
Hspa12b	0.758264	4.43214	-0.399227864987	2.14800345316	3.21351526232	1.43474297153
Wdhd1	23.8473	32.1202	4.57575402791	5.00540897087	4.00588499669	1.48100954676
Zdhhc9	8.4375	6.67524	3.07681559705	2.73881970805	3.08119644173	4.56009739775
Wdr83	26.7391	20.5869	4.74087900208	4.36365469847	4.26758823152	4.17499756586
Nrm	14.3705	27.2265	3.84503835397	4.76693962897	4.91138959084	3.64765988601
2410018L13Rik	16.0177	15.8127	4.00159509926	3.98301182211	4.33637623159	3.48012291392
4930429B21Rik	2.70761	0.535646	1.43701995029	-0.900648233698	-1.40619687619	0.199549857772
Nxt2	2.45158	1.48231	1.29371184044	0.567847194401	0.386071479229	1.06591691808
Chmp2a	67.6651	36.7564	6.08034001378	5.19992356781	5.80176396424	6.14689956034
Dnase1	3.89419	5.56145	1.96132327578	2.47546107631	1.52087478775	0.186361098835
Aurka	76.1551	68.6093	6.25086875009	6.10033224205	5.11842202431	2.79954740267
Zfand1	22.4218	16.0071	4.48683019582	4.00064005392	4.19790469703	4.39201511215
Htatip2	1.14749	0.256301	0.198481581078	-1.96408898734	-1.79016487759	-3.73063357561
Rnf208	7.77605	3.7554	2.9590374955	1.90896658212	3.21740444968	6.15582005445
Dyrk1b	4.8678	12.987	2.28326989424	3.69899630127	4.05974462813	4.02145307639
H2afy	101.523	133.272	6.66566279627	7.05822989665	7.10115629208	6.51716386426
2310010J17Rik	1.99834	0.650829	0.998802065905	-0.619649558038	0.741704269996	0.508509786
Abtb1	21.3159	23.8604	4.41385806495	4.57654632372	5.02475405368	5.06443452582
Shisa4	2.58135	7.5775	1.36812576678	2.92172194701	3.56476836297	3.35698889179
Gm14393	6.48427	1.38882	2.69694416481	0.473859628884	0.927213808393	0.794586380227
2610042L04Rik	1.49518	2.17565	0.58031917638	1.12144648679	2.01162444514	2.4340116565
Polr2l	20.2826	16.0725	4.34217069628	4.00652244562	3.0768019181	3.03184155805
Acacb	7.84433	1.84936	2.97165022897	0.887026089891	2.80664370422	4.29401781531
Vgll3	3.83584	0.149594	1.93954254413	-2.74087578292	-4.64364701416	0.25728826501
En1	0.637978	0.01	-0.64842141986	-6.64385618977	-5.895669782	-4.65673182028
Nphp3	3.61356	9.29145	1.85342084918	3.21590375749	2.85564691688	3.65311735679
Arhgef2	41.4455	69.4193	5.37314356259	6.11726491249	6.70253288118	5.55596336133
Cyfip2	9.38607	5.05602	3.23052121982	2.33800217037	2.69188697908	2.41466325172
Arhgef1	57.3897	30.709	5.84271992774	4.94058962841	5.67299947692	5.06420168633
Rell1	11.8026	7.34606	3.56103280142	2.87697067954	3.47925643427	3.23670537151
Gm9776	0.635624	0.907833	-0.653754495646	-0.139501163264	0.645959835931	-0.596708278396
Irak3	8.31517	0.074743	3.05574575908	-3.74191771867	-1.87278407275	-2.79131794152
1110002J07Rik	1.20658	0.356718	0.270923573885	-1.48714407881	-1.81726702795	-2.75383760229
Sltm	48.8562	39.719	5.61046975108	5.31175739567	4.68466167045	3.56866451371
Pgrmc2	29.6845	32.5213	4.89163790772	5.02331302346	4.61022168266	5.50002123163
Prkcdbp	2.82329	1.21301	1.49737732577	0.278591444021	4.1194889852	4.64594946362
Poldip2	58.6269	48.4018	5.87349086861	5.59698879534	5.59480231258	5.77526129235
Map4k2	22.7283	13.2989	4.50641787437	3.73323501504	6.37362037325	4.89847925572
A830080D01Rik	18.3165	4.45242	4.19507194794	2.15458968957	2.20551137716	1.22339783546
Asrgl1	23.4952	17.2174	4.55429414344	4.10579539266	4.50787707756	4.7549355912
Cdkn2aipnl	43.3338	31.8268	5.43742084894	4.99217020454	4.86848429186	4.31655126221
Urb1	26.1153	13.9844	4.70682337168	3.80574645127	2.79006928258	1.86753673353
Meis2	3.18421	23.761	1.67093548537	4.57052364924	6.58066860777	5.57077256719
Marveld2	2.63487	2.59857	1.3977317835	1.37771792269	1.32892260985	0.509219509281
D030028A08Rik	1.36734	1.40483	0.451372025185	0.490395558919	0.0175941474508	-0.231404896516
2410003L11Rik	32.9042	12.9589	5.04019984093	3.69587135695	3.56232791473	1.66521992837
Robo2	1.27804	1.62253	0.353932990353	0.698245153387	3.81016543802	2.87108465437
Fzd1	0.751007	13.3301	-0.413101739986	3.73661569819	4.51202456628	6.2081933818
Cmtm4	17.9287	15.6556	4.16419897788	3.96860689563	3.32020593223	2.94656805657
EU599041	10.7866	0.395527	3.43116828537	-1.33815191362	-1.29580794407	-2.34745017704
Epm2a	1.0302	0.669849	0.0429244451738	-0.578092180665	1.11381383028	4.85427498017
Zbtb40	3.55969	6.30445	1.83175160778	2.65637051538	1.84564660622	1.86200299016
A230103J11Rik	3.72213	3.29208	1.89612844419	1.71899939475	1.31300780198	1.1437460489
4930511M06Rik	2.96232	2.16544	1.56672749393	1.11466019877	1.26691244313	1.19987018659
Srcap	26.913	31.8855	4.75023131247	4.99482859932	4.83544410637	4.52586216086
Gm10658	1.51823	1.11868	0.602390364353	0.161797410366	0.204591488551	-0.862889992198
Gm12505	1.22378	0.329468	0.291344226792	-1.60178974645	-1.04104896434	0.0647587137837
Tpcn1	8.54351	12.6071	3.09482890582	3.65616454686	4.65793720178	4.27263538314
Fam26e	1.38717	0.01	0.472144603183	-6.64385618977	-2.10467255832	-0.184311455165
9630013K17Rik	0.678037	0.364062	-0.560564092529	-1.45774393162	-1.54229435204	-1.41852341134
3110021A11Rik	0.83257	1.09497	-0.264356520112	0.130891343393	0.0520123839548	-1.19175500363
Lhfpl5	1.01374	0.108943	0.0196876831019	-3.19835459407	-6.64385618977	-3.64722882178
Snhg9	1.24544	1.48026	0.316655520344	0.565850600021	-6.64385618977	0.0228152010682
Tube1	3.33239	6.16786	1.73655725369	2.62477001888	2.44222163611	2.7344234912
Sec31b	0.752394	0.842311	-0.410439750817	-0.247575088061	1.21113682698	1.5094779646
Anks3	8.1325	10.753	3.02369891727	3.4266673111	3.39157527447	3.72837768921
Apol7d	2.19444	12.0091	1.13385282482	3.58605612985	2.45373880622	2.37885283577
Cacna2d1	1.63337	1.86983	0.707851635175	0.902907110056	1.63945445547	3.96233616575
Gm16062	1.6987	2.25532	0.764431086938	1.1733321473	0.0257375614136	-0.345808289721
Gm17066	4.97051	3.84918	2.31339388735	1.94455113777	2.72630591068	1.74164387424
Gtf3c1	29.5222	35.8714	4.8837283302	5.16476214723	5.35313976642	5.60880037362
Aifm1	39.4222	42.1353	5.30093638473	5.39695749198	4.67487301719	5.04991387756
Ccnc	14.2199	10.1596	3.82983941427	3.34477169686	2.69582905149	2.39176497092
Thoc7	23.412	44.9944	4.54917627867	5.49167354977	5.2070611887	5.15935873588
Cyp27b1	0.65205	0.549279	-0.61694549855	-0.864388959002	-2.48758902672	-2.67810883858
2610035D17Rik	0.633529	1.25256	-0.658517434166	0.324879712905	-0.974854943861	-0.787328571132
A330035P11Rik	0.545462	1.05099	-0.874449401219	0.0717489423552	0.0415233621844	-0.426390860777
Numb	10.0594	17.2715	3.33047235203	4.11032147877	4.66352110244	4.65752568253
Gm5592	0.814672	0.01	-0.295708770783	-6.64385618977	-4.50595270148	-5.85355122706
Necap1	26.8404	11.9842	4.74633426694	3.58306170062	4.06840425716	5.18790627838
Alg14	9.42126	12.2428	3.23592001888	3.61386164345	3.1140421321	2.76182990496
Cacna1h	0.831908	4.36241	-0.26550410412	2.12512536768	2.82204075227	6.70858731593
Nom1	26.2953	25.162	4.71673305134	4.65317469419	3.87011808397	3.18951622398
Lman2	33.0612	40.255	5.04706718499	5.33109608376	4.96865757835	5.31428323221
Bdp1	12.0601	11.8743	3.59216996472	3.56977056275	3.13214413378	2.68121310728
Nrtn	8.58395	5.53252	3.10164167267	2.46793676136	2.16851046707	2.52393324543
Tcf19	6.05693	8.60242	2.59858673825	3.10474257038	3.53343875777	2.61287616216
Pla1a	2.52851	0.111285	1.33828748419	-3.1676689486	-0.937836831934	-2.38883895377
March6	19.13	31.3407	4.25776496857	4.9699654979	4.99137671896	5.59798399379
Tsen54	29.2371	27.2544	4.86972831373	4.7684172549	4.83569674095	4.02795021643
Tcf12	12.0398	38.9838	3.58973952175	5.28480282104	5.42756594838	4.52478459233
BC029722	4.42651	6.81641	2.14616968071	2.76901211479	2.2375331265	2.95453134904
Gm12992	1.81928	2.33194	0.863367601002	1.22153066898	0.933028692574	0.106924478355
BC017643	7.05374	16.4971	2.81838839918	4.04414053249	3.92341544108	3.82160818207
Nktr	15.1236	21.0124	3.91872969238	4.39316904844	4.59550962796	4.62504249281
Mbd1	8.50143	10.5158	3.08770553306	3.3944867036	3.65645060631	3.54224566607
Mybpc3	0.875828	0.0169466	-0.191280521763	-5.8828603356	5.00949050295	8.40014082641
Taf12	16.8075	18.7127	4.07103324446	4.22594583067	3.50053439046	3.07490955358
2610027K06Rik	1.41871	0.963399	0.504579716728	-0.0537946684669	0.763505059779	0.625766111442
E330020D12Rik	3.73291	1.78226	1.90030072586	0.833707815731	1.03681276347	0.484323774383
Fpgt	2.54675	3.79851	1.34865734537	1.9254336193	1.63141165195	2.13558740208
Chst8	1.45119	0.884083	0.537236419551	-0.177746274968	-1.54568932117	-0.954447992455
Clptm1	27.4657	29.2506	4.77955915622	4.87039431302	4.93612907845	4.96134087318
Dtd1	27.6505	15.4718	4.78923366363	3.95156914559	3.01441957004	3.42458622625
Pde8a	1.54886	0.408797	0.631206746172	-1.29054348594	-0.793691860223	1.82188161416
Sox15	13.0273	0.470204	3.70346620103	-1.08864128292	-1.90565041108	-6.64385618977
Wdr92	20.7599	18.1647	4.37572758917	4.18306563394	3.97959553619	3.19514125928
Atp6v0e2	5.58598	1.52606	2.48181040821	0.609811685633	2.47010470768	4.50304973299
Smarcd3	3.26295	36.6782	1.70617688038	5.19685093462	5.91282468289	5.94191384384
Kdr	0.59689	65.8741	-0.744463011097	6.04163944106	6.29804239964	4.78903538085
2310033P09Rik	13.8745	20.3397	3.7943638764	4.34622649524	4.19869058567	3.31184311432
A930001C03Rik	0.900132	1.00152	-0.151791513688	0.00219123154774	-1.11671389651	0.197638969832
1110002L01Rik	6.04652	6.43692	2.5961050559	2.68637053871	1.69926732963	2.23352304651
2410006H16Rik	51.5769	72.9388	5.68865315826	6.18861455932	6.33063906537	6.87249635976
Srek1ip1	5.81706	12.5879	2.5402901849	3.65396571772	3.81239553876	3.5595529949
Snhg1	40.9697	32.0879	5.35648542363	5.00395747009	3.86133012698	3.30335993119
Nt5c	29.2216	39.3047	4.86896326854	5.2966299331	5.22167218218	5.08348570975
Arhgdib	9.90932	1.76954	3.3087860598	0.823374373885	4.48298377132	4.12896146622
Gm7008	0.826372	0.997025	-0.275136722758	-0.00429841481371	0.34189468668	-1.44921751317
Tug1	21.7445	25.726	4.44257863028	4.68515525236	4.64389081404	4.21771153444
Leo1	49.6553	34.6801	5.63387580812	5.11603615346	4.92326805289	4.45769934502
2900041M22Rik	1.23453	0.12399	0.303961895472	-3.01170432534	-2.687873905	-6.64385618977
Aasdh	10.074	12.2333	3.332564731	3.61274172618	3.39750179864	3.20958437199
D030068K23Rik	1.64636	0.860256	0.719279836019	-0.217162045571	-0.119521344419	-1.70481301714
Ints8	18.2243	30.7624	4.18779149622	4.94309615778	4.39469933721	2.95976830085
1300002E11Rik	3.1321	3.36249	1.64713027495	1.74952997712	1.5351770678	1.82217131401
Stx6	15.0419	25.8887	3.91091490575	4.69425061707	4.97929371045	4.06473629888
Hnrnpf	217.094	202.992	7.76217604337	7.66527906109	7.12377998876	6.2989350255
Alkbh6	17.5252	19.5132	4.13135900345	4.28637848204	4.13203387921	4.58650055528
Wdr36	52.3195	35.7307	5.70927684843	5.15909227292	4.3016169099	4.20666666446
Gpat2	3.52361	1.093	1.8170542528	0.12829340101	1.22000794409	1.15793622287
Morf4l1	106.162	99.9761	6.73012364497	6.64351134445	6.37745001958	6.54986012114
Lrrc2	6.70122	0.387665	2.74442377135	-1.3671176064	0.131892346064	2.26497472753
A930004D18Rik	1.09908	4.51376	0.136296401212	2.17432971139	2.40841024918	2.80682308787
Tnfaip8	0.0157951	0.133109	-5.98437911885	-2.9093199743	-3.42693731554	-4.35632183824
Slc38a10	44.8553	54.3013	5.48720655566	5.76291483216	6.06812905349	6.21357280673
8430429K09Rik	2.17892	4.38412	1.12361322825	2.13228728759	2.21926146963	1.08812802489
Luc7l3	52.9572	63.4177	5.7267549396	5.98681365037	5.88233980701	4.67354511756
4931440P22Rik	0.962883	1.2696	-0.0545675881733	0.344374033286	1.01003502973	1.64069495795
6430573F11Rik	1.43984	2.27648	0.525908503312	1.18680478463	2.61348214783	1.21097480134
Nr5a2	14.4571	0.0778219	3.85370628098	-3.68367998604	-4.19460121406	-4.54104691085
Ypel1	7.25473	11.9611	2.85892192237	3.58027816767	4.34815450254	1.99803659933
Stat3	25.1815	6.72024	4.6542923183	2.74851275691	4.62277225473	5.64788433638
Gm16973	3.48415	4.37193	1.80080673634	2.12827030186	1.99565455692	1.38994120311
Gcnt1	3.72282	10.5052	1.89639586293	3.39303172346	1.73046171365	-0.524933799554
Cog8	27.6644	16.204	4.78995872908	4.01827808502	4.21890513196	3.9898111394
Uprt	1.70186	1.01458	0.767112361576	0.0208826266055	1.23695175859	1.19362667824
9230114K14Rik	1.39823	0.887621	0.483601694452	-0.171984294593	-0.775411408248	0.194591402774
4932438A13Rik	8.70112	14.4204	3.12120111527	3.85003927819	4.00630700144	3.78806966733
4933407K13Rik	2.71644	6.14801	1.4417171815	2.62011951164	3.17751601344	1.76878139754
Taf9b	1.17906	0.659171	0.237637136045	-0.601275321839	0.172986675879	1.61251763837
Gm16159	0.687438	0.420264	-0.540698492091	-1.250632215	0.612182621142	-6.64385618977
Plekhj1	24.4306	33.1886	4.6106173906	5.05261586815	4.82429434341	4.10809785779
Prkcz	11.7497	6.71878	3.55455201644	2.74819929138	3.20430664221	2.98931524524
Txnl1	38.5384	45.7435	5.26822477135	5.51549485066	4.82898185574	5.02021770578
Panx2	0.500983	0.627519	-0.997166446021	-0.672268953289	0.207942814241	3.17048594045
4930520O04Rik	0.844308	0.667053	-0.244158710867	-0.584126701095	-0.615057214763	0.218880339974
Fads2	26.9107	123.981	4.75010801368	6.95397523534	6.20653773712	6.09733057309
Lima1	44.7234	5.61533	5.48295796502	2.48937080898	5.02083996709	3.50141366688
Arfgap1	23.1489	23.8692	4.53287173536	4.57707830876	5.00635637691	5.66620269515
Hira	48.4607	46.8245	5.59874333912	5.54919168409	5.18410966858	4.58849877727
Ccdc122	0.601635	0.471207	-0.733039596925	-1.08556712365	0.339764507312	0.78780855267
Plekhm2	4.04959	12.4058	2.01777585	3.6329428667	4.05369351156	4.3771168064
Psmd10	11.7107	15.0749	3.54975540953	3.91407652686	3.82678235017	3.3934711174
Frmd8	24.2159	24.7013	4.59788271754	4.62651506602	4.80903880069	3.98445263873
Pus7l	5.29525	7.52933	2.40469879852	2.9125214919	2.12529071348	1.62953381295
Map2k1	52.2435	49.0624	5.70717964689	5.61654590325	5.38841343377	6.51065974426
Etv5	117.085	18.6797	6.87141245083	4.22339938013	4.68774938841	4.07108474537
Cdc45	28.8232	39.121	4.84915860971	5.28987134341	4.27503685494	2.0840812776
Zfp57	180.673	41.6728	7.49723711393	5.38103413302	5.85749586955	5.06199215373
Pphln1	12.7361	27.7425	3.67085166353	4.79402589607	4.19735432014	3.20756492914
Eps8	18.4958	5.51976	4.20912579768	2.46460553977	2.76105331702	3.54857225632
Polr2m	107.461	111.431	6.74766935828	6.8000068347	6.66466771649	6.70213111852
Rps27a	247.912	303.202	7.95368429549	8.24413545971	7.63544968698	7.87867017279
Dph5	14.338	10.6714	3.8417718922	3.4156775532	2.85547948289	2.58624352591
Rgs16	3.20536	0.587324	1.68048639773	-0.767771502559	-0.716784639826	2.95481607073
Zfp609	14.6638	21.0675	3.87418710905	4.39694722007	4.2340950647	4.35712969061
Slc23a1	6.39751	0.354868	2.67751049735	-1.49464560875	-1.49399934834	-0.258713375236
Eya3	37.6103	30.465	5.23305590902	4.92908083524	4.18293060851	3.75033852024
Dazap2	22.6763	23.2504	4.50311335567	4.53918363145	5.21804491105	6.28314392929
Mrpl33	44.1522	34.3933	5.46441342064	5.10405564242	5.25409890084	5.49203903171
9530026F06Rik	0.743768	0.524628	-0.427075416357	-0.930633286935	-1.49181477525	-1.20494127682
Esyt1	20.2576	12.5872	4.34039135722	3.65388548872	4.86113158231	5.14601160009
Lix1	1.30912	3.89406	0.388597347451	1.96127511339	2.40124271067	-1.41330346057
Rpf1	48.8011	39.1165	5.60884176207	5.28970538393	4.32024637537	3.74996325817
Prdm16	1.36353	0.191587	0.447346442369	-2.38392842354	1.76175758291	1.8805875793
Guca1a	4.57114	0.649314	2.19255400494	-0.623011778926	0.8816332986	1.9293100192
Ncbp1	54.286	65.6218	5.76250827939	6.03610326228	5.48051072127	3.90923547289
Mapkbp1	4.2482	3.00052	2.08685168804	1.58521254619	2.91506956969	2.93236926121
A930015D03Rik	0.69108	1.17252	-0.53307536702	0.229612531401	0.699489446052	0.337950807886
Stard5	5.78574	5.0446	2.53250149279	2.33473987867	3.46871363588	4.15845821622
Mettl2	25.1404	23.7457	4.65193569904	4.56959438095	3.91650530697	3.89760831431
Gm12359	1.49657	2.74778	0.581659760487	1.45826649993	0.693453503313	1.03660179585
Tsix	2.51929	0.163261	1.33301720285	-2.6147478957	-1.76635731699	-2.47181678579
Kbtbd11	4.42274	1.17971	2.14494043289	0.238432255365	0.280564417511	1.93136914693
Zfp791	1.31409	0.938928	0.394064087005	-0.0909135632336	0.745065188223	0.312781327903
Gm13580	1.76248	0.01	0.817606886411	-6.64385618977	-6.64385618977	-6.64385618977
BB218582	1.18581	0.153508	0.245872868217	-2.70361425193	1.16993782534	2.26594391065
Gm16861	1.0517	1.1721	0.0727232310216	0.229095661355	0.482631475395	0.669453159517
B230307C23Rik	14.9368	9.95901	3.90079919893	3.31600233476	2.28623652117	1.77599867802
Gm14005	3.03041	0.01	1.59951299665	-6.64385618977	-0.899684327864	1.69131528746
1700042O10Rik	0.67588	0.01	-0.565160970825	-6.64385618977	-6.64385618977	-6.64385618977
