3010003L21Rik	65	6	76	0.503194444444
Malat1	180	9	113	0.884125
4933439C10Rik	0	6	107	0.481875
Gm15441	0	9	34	0.516
5031425E22Rik	64	10	64	0.707472222222
1110038B12Rik	0	8	100	0.58275
BC051226	0	7	74	0.477
2810410L24Rik	0	8	52	0.49275
Kis2	12	9	48	0.556916666667
1110002J07Rik	26	10	79	0.689152777778
9630013K17Rik	0	9	58	0.561
Apol7d	0	10	20	0.54675
Gm16062	0	8	41	0.472125
Snhg1	0	7	96	0.51825
A930004D18Rik	0	7	66	0.462
4931440P22Rik	0	7	113	0.550125
Gm13580	0	11	57	0.673125
B230307C23Rik	0	6	98	0.465
2610035F20Rik	0	6	101	0.470625
4833417C18Rik	1	7	81	0.491347222222
Snhg3	0	7	94	0.5145
9130221H12Rik	0	6	98	0.465
Gm13648	0	6	109	0.485625
5930412G12Rik	0	10	39	0.582375
4930581F22Rik	0	10	67	0.634875
Neat1	178	11	16	0.813805555556
Gm12925	0	8	24	0.44025
Btbd19	0	8	114	0.609
4930461G14Rik	0	8	33	0.457125
A330009N23Rik	0	6	96	0.46125
Gm5091	0	9	26	0.501
Gas5	15	6	86	0.460833333333
0610009L18Rik	0	8	90	0.564
C430049B03Rik	30	6	65	0.439791666667
2610037D02Rik	12	9	37	0.536291666667
