AU015836	0	3	42	0.189
9130230L23Rik	0	6	43	0.361875
1700001L05Rik	0	1	13	0.020625
Gm16740	0	3	7	0.123375
Snhg4	16	3	94	0.306055555556
1700034P13Rik	0	2	10	0.072
4930465K10Rik	0	6	24	0.32625
4930528D03Rik	0	6	77	0.425625
1700095A21Rik	24	1	5	0.0349583333333
Gm10390	0	4	36	0.23475
Gm11627	0	6	28	0.33375
4930526L06Rik	0	4	34	0.231
Gm15787	0	2	19	0.0888750000001
Gm16023	0	2	28	0.10575
5730408K05Rik	0	2	11	0.073875
A430046D13Rik	0	4	107	0.367875
1700030C10Rik	0	4	41	0.244125
4933404O12Rik	0	5	101	0.413625
Gm10941	0	3	16	0.14025
A230072C01Rik	0	1	11	0.016875
1700113A16Rik	0	4	106	0.366
2310015A10Rik	0	3	36	0.17775
Gm16938	0	5	66	0.348
Zfp783	0	2	55	0.156375
E130307A14Rik	0	7	46	0.4245
2500004C02Rik	0	7	20	0.37575
9530082P21Rik	0	2	27	0.103875
Gm2694	0	3	5	0.119625
E130304I02Rik	0	1	57	0.103125
BC065397	0	3	28	0.16275
1700007L15Rik	0	6	28	0.33375
1700086O06Rik	0	4	34	0.231
Sox2ot	0	6	49	0.373125
0610040B10Rik	0	1	11	0.016875
Mir17hg	42	5	63	0.393708333333
1700034H15Rik	0	1	6	0.0075
Pvt1	29	6	28	0.369194444444
Gm10451	0	3	34	0.174
4930558J18Rik	0	3	88	0.27525
D130020L05Rik	0	2	67	0.178875
Gm53	0	5	26	0.273
Snhg5	0	4	38	0.2385
F420014N23Rik	0	2	19	0.0888750000001
C920006O11Rik	0	6	47	0.369375
Gm10033	6	3	49	0.209458333333
9530027J09Rik	0	3	56	0.21525
2700038G22Rik	0	4	90	0.336
1700123M08Rik	0	3	14	0.1365
C030037D09Rik	0	4	80	0.31725
Meg3	152	3	27	0.346652777778
E230016M11Rik	0	7	39	0.411375
B230208H11Rik	0	7	31	0.396375
Gdap10	29	6	15	0.344819444444
2810002D19Rik	0	3	87	0.273375
4930599N23Rik	0	1	5	0.005625
Snhg7	0	4	68	0.29475
1110019D14Rik	0	5	32	0.28425
Rian	28	1	6	0.0417222222223
4632404H12Rik	0	2	10	0.072
A930005H10Rik	0	1	43	0.0768749999999
1600020E01Rik	0	7	33	0.400125
1700020I14Rik	12	6	39	0.369041666667
4933427D06Rik	0	1	11	0.016875
D930028M14Rik	0	5	47	0.312375
Gm16702	0	3	47	0.198375
A330069E16Rik	0	2	25	0.100125
Snhg12	0	4	67	0.292875
2810001G20Rik	0	3	32	0.17025
4921531C22Rik	0	2	17	0.0851250000001
H19	0	4	50	0.261
1810032O08Rik	0	5	91	0.394875
0610012G03Rik	0	4	44	0.24975
5530601H04Rik	0	1	22	0.0374999999999
Gm15867	0	2	5	0.062625
4930429B21Rik	0	4	30	0.2235
Gm9776	0	7	10	0.357
A230103J11Rik	0	3	82	0.264
4930511M06Rik	0	3	28	0.16275
Gm10658	0	4	62	0.2835
2610035D17Rik	0	3	12	0.13275
BC029722	0	1	11	0.016875
2610027K06Rik	0	3	15	0.138375
E330020D12Rik	0	3	38	0.1815
A930001C03Rik	0	1	6	0.0075
2410006H16Rik	0	5	73	0.361125
Gm7008	0	4	21	0.206625
D030068K23Rik	0	3	30	0.1665
4930520O04Rik	0	2	13	0.077625
A930015D03Rik	0	2	26	0.102
Tsix	15	7	41	0.433458333333
1700042O10Rik	0	6	54	0.3825
C030034L19Rik	0	2	23	0.096375
1810019D21Rik	0	5	16	0.25425
2900076A07Rik	0	2	59	0.163875
B230354K17Rik	0	2	49	0.145125
6030443J06Rik	0	3	28	0.16275
4930513N10Rik	21	4	87	0.356041666667
Gt(ROSA)26Sor	6	5	39	0.304708333333
Gm15417	0	5	72	0.35925
Nespas	22	2	32	0.140138888889
9330151L19Rik	0	2	57	0.160125
Gm11423	0	2	66	0.177
A930024E05Rik	0	4	15	0.195375
2900097C17Rik	0	5	41	0.301125
Trmt61b	0	4	29	0.221625
1810062O18Rik	0	2	18	0.087
0610005C13Rik	0	4	15	0.195375
2610307P16Rik	0	5	14	0.2505
1500011K16Rik	0	2	31	0.111375
G530011O06Rik	0	3	101	0.299625
Mtag2	0	4	11	0.187875
2810429I04Rik	0	5	109	0.428625
AY512931	0	4	49	0.259125
Gm15545	0	4	30	0.2235
4933431E20Rik	0	2	51	0.148875
2500002B13Rik	0	5	37	0.293625
6430562O15Rik	0	5	18	0.258
A730017L22Rik	0	5	55	0.327375
C230035I16Rik	0	6	79	0.429375
Gm4285	0	4	83	0.322875
2010001A14Rik	0	5	19	0.259875
AU019990	0	6	53	0.380625
Gm15401	0	2	9	0.070125
Mirg	13	1	6	0.0233888888889
5430416N02Rik	0	2	23	0.096375
C130036L24Rik	0	5	8	0.23925
Gm17644	0	4	21	0.206625
Gm13375	0	5	85	0.383625
5430405H02Rik	0	2	13	0.077625
Gm4262	0	6	21	0.320625
1700012C14Rik	0	5	21	0.263625
D930048N14Rik	0	7	36	0.40575
Gm16907	26	7	19	0.405652777778
R74862	11	5	39	0.310819444444
B430010I23Rik	0	2	17	0.0851250000001
6230400D17Rik	0	4	34	0.231
3110056K07Rik	0	6	43	0.361875
Miat	0	3	95	0.288375
E230016K23Rik	0	1	4	0.00374999999999
Gm10069	0	2	73	0.190125
1810058I24Rik	0	7	41	0.415125
E130102H24Rik	32	2	13	0.116736111111
4930480K23Rik	0	4	87	0.330375
F730043M19Rik	0	2	23	0.096375
1500011B03Rik	0	1	29	0.0506249999999
Gm16070	0	4	94	0.3435
Xist	66	5	47	0.393041666667
Gm10863	0	4	31	0.225375
2810403D21Rik	0	2	11	0.073875
4930579G18Rik	0	2	55	0.156375
5430402O13Rik	0	1	7	0.00937500000001
Gm14164	0	7	37	0.407625
2010204K13Rik	0	4	56	0.27225
2610020C07Rik	0	2	34	0.117
B330016D10Rik	0	7	52	0.43575
2810408I11Rik	0	4	102	0.3585
Gm16845	0	1	6	0.0075
E130317F20Rik	0	6	29	0.335625
4930481A15Rik	0	5	54	0.3255
2810025M15Rik	0	4	9	0.184125
2310010J17Rik	0	2	10	0.072
D030028A08Rik	0	3	72	0.24525
2410003L11Rik	0	4	65	0.289125
Snhg9	0	2	2	0.057
A330035P11Rik	0	2	30	0.1095
Gm12992	0	2	28	0.10575
1110002L01Rik	0	3	11	0.130875
Tug1	0	5	41	0.301125
2900041M22Rik	0	7	52	0.43575
1300002E11Rik	0	1	7	0.00937500000001
8430429K09Rik	0	3	33	0.172125
4933407K13Rik	0	2	20	0.0907499999999
Gm16159	6	2	13	0.0849583333333
Gm12359	0	1	4	0.00374999999999
BB218582	0	4	15	0.195375
Gm16861	0	3	88	0.27525
Gm14005	0	7	27	0.388875
