Node count: 1229
Total edge: 31325
edge need assign: 25
permute 1
generate number finished
generate graph finished
permute 1 finished
permute 2
generate number finished
generate graph finished
permute 2 finished
permute 3
generate number finished
generate graph finished
permute 3 finished
permute 4
generate number finished
generate graph finished
permute 4 finished
permute 5
generate number finished
generate graph finished
permute 5 finished
permute 6
generate number finished
generate graph finished
permute 6 finished
permute 7
generate number finished
generate graph finished
permute 7 finished
permute 8
generate number finished
generate graph finished
permute 8 finished
permute 9
generate number finished
generate graph finished
permute 9 finished
permute 10
generate number finished
generate graph finished
permute 10 finished
permute 11
generate number finished
generate graph finished
permute 11 finished
permute 12
generate number finished
generate graph finished
permute 12 finished
permute 13
generate number finished
generate graph finished
permute 13 finished
permute 14
generate number finished
generate graph finished
permute 14 finished
permute 15
generate number finished
generate graph finished
permute 15 finished
permute 16
generate number finished
generate graph finished
permute 16 finished
permute 17
generate number finished
generate graph finished
permute 17 finished
permute 18
generate number finished
generate graph finished
permute 18 finished
permute 19
generate number finished
generate graph finished
permute 19 finished
permute 20
generate number finished
generate graph finished
permute 20 finished
permute 21
generate number finished
generate graph finished
permute 21 finished
permute 22
generate number finished
generate graph finished
permute 22 finished
permute 23
generate number finished
generate graph finished
permute 23 finished
permute 24
generate number finished
generate graph finished
permute 24 finished
permute 25
generate number finished
generate graph finished
permute 25 finished
permute 26
generate number finished
generate graph finished
permute 26 finished
permute 27
generate number finished
generate graph finished
permute 27 finished
permute 28
generate number finished
generate graph finished
permute 28 finished
permute 29
generate number finished
generate graph finished
permute 29 finished
permute 30
generate number finished
generate graph finished
permute 30 finished
permute 31
generate number finished
generate graph finished
permute 31 finished
permute 32
generate number finished
generate graph finished
permute 32 finished
permute 33
generate number finished
generate graph finished
permute 33 finished
permute 34
generate number finished
generate graph finished
permute 34 finished
permute 35
generate number finished
generate graph finished
permute 35 finished
permute 36
generate number finished
generate graph finished
permute 36 finished
permute 37
generate number finished
generate graph finished
permute 37 finished
permute 38
generate number finished
generate graph finished
permute 38 finished
permute 39
generate number finished
generate graph finished
permute 39 finished
permute 40
generate number finished
generate graph finished
permute 40 finished
permute 41
generate number finished
generate graph finished
permute 41 finished
permute 42
generate number finished
generate graph finished
permute 42 finished
permute 43
generate number finished
generate graph finished
permute 43 finished
permute 44
generate number finished
generate graph finished
permute 44 finished
permute 45
generate number finished
generate graph finished
permute 45 finished
permute 46
generate number finished
generate graph finished
permute 46 finished
permute 47
generate number finished
generate graph finished
permute 47 finished
permute 48
generate number finished
generate graph finished
permute 48 finished
permute 49
generate number finished
generate graph finished
permute 49 finished
permute 50
generate number finished
generate graph finished
permute 50 finished
permute 51
generate number finished
generate graph finished
permute 51 finished
permute 52
generate number finished
generate graph finished
permute 52 finished
permute 53
generate number finished
generate graph finished
permute 53 finished
permute 54
generate number finished
generate graph finished
permute 54 finished
permute 55
generate number finished
generate graph finished
permute 55 finished
permute 56
generate number finished
generate graph finished
permute 56 finished
permute 57
generate number finished
generate graph finished
permute 57 finished
permute 58
generate number finished
generate graph finished
permute 58 finished
permute 59
generate number finished
generate graph finished
permute 59 finished
permute 60
generate number finished
generate graph finished
permute 60 finished
permute 61
generate number finished
generate graph finished
permute 61 finished
permute 62
generate number finished
generate graph finished
permute 62 finished
permute 63
generate number finished
generate graph finished
permute 63 finished
permute 64
generate number finished
generate graph finished
permute 64 finished
permute 65
generate number finished
generate graph finished
permute 65 finished
permute 66
generate number finished
generate graph finished
permute 66 finished
permute 67
generate number finished
generate graph finished
permute 67 finished
permute 68
generate number finished
generate graph finished
permute 68 finished
permute 69
generate number finished
generate graph finished
permute 69 finished
permute 70
generate number finished
generate graph finished
permute 70 finished
permute 71
generate number finished
generate graph finished
permute 71 finished
permute 72
generate number finished
generate graph finished
permute 72 finished
permute 73
generate number finished
generate graph finished
permute 73 finished
permute 74
generate number finished
generate graph finished
permute 74 finished
permute 75
generate number finished
generate graph finished
permute 75 finished
permute 76
generate number finished
generate graph finished
permute 76 finished
permute 77
generate number finished
generate graph finished
permute 77 finished
permute 78
generate number finished
generate graph finished
permute 78 finished
permute 79
generate number finished
generate graph finished
permute 79 finished
permute 80
generate number finished
generate graph finished
permute 80 finished
permute 81
generate number finished
generate graph finished
permute 81 finished
permute 82
generate number finished
generate graph finished
permute 82 finished
permute 83
generate number finished
generate graph finished
permute 83 finished
permute 84
generate number finished
generate graph finished
permute 84 finished
permute 85
generate number finished
generate graph finished
permute 85 finished
permute 86
generate number finished
generate graph finished
permute 86 finished
permute 87
generate number finished
generate graph finished
permute 87 finished
permute 88
generate number finished
generate graph finished
permute 88 finished
permute 89
generate number finished
generate graph finished
permute 89 finished
permute 90
generate number finished
generate graph finished
permute 90 finished
permute 91
generate number finished
generate graph finished
permute 91 finished
permute 92
generate number finished
generate graph finished
permute 92 finished
permute 93
generate number finished
generate graph finished
permute 93 finished
permute 94
generate number finished
generate graph finished
permute 94 finished
permute 95
generate number finished
generate graph finished
permute 95 finished
permute 96
generate number finished
generate graph finished
permute 96 finished
permute 97
generate number finished
generate graph finished
permute 97 finished
permute 98
generate number finished
generate graph finished
permute 98 finished
permute 99
generate number finished
generate graph finished
permute 99 finished
permute 100
generate number finished
generate graph finished
permute 100 finished
