This file contains any messages produced by compilers while
running configure, to aid debugging if configure makes a mistake.

It was created by miRanda configure 3.3a, which was
generated by GNU Autoconf 2.60.  Invocation command line was

  $ ./configure -prefix=/x200ifs-accel/zhoujj/software/miRanda-3.3a

## --------- ##
## Platform. ##
## --------- ##

hostname = bioinfo-hs-cluster.lihs.cuhk.edu.hk
uname -m = x86_64
uname -r = 2.6.18-164.6.1.el5
uname -s = Linux
uname -v = #1 SMP Tue Nov 3 16:12:36 EST 2009

/usr/bin/uname -p = unknown
/bin/uname -X     = unknown

/bin/arch              = x86_64
/usr/bin/arch -k       = unknown
/usr/convex/getsysinfo = unknown
/usr/bin/hostinfo      = unknown
/bin/machine           = unknown
/usr/bin/oslevel       = unknown
/bin/universe          = unknown

PATH: /home/taoliu/bin
PATH: /home/zhoujj/Python-2.7.3
PATH: /home/zhoujj/pymodules/bin
PATH: /ifs-accel/apps/bin
PATH: /home/zhoujj/pymodules/bin
PATH: /x200ifs-accel/zhoujj/software/passion-1.2.0
PATH: /x200ifs-accel/zhoujj/software/passion-1.2.0/smalt-0.4.3
PATH: /opt/gridengine/bin/lx26-amd64
PATH: /usr/kerberos/bin
PATH: /usr/java/latest/bin
PATH: /usr/local/bin
PATH: /bin
PATH: /usr/bin
PATH: /ifs-accel/apps/local/bin
PATH: /opt/bio/ncbi/bin
PATH: /opt/bio/mpiblast/bin/
PATH: /opt/bio/hmmer/bin
PATH: /opt/bio/EMBOSS/bin
PATH: /opt/bio/clustalw/bin
PATH: /opt/bio/tcoffee/bin
PATH: /opt/bio/phylip/exe
PATH: /opt/bio/mrbayes
PATH: /opt/bio/fasta
PATH: /opt/bio/glimmer/bin
PATH: //opt/bio/glimmer/scripts
PATH: /opt/bio/gromacs/bin
PATH: /opt/bio/gmap/bin
PATH: /opt/bio/tigr/bin
PATH: /opt/bio/autodocksuite/bin
PATH: /opt/ganglia/bin
PATH: /opt/ganglia/sbin
PATH: /opt/openmpi/bin/
PATH: /opt/rocks/bin
PATH: /opt/rocks/sbin
PATH: /opt/sun-ct/bin
PATH: /ifs-accel/apps/local/bin
PATH: /home/zhoujj/bin


## ----------- ##
## Core tests. ##
## ----------- ##

configure:1775: checking for a BSD-compatible install
configure:1831: result: /usr/bin/install -c
configure:1842: checking whether build environment is sane
configure:1885: result: yes
configure:1950: checking for gawk
configure:1966: found /bin/gawk
configure:1977: result: gawk
configure:1988: checking whether make sets $(MAKE)
configure:2009: result: yes
configure:2199: checking build system type
configure:2217: result: x86_64-unknown-linux-gnu
configure:2239: checking host system type
configure:2254: result: x86_64-unknown-linux-gnu
configure:2326: checking for gcc
configure:2342: found /ifs-accel/apps/bin/gcc
configure:2353: result: gcc
configure:2591: checking for C compiler version
configure:2598: gcc --version >&5
gcc (GCC) 4.5.1
Copyright (C) 2010 Free Software Foundation, Inc.
This is free software; see the source for copying conditions.  There is NO
warranty; not even for MERCHANTABILITY or FITNESS FOR A PARTICULAR PURPOSE.

configure:2601: $? = 0
configure:2608: gcc -v >&5
Using built-in specs.
COLLECT_GCC=gcc
COLLECT_LTO_WRAPPER=/ifs-accel/jiangpeiyong/software/install/libexec/gcc/x86_64-unknown-linux-gnu/4.5.1/lto-wrapper
Target: x86_64-unknown-linux-gnu
Configured with: ./configure --prefix=/ifs-accel/jiangpeiyong/software/install/ --with-gmp=/ifs-accel/jiangpeiyong/software/install/ --with-mpfr=/ifs-accel/jiangpeiyong/software/install/ --with-mpc=/ifs-accel/jiangpeiyong/software/install/
Thread model: posix
gcc version 4.5.1 (GCC) 
configure:2611: $? = 0
configure:2618: gcc -V >&5
gcc: '-V' option must have argument
configure:2621: $? = 1
configure:2644: checking for C compiler default output file name
configure:2671: gcc    conftest.c  >&5
configure:2674: $? = 0
configure:2720: result: a.out
configure:2725: checking whether the C compiler works
configure:2735: ./a.out
configure:2738: $? = 0
configure:2755: result: yes
configure:2762: checking whether we are cross compiling
configure:2764: result: no
configure:2767: checking for suffix of executables
configure:2774: gcc -o conftest    conftest.c  >&5
configure:2777: $? = 0
configure:2801: result: 
configure:2807: checking for suffix of object files
configure:2833: gcc -c   conftest.c >&5
configure:2836: $? = 0
configure:2859: result: o
configure:2863: checking whether we are using the GNU C compiler
configure:2892: gcc -c   conftest.c >&5
configure:2898: $? = 0
configure:2905: test -z "$ac_c_werror_flag" || test ! -s conftest.err
configure:2908: $? = 0
configure:2915: test -s conftest.o
configure:2918: $? = 0
configure:2932: result: yes
configure:2937: checking whether gcc accepts -g
configure:2967: gcc -c -g  conftest.c >&5
configure:2973: $? = 0
configure:2980: test -z "$ac_c_werror_flag" || test ! -s conftest.err
configure:2983: $? = 0
configure:2990: test -s conftest.o
configure:2993: $? = 0
configure:3123: result: yes
configure:3140: checking for gcc option to accept ISO C89
configure:3214: gcc  -c -g -O2  conftest.c >&5
configure:3220: $? = 0
configure:3227: test -z "$ac_c_werror_flag" || test ! -s conftest.err
configure:3230: $? = 0
configure:3237: test -s conftest.o
configure:3240: $? = 0
configure:3260: result: none needed
configure:3289: checking for style of include used by make
configure:3317: result: GNU
configure:3345: checking dependency style of gcc
configure:3435: result: gcc3
configure:3478: checking for a BSD-compatible install
configure:3534: result: /usr/bin/install -c
configure:3588: checking for ranlib
configure:3604: found /usr/bin/ranlib
configure:3615: result: ranlib
configure:3646: checking for main in -lm
configure:3675: gcc -o conftest -g -O2   conftest.c -lm   >&5
configure:3681: $? = 0
configure:3688: test -z "$ac_c_werror_flag" || test ! -s conftest.err
configure:3691: $? = 0
configure:3698: test -s conftest
configure:3701: $? = 0
configure:3715: result: yes
configure:3733: checking how to run the C preprocessor
configure:3773: gcc -E  conftest.c
configure:3779: $? = 0
configure:3817: gcc -E  conftest.c
conftest.c:12:28: fatal error: ac_nonexistent.h: No such file or directory
compilation terminated.
configure:3823: $? = 1
configure: failed program was:
| /* confdefs.h.  */
| #define PACKAGE_NAME "miRanda"
| #define PACKAGE_TARNAME "miranda"
| #define PACKAGE_VERSION "3.3a"
| #define PACKAGE_STRING "miRanda 3.3a"
| #define PACKAGE_BUGREPORT "miranda {at} cbio.mskcc.org"
| #define PACKAGE "miranda"
| #define VERSION "3.3a"
| #define UNUSED __attribute__ ((unused))
| #define HAVE_LIBM 1
| /* end confdefs.h.  */
| #include <ac_nonexistent.h>
configure:3863: result: gcc -E
configure:3892: gcc -E  conftest.c
configure:3898: $? = 0
configure:3936: gcc -E  conftest.c
conftest.c:12:28: fatal error: ac_nonexistent.h: No such file or directory
compilation terminated.
configure:3942: $? = 1
configure: failed program was:
| /* confdefs.h.  */
| #define PACKAGE_NAME "miRanda"
| #define PACKAGE_TARNAME "miranda"
| #define PACKAGE_VERSION "3.3a"
| #define PACKAGE_STRING "miRanda 3.3a"
| #define PACKAGE_BUGREPORT "miranda {at} cbio.mskcc.org"
| #define PACKAGE "miranda"
| #define VERSION "3.3a"
| #define UNUSED __attribute__ ((unused))
| #define HAVE_LIBM 1
| /* end confdefs.h.  */
| #include <ac_nonexistent.h>
configure:3987: checking for grep that handles long lines and -e
configure:4061: result: /bin/grep
configure:4066: checking for egrep
configure:4144: result: /bin/grep -E
configure:4149: checking for ANSI C header files
configure:4179: gcc -c -g -O2  conftest.c >&5
configure:4185: $? = 0
configure:4192: test -z "$ac_c_werror_flag" || test ! -s conftest.err
configure:4195: $? = 0
configure:4202: test -s conftest.o
configure:4205: $? = 0
configure:4301: gcc -o conftest -g -O2   conftest.c -lm  >&5
configure:4304: $? = 0
configure:4310: ./conftest
configure:4313: $? = 0
configure:4330: result: yes
configure:4354: checking for sys/types.h
configure:4375: gcc -c -g -O2  conftest.c >&5
configure:4381: $? = 0
configure:4388: test -z "$ac_c_werror_flag" || test ! -s conftest.err
configure:4391: $? = 0
configure:4398: test -s conftest.o
configure:4401: $? = 0
configure:4414: result: yes
configure:4354: checking for sys/stat.h
configure:4375: gcc -c -g -O2  conftest.c >&5
configure:4381: $? = 0
configure:4388: test -z "$ac_c_werror_flag" || test ! -s conftest.err
configure:4391: $? = 0
configure:4398: test -s conftest.o
configure:4401: $? = 0
configure:4414: result: yes
configure:4354: checking for stdlib.h
configure:4375: gcc -c -g -O2  conftest.c >&5
configure:4381: $? = 0
configure:4388: test -z "$ac_c_werror_flag" || test ! -s conftest.err
configure:4391: $? = 0
configure:4398: test -s conftest.o
configure:4401: $? = 0
configure:4414: result: yes
configure:4354: checking for string.h
configure:4375: gcc -c -g -O2  conftest.c >&5
configure:4381: $? = 0
configure:4388: test -z "$ac_c_werror_flag" || test ! -s conftest.err
configure:4391: $? = 0
configure:4398: test -s conftest.o
configure:4401: $? = 0
configure:4414: result: yes
configure:4354: checking for memory.h
configure:4375: gcc -c -g -O2  conftest.c >&5
configure:4381: $? = 0
configure:4388: test -z "$ac_c_werror_flag" || test ! -s conftest.err
configure:4391: $? = 0
configure:4398: test -s conftest.o
configure:4401: $? = 0
configure:4414: result: yes
configure:4354: checking for strings.h
configure:4375: gcc -c -g -O2  conftest.c >&5
configure:4381: $? = 0
configure:4388: test -z "$ac_c_werror_flag" || test ! -s conftest.err
configure:4391: $? = 0
configure:4398: test -s conftest.o
configure:4401: $? = 0
configure:4414: result: yes
configure:4354: checking for inttypes.h
configure:4375: gcc -c -g -O2  conftest.c >&5
configure:4381: $? = 0
configure:4388: test -z "$ac_c_werror_flag" || test ! -s conftest.err
configure:4391: $? = 0
configure:4398: test -s conftest.o
configure:4401: $? = 0
configure:4414: result: yes
configure:4354: checking for stdint.h
configure:4375: gcc -c -g -O2  conftest.c >&5
configure:4381: $? = 0
configure:4388: test -z "$ac_c_werror_flag" || test ! -s conftest.err
configure:4391: $? = 0
configure:4398: test -s conftest.o
configure:4401: $? = 0
configure:4414: result: yes
configure:4354: checking for unistd.h
configure:4375: gcc -c -g -O2  conftest.c >&5
configure:4381: $? = 0
configure:4388: test -z "$ac_c_werror_flag" || test ! -s conftest.err
configure:4391: $? = 0
configure:4398: test -s conftest.o
configure:4401: $? = 0
configure:4414: result: yes
configure:4444: checking float.h usability
configure:4461: gcc -c -g -O2  conftest.c >&5
configure:4467: $? = 0
configure:4474: test -z "$ac_c_werror_flag" || test ! -s conftest.err
configure:4477: $? = 0
configure:4484: test -s conftest.o
configure:4487: $? = 0
configure:4498: result: yes
configure:4502: checking float.h presence
configure:4517: gcc -E  conftest.c
configure:4523: $? = 0
configure:4544: result: yes
configure:4577: checking for float.h
configure:4585: result: yes
configure:4444: checking limits.h usability
configure:4461: gcc -c -g -O2  conftest.c >&5
configure:4467: $? = 0
configure:4474: test -z "$ac_c_werror_flag" || test ! -s conftest.err
configure:4477: $? = 0
configure:4484: test -s conftest.o
configure:4487: $? = 0
configure:4498: result: yes
configure:4502: checking limits.h presence
configure:4517: gcc -E  conftest.c
configure:4523: $? = 0
configure:4544: result: yes
configure:4577: checking for limits.h
configure:4585: result: yes
configure:4434: checking for stdlib.h
configure:4440: result: yes
configure:4434: checking for string.h
configure:4440: result: yes
configure:4600: checking for an ANSI C-conforming const
configure:4675: gcc -c -g -O2  conftest.c >&5
configure:4681: $? = 0
configure:4688: test -z "$ac_c_werror_flag" || test ! -s conftest.err
configure:4691: $? = 0
configure:4698: test -s conftest.o
configure:4701: $? = 0
configure:4713: result: yes
configure:4723: checking for stdbool.h that conforms to C99
configure:4816: gcc -c -g -O2  conftest.c >&5
configure:4822: $? = 0
configure:4829: test -z "$ac_c_werror_flag" || test ! -s conftest.err
configure:4832: $? = 0
configure:4839: test -s conftest.o
configure:4842: $? = 0
configure:4854: result: yes
configure:4856: checking for _Bool
configure:4886: gcc -c -g -O2  conftest.c >&5
configure:4892: $? = 0
configure:4899: test -z "$ac_c_werror_flag" || test ! -s conftest.err
configure:4902: $? = 0
configure:4909: test -s conftest.o
configure:4912: $? = 0
configure:4924: result: yes
configure:4943: checking for size_t
configure:4973: gcc -c -g -O2  conftest.c >&5
configure:4979: $? = 0
configure:4986: test -z "$ac_c_werror_flag" || test ! -s conftest.err
configure:4989: $? = 0
configure:4996: test -s conftest.o
configure:4999: $? = 0
configure:5011: result: yes
configure:5030: checking for stdlib.h
configure:5036: result: yes
configure:5194: checking for GNU libc compatible malloc
configure:5228: gcc -o conftest -g -O2   conftest.c -lm  >&5
configure:5231: $? = 0
configure:5237: ./conftest
configure:5240: $? = 0
configure:5256: result: yes
configure:5289: checking for stdlib.h
configure:5295: result: yes
configure:5453: checking for GNU libc compatible realloc
configure:5487: gcc -o conftest -g -O2   conftest.c -lm  >&5
configure:5490: $? = 0
configure:5496: ./conftest
configure:5499: $? = 0
configure:5515: result: yes
configure:5543: checking for working strtod
configure:5594: gcc -o conftest -g -O2   conftest.c -lm  >&5
configure:5597: $? = 0
configure:5603: ./conftest
configure:5606: $? = 0
configure:5622: result: yes
configure:5827: checking for memset
configure:5883: gcc -o conftest -g -O2   conftest.c -lm  >&5
conftest.c:55:6: warning: conflicting types for built-in function 'memset'
configure:5889: $? = 0
configure:5896: test -z "$ac_c_werror_flag" || test ! -s conftest.err
configure:5899: $? = 0
configure:5906: test -s conftest
configure:5909: $? = 0
configure:5923: result: yes
configure:5827: checking for sqrt
configure:5883: gcc -o conftest -g -O2   conftest.c -lm  >&5
conftest.c:56:6: warning: conflicting types for built-in function 'sqrt'
configure:5889: $? = 0
configure:5896: test -z "$ac_c_werror_flag" || test ! -s conftest.err
configure:5899: $? = 0
configure:5906: test -s conftest
configure:5909: $? = 0
configure:5923: result: yes
configure:5827: checking for strchr
configure:5883: gcc -o conftest -g -O2   conftest.c -lm  >&5
conftest.c:57:6: warning: conflicting types for built-in function 'strchr'
configure:5889: $? = 0
configure:5896: test -z "$ac_c_werror_flag" || test ! -s conftest.err
configure:5899: $? = 0
configure:5906: test -s conftest
configure:5909: $? = 0
configure:5923: result: yes
configure:5827: checking for strdup
configure:5883: gcc -o conftest -g -O2   conftest.c -lm  >&5
conftest.c:58:6: warning: conflicting types for built-in function 'strdup'
configure:5889: $? = 0
configure:5896: test -z "$ac_c_werror_flag" || test ! -s conftest.err
configure:5899: $? = 0
configure:5906: test -s conftest
configure:5909: $? = 0
configure:5923: result: yes
configure:5827: checking for strrchr
configure:5883: gcc -o conftest -g -O2   conftest.c -lm  >&5
conftest.c:59:6: warning: conflicting types for built-in function 'strrchr'
configure:5889: $? = 0
configure:5896: test -z "$ac_c_werror_flag" || test ! -s conftest.err
configure:5899: $? = 0
configure:5906: test -s conftest
configure:5909: $? = 0
configure:5923: result: yes
configure:5827: checking for strstr
configure:5883: gcc -o conftest -g -O2   conftest.c -lm  >&5
conftest.c:60:6: warning: conflicting types for built-in function 'strstr'
configure:5889: $? = 0
configure:5896: test -z "$ac_c_werror_flag" || test ! -s conftest.err
configure:5899: $? = 0
configure:5906: test -s conftest
configure:5909: $? = 0
configure:5923: result: yes
configure:6050: creating ./config.status

## ---------------------- ##
## Running config.status. ##
## ---------------------- ##

This file was extended by miRanda config.status 3.3a, which was
generated by GNU Autoconf 2.60.  Invocation command line was

  CONFIG_FILES    = 
  CONFIG_HEADERS  = 
  CONFIG_LINKS    = 
  CONFIG_COMMANDS = 
  $ ./config.status 

on bioinfo-hs-cluster.lihs.cuhk.edu.hk

config.status:635: creating Makefile
config.status:635: creating RNAlib/H/Makefile
config.status:635: creating RNAlib/Makefile
config.status:635: creating man/Makefile
config.status:635: creating src/Makefile
config.status:635: creating config.h
config.status:919: executing depfiles commands

## ---------------- ##
## Cache variables. ##
## ---------------- ##

ac_cv_build=x86_64-unknown-linux-gnu
ac_cv_c_compiler_gnu=yes
ac_cv_c_const=yes
ac_cv_env_CC_set=
ac_cv_env_CC_value=
ac_cv_env_CFLAGS_set=
ac_cv_env_CFLAGS_value=
ac_cv_env_CPPFLAGS_set=
ac_cv_env_CPPFLAGS_value=
ac_cv_env_CPP_set=
ac_cv_env_CPP_value=
ac_cv_env_LDFLAGS_set=
ac_cv_env_LDFLAGS_value=
ac_cv_env_build_alias_set=
ac_cv_env_build_alias_value=
ac_cv_env_host_alias_set=
ac_cv_env_host_alias_value=
ac_cv_env_target_alias_set=
ac_cv_env_target_alias_value=
ac_cv_func_malloc_0_nonnull=yes
ac_cv_func_memset=yes
ac_cv_func_realloc_0_nonnull=yes
ac_cv_func_sqrt=yes
ac_cv_func_strchr=yes
ac_cv_func_strdup=yes
ac_cv_func_strrchr=yes
ac_cv_func_strstr=yes
ac_cv_func_strtod=yes
ac_cv_header_float_h=yes
ac_cv_header_inttypes_h=yes
ac_cv_header_limits_h=yes
ac_cv_header_memory_h=yes
ac_cv_header_stdbool_h=yes
ac_cv_header_stdc=yes
ac_cv_header_stdint_h=yes
ac_cv_header_stdlib_h=yes
ac_cv_header_string_h=yes
ac_cv_header_strings_h=yes
ac_cv_header_sys_stat_h=yes
ac_cv_header_sys_types_h=yes
ac_cv_header_unistd_h=yes
ac_cv_host=x86_64-unknown-linux-gnu
ac_cv_lib_m_main=yes
ac_cv_objext=o
ac_cv_path_EGREP='/bin/grep -E'
ac_cv_path_GREP=/bin/grep
ac_cv_path_install='/usr/bin/install -c'
ac_cv_prog_AWK=gawk
ac_cv_prog_CPP='gcc -E'
ac_cv_prog_ac_ct_CC=gcc
ac_cv_prog_ac_ct_RANLIB=ranlib
ac_cv_prog_cc_c89=
ac_cv_prog_cc_g=yes
ac_cv_prog_make_make_set=yes
ac_cv_type__Bool=yes
ac_cv_type_size_t=yes
am_cv_CC_dependencies_compiler_type=gcc3

## ----------------- ##
## Output variables. ##
## ----------------- ##

ACLOCAL='${SHELL} /x200ifs-accel/zhoujj/software/miRanda-3.3a/missing --run aclocal-1.9'
AMDEPBACKSLASH='\'
AMDEP_FALSE='#'
AMDEP_TRUE=''
AMTAR='${SHELL} /x200ifs-accel/zhoujj/software/miRanda-3.3a/missing --run tar'
AUTOCONF='${SHELL} /x200ifs-accel/zhoujj/software/miRanda-3.3a/missing --run autoconf'
AUTOHEADER='${SHELL} /x200ifs-accel/zhoujj/software/miRanda-3.3a/missing --run autoheader'
AUTOMAKE='${SHELL} /x200ifs-accel/zhoujj/software/miRanda-3.3a/missing --run automake-1.9'
AWK='gawk'
CC='gcc'
CCDEPMODE='depmode=gcc3'
CFLAGS='-g -O2'
CPP='gcc -E'
CPPFLAGS=''
CYGPATH_W='echo'
DEFS='-DHAVE_CONFIG_H'
DEPDIR='.deps'
ECHO_C=''
ECHO_N='-n'
ECHO_T=''
EGREP='/bin/grep -E'
EXEEXT=''
GREP='/bin/grep'
INSTALL_DATA='${INSTALL} -m 644'
INSTALL_PROGRAM='${INSTALL}'
INSTALL_SCRIPT='${INSTALL}'
INSTALL_STRIP_PROGRAM='${SHELL} $(install_sh) -c -s'
ISODATE='2012-08-27'
LDFLAGS=''
LIBOBJS=''
LIBS='-lm '
LTLIBOBJS=''
MAKEINFO='${SHELL} /x200ifs-accel/zhoujj/software/miRanda-3.3a/missing --run makeinfo'
OBJEXT='o'
PACKAGE='miranda'
PACKAGE_BUGREPORT='miranda {at} cbio.mskcc.org'
PACKAGE_NAME='miRanda'
PACKAGE_STRING='miRanda 3.3a'
PACKAGE_TARNAME='miranda'
PACKAGE_VERSION='3.3a'
PATH_SEPARATOR=':'
POW_LIB=''
RANLIB='ranlib'
SET_MAKE=''
SHELL='/bin/sh'
STRIP=''
VERSION='3.3a'
ac_ct_CC='gcc'
am__fastdepCC_FALSE='#'
am__fastdepCC_TRUE=''
am__include='include'
am__leading_dot='.'
am__quote=''
am__tar='${AMTAR} chof - "$$tardir"'
am__untar='${AMTAR} xf -'
bindir='${exec_prefix}/bin'
build='x86_64-unknown-linux-gnu'
build_alias=''
build_cpu='x86_64'
build_os='linux-gnu'
build_vendor='unknown'
datadir='${datarootdir}'
datarootdir='${prefix}/share'
docdir='${datarootdir}/doc/${PACKAGE_TARNAME}'
dvidir='${docdir}'
exec_prefix='${prefix}'
host='x86_64-unknown-linux-gnu'
host_alias=''
host_cpu='x86_64'
host_os='linux-gnu'
host_vendor='unknown'
htmldir='${docdir}'
includedir='${prefix}/include'
infodir='${datarootdir}/info'
install_sh='/x200ifs-accel/zhoujj/software/miRanda-3.3a/install-sh'
libdir='${exec_prefix}/lib'
libexecdir='${exec_prefix}/libexec'
localedir='${datarootdir}/locale'
localstatedir='${prefix}/var'
mandir='${datarootdir}/man'
mkdir_p='mkdir -p --'
oldincludedir='/usr/include'
pdfdir='${docdir}'
prefix='/x200ifs-accel/zhoujj/software/miRanda-3.3a'
program_transform_name='s,x,x,'
psdir='${docdir}'
sbindir='${exec_prefix}/sbin'
sharedstatedir='${prefix}/com'
sysconfdir='${prefix}/etc'
target_alias=''

## ----------- ##
## confdefs.h. ##
## ----------- ##

#define PACKAGE_NAME "miRanda"
#define PACKAGE_TARNAME "miranda"
#define PACKAGE_VERSION "3.3a"
#define PACKAGE_STRING "miRanda 3.3a"
#define PACKAGE_BUGREPORT "miranda {at} cbio.mskcc.org"
#define PACKAGE "miranda"
#define VERSION "3.3a"
#define UNUSED __attribute__ ((unused))
#define HAVE_LIBM 1
#define STDC_HEADERS 1
#define HAVE_SYS_TYPES_H 1
#define HAVE_SYS_STAT_H 1
#define HAVE_STDLIB_H 1
#define HAVE_STRING_H 1
#define HAVE_MEMORY_H 1
#define HAVE_STRINGS_H 1
#define HAVE_INTTYPES_H 1
#define HAVE_STDINT_H 1
#define HAVE_UNISTD_H 1
#define HAVE_FLOAT_H 1
#define HAVE_LIMITS_H 1
#define HAVE_STDLIB_H 1
#define HAVE_STRING_H 1
#define HAVE__BOOL 1
#define HAVE_STDBOOL_H 1
#define HAVE_STDLIB_H 1
#define HAVE_MALLOC 1
#define HAVE_STDLIB_H 1
#define HAVE_REALLOC 1
#define HAVE_MEMSET 1
#define HAVE_SQRT 1
#define HAVE_STRCHR 1
#define HAVE_STRDUP 1
#define HAVE_STRRCHR 1
#define HAVE_STRSTR 1

configure: exit 0
