4930438E09Rik
GM10_0575
GM10_0560
1700112J05Rik
4933401H06Rik
Gm10421
2310015D24Rik
4930478P22Rik
Etd
2900057B20Rik
Tmem132cos
A730085K08Rik
1700007P06Rik
Hottip
Gm11186
Gm14718
Gm3458
F830002L21Rik
Gm15008
A930003A15Rik
Gm6116
AU016765
1700010I02Rik
Gm16548
Gm6938
4930503O07Rik
5530401A14Rik
5830416I19Rik
D16Ertd519e
4930545L23Rik
5730488B01Rik
B230112J18Rik
AA387883
Gm5122
1700120E14Rik
D030025E07Rik
C530044C16Rik
Gm7538
A730018C14Rik
AW112010
1700001K23Rik
2310034O05Rik
6430584L05Rik
4930524C18Rik
4930428O21Rik
Grip1os2
4930572O13Rik
Gm9866
AI646519
4921508D12Rik
8430423G03Rik
4930448F12Rik
Gm1968
4930542D17Rik
C730036E19Rik
Gm10248
C030013C21Rik
4930471C04Rik
4930553C11Rik
A530050N04Rik
4930597A21Rik
Gm19990
Gm12130
Pinc
Gm5627
1700100I10Rik
Gm20744
GM10_0136
A130077B15Rik
GM10_0418
1700065J11Rik
1700009J07Rik
Asb17os
4921534H16Rik
9230102K24Rik
5730460C07Rik
Gm16336
4930554I06Rik
4930528P14Rik
Gm29685
4932415M13Rik
A330076C08Rik
1700060C20Rik
D130058E03
4930404H11Rik
4930417O13Rik
1700122C19Rik
1700027H10Rik
Gm9999
Gm6213
5730435O14Rik
Carlr
4933407L21Rik
Bcas3os2
2900092D14Rik
Gm13944
GM10_0387
Gm20743
4930474N09Rik
B930025P03Rik
9230117E06Rik
Acss2os
Gm15350
4930448I06Rik
A730006G06Rik
4930557J02Rik
D830026I12Rik
4933432I09Rik
4930594O21Rik
Gm9871
1700085C21Rik
GM10_0372
Gm13293
4930528H21Rik
4930567H12Rik
1700108J01Rik
C230072F16Rik
Gm8179
4930528G23Rik
2310075C17Rik
A930003O13Rik
1810018F18Rik
Gm2447
4931431B13Rik
LOC102636514
4833411C07Rik
Phxr4
A230077H06Rik
9430078K24Rik
Gm11548
Gata5os
2010106C02Rik
Gm13807
1600029I14Rik
Gm12295
2810405F15Rik
AI314278
Gm16325
Gm19395
Gm13582
Gm15328
Nctc1
Gm19522
5031426D15Rik
1010001N08Rik
Fam219aos
A930019D19Rik
Gm11733
8430431K14Rik
E030013I19Rik
Gm14812
Gm5144
2310003N18Rik
6720468P15Rik
5031425F14Rik
1700109G14Rik
6030466F02Rik
1700123J17Rik
Frmpd1os
Gm12108
4930482G09Rik
Gm15941
1700116B05Rik
2010009K17Rik
2010010A06Rik
Gm10536
Gm15471
Kcnd3os
9130409J20Rik
Gm8883
4930474M22Rik
4933425B07Rik
A730020M07Rik
2900079G21Rik
Gm19510
6330407A03Rik
Gm10494
Gm12596
Gm10635
Borg
6720483E21Rik
4831407H17Rik
C130080G10Rik
Scarletltr
4930568G15Rik
Gm6249
4930414N06Rik
Sox5os3
4930579J19Rik
4930579H20Rik
Hoxd3os1
E130310I04Rik
Gm13446
Redrum
Gm10400
Gm11166
4931430N09Rik
4930453L07Rik
C030013G03Rik
9230112J17Rik
Gm15713
Gm5105
Gm15326
F630028O10Rik
Fhitos
4933417O13Rik
Gm21057
1700119H24Rik
D630013N20Rik
Gm10556
2010016I18Rik
1700064M15Rik
5730403I07Rik
Plxna4os1
Gm6307
