linc1388
linc1483
linc1300
linc1405
linc1400
Gm11974
2310040G24Rik
D630045M09Rik
2310039L15Rik
2810001G20Rik
linc1477
linc1473
linc1471
linc1627
linc1626
linc1621
linc1629
0610040F04Rik
1700001G11Rik
linc1356
linc1252
linc1253
linc1259
Gm19705
linc1327
linc1427
linc1421
linc1428
linc1283
linc1282
5430416N02Rik
linc1631
2610001J05Rik
linc1517
4833417C18Rik
linc1419
linc1411
Gm10069
linc1230
linc1239
linc1448
Halr1
linc1635
linc1632
linc1346
linc1347
C430049B03Rik
linc1260
C330013F16Rik
linc1391
linc1390
linc1242
linc1313
linc1312
linc1316
linc1315
linc1296
1810019D21Rik
1110038B12Rik
linc1505
4930461G14Rik
linc1537
Gas5
linc1468
linc1465
C330024D21Rik
linc1612
linc1361
1700020I14Rik
Tug1
1700001L05Rik
linc1245
linc1244
Gm10451
linc1555
linc1557
2810410L24Rik
linc1454
linc1338
5530601H04Rik
2410003L11Rik
