Mir363
Mir322
Mir669c
Mir15a
Mir130b
Mir667
Mir296
Tcf3
Mir501
Nanog
Mir484
Mir433
Mir370
Mir30e
Mir320
Mir676
Mir669h
Mir450-1
Mir679
Mir744
Mir542
Mir188
Mir324
Mir673
Mir301
Mir652
Mir92-1
Mir93
Mir669n
Mir503
Mir382
Mir1198
Mir1946a
Mir423
Mir25
Mir3082
Mir429
Mir669f
Mir294
Mir127
Mir181d
Mir143
Mir138-2
Mir466g
Mir381
Mir106a
Mir302c
Mir183
Mir669a-3
Mir669d-2
Mir1839
Mir20b
Mir19b-2
Mir709
Mir124a-3
Mir338
1110002J07Rik
Mirlet7f-1
Mir741
Mir291a
Mir149
Mir125a
Mir107
Mir200b
Mir298
Sox2
Mir186
Mir466b-8
Mir3099
Mir19a
Mir148a
Mir33
Mir101b
Mir28b
Mir295
Mir18b
Mir23a
Klf4
5031425E22Rik
Mir125b-1
Mir34b
Mir29a
Mir425
Mir1983
Prdm14
Mir342
Mir362
Mir210
Mir5106
Brd4
Mir674
Mir99b
Mir128-1
Mir154
Mir34a
Mir467a-7
Mir361
Mir196a-1
Mir3068
Mir700
Mir30b
Smad3
Mir31
Mir467h
Mir132
Mir199a-1
Mir337
Mir669b
Mir7b
Mir669o
Mir329
Tfcp2l1
Mir30a
Mir5119
Mir582
Mir301b
Esrrb
Mir30c-1
Mir574
Mir494
Mir34c
Mir146b
Mir27b
Mir367
Mir191
Mir293
Mir672
Mir1931
Mir369
Mir15b
Mir872
Mir411
Mir379
Mir26a-1
Mir541
Mir150
Mirlet7e
Mir3066
Mir350
Mir146
Mir200c
Mir380
Mir323
Nr5a2
Mir181c
Stat3
Mir136
Mir539
Mir139
Mir92b
Mir297c
Mir421
Mir770
Mir222
Mir196b
Mir450b
Mir30d
Mir434
Mir101a
Mir103-1
Mir302a
Mir155
Mir543
Mir669e
Mir152
Mir1195
Mir148b
Mir487b
Mir665
Mirlet7c-2
Mir666
Mir9-2
Mir22
Mir1934
Mir32
Mir96
Mir135b
Mir101c
Mir182
Mir16-1
Mir465b-2
Mir106b
Mir130a
Mir134
Mir302d
Mir466
Mir29b-1
Mir26b
Mir351
Mir218-1
Mir708
Mir140
Mir17
Mir409
Pou5f1
Mir184
Mir181b-2
Mir335
Mir23b
Mir147
Mir141
Mir669p-2
Mir194-1
Mir455
Mir200a
Mir377
Neat1
Mir671
Mir706
Mir30c-2
Mir495
Mir151
Mir376a
Gm13580
Mir302b
Mir27a
Mir485
Mirlet7a-2
Mir291b
Mir466b-2
Mir345
Mir690
Mir193b
Mir205
Malat1
Mir330
Mir540
Mir431
Mir5113
Mir3470b
Mir297b
Mir300
Mir185
Mir466i
