Itm2a	pcg
Mir322	miRNA
Sergef	pcg
Dhx9	pcg
Fam109a	pcg
Ruvbl2	pcg
Ssu72	pcg
Eif2b2	pcg
Dcun1d2	pcg
Mks1	pcg
Hebp2	pcg
Cep290	pcg
Mir667	miRNA
1110012L19Rik	pcg
Ifrd2	pcg
Vps28	pcg
Setd6	pcg
Polr3c	pcg
Gstm2	pcg
Psma4	pcg
Pex19	pcg
Pkia	pcg
Bcl7a	pcg
Mir484	miRNA
Nfatc2ip	pcg
Bnip3l	pcg
Capzb	pcg
4930431F12Rik	lncRNA
Shc2	pcg
Dnajc21	pcg
Cachd1	pcg
Akr1e1	pcg
Trmt5	pcg
Mir676	miRNA
Ptgr1	pcg
Snip1	pcg
B9d2	pcg
AU015836	lncRNA
Lnx2	pcg
Ppia	pcg
Phax	pcg
Zfp119b	pcg
Spock2	pcg
Atp13a1	pcg
9130230L23Rik	lncRNA
Itgb7	pcg
Hmgn3	pcg
Rplp2	pcg
1700001L05Rik	lncRNA
Mir92-1	miRNA
Mir93	miRNA
Gm16740	lncRNA
Snhg4	lncRNA
Strbp	pcg
4930444G20Rik	pcg
Gpn3	pcg
1700034P13Rik	lncRNA
4930465K10Rik	lncRNA
Fam187b	pcg
Mir127	miRNA
Psmg2	pcg
Zdhhc23	pcg
Actn4	pcg
Mir466g	miRNA
4930528D03Rik	lncRNA
Mettl22	pcg
Ifi30	pcg
Serinc2	pcg
Med4	pcg
Lrrn4cl	pcg
Mir183	miRNA
Mir669d-2	miRNA
Gtf2e2	pcg
Mir709	miRNA
1700095A21Rik	lncRNA
Steap3	pcg
D930015M05Rik	lncRNA
Gm10390	lncRNA
Loxl1	pcg
Mir149	miRNA
Gm5134	pcg
Gpa33	pcg
Gm11627	lncRNA
Kcnh1	pcg
Slc25a15	pcg
Neil1	pcg
Hdgf	pcg
Rnf115	pcg
Mir295	miRNA
Chst12	pcg
Mir23a	miRNA
1700019D03Rik	pcg
Lzts1	pcg
Vash2	pcg
C1qtnf4	pcg
Sowahc	pcg
Nup188	pcg
Mir425	miRNA
Pqlc2	pcg
Gpx2	pcg
4930526L06Rik	lncRNA
Mex3b	pcg
Gm15787	lncRNA
Gm16023	lncRNA
Grk5	pcg
Peli3	pcg
Pgap2	pcg
Pmm1	pcg
Dnajc11	pcg
Ccdc155	pcg
Bbx	pcg
Slc35e3	pcg
Ncoa4	pcg
Mrps9	pcg
Gm11715	pcg
Mir31	miRNA
Prkag2	pcg
Samd10	pcg
Nmt1	pcg
Arhgap29	pcg
Coch	pcg
Slc15a1	pcg
Batf3	pcg
Slc47a1	pcg
Nup210	pcg
Pbx4	pcg
Ccdc106	pcg
Sharpin	pcg
5730408K05Rik	lncRNA
Tfcp2l1	TF
Dnaic1	pcg
Nos1	pcg
Mir582	miRNA
Sod2	pcg
Cdk6	pcg
C1rl	pcg
Sh3rf1	pcg
Tcea2	pcg
Mir574	miRNA
Mad1l1	pcg
Fam83h	pcg
Mir34c	miRNA
Camk4	pcg
Il17ra	pcg
Hist1h2bh	pcg
Dusp26	pcg
Sgk1	pcg
Aig1	pcg
A430046D13Rik	lncRNA
Zfp113	pcg
Mir369	miRNA
Atp6v1e1	pcg
Tmsb10	pcg
Tnpo1	pcg
D430042O09Rik	pcg
Spata24	pcg
Sufu	pcg
Mir350	miRNA
Mir380	miRNA
Asap1	pcg
Pla2g4e	pcg
Sorl1	pcg
Pcbd2	pcg
Zscan22	pcg
Gm8994	pcg
Cd209c	pcg
Mir139	miRNA
Rpl37	pcg
Ly6e	pcg
Dda1	pcg
Armcx2	pcg
Synpo2l	pcg
E130218I03Rik	lncRNA
Ptprk	pcg
Mdc1	pcg
Mir669l	miRNA
Otud5	pcg
Kit	pcg
Mzt2	pcg
Gata1	pcg
4933404O12Rik	lncRNA
1700030C10Rik	lncRNA
Apex1	pcg
Trps1	pcg
Flywch1	pcg
Eef1g	pcg
Neil2	pcg
Mir1195	miRNA
H2-Bl	pcg
Atp7b	pcg
Vamp2	pcg
Gli1	pcg
Fstl3	pcg
Il10rb	pcg
Ccdc71	pcg
Nt5dc1	pcg
Gm10941	lncRNA
1700113A16Rik	lncRNA
A230072C01Rik	lncRNA
Pfkl	pcg
Airn	lncRNA
4931428F04Rik	pcg
Rbbp6	pcg
Mir134	miRNA
Gbf1	pcg
2310015A10Rik	lncRNA
Cinp	pcg
Plp1	pcg
Ndufs4	pcg
Gm7030	pcg
Gm16938	lncRNA
Tst	pcg
AI427809	lncRNA
Nln	pcg
Mir409	miRNA
Nid2	pcg
Fam117b	pcg
Mir335	miRNA
Mrpl38	pcg
Crabp2	pcg
Ehmt1	pcg
Ubr3	pcg
Dnajc7	pcg
3010003L21Rik	lncRNA
Csn3	pcg
Ccdc134	pcg
Tor3a	pcg
Il4i1	pcg
Nup37	pcg
Adh4	pcg
Mir671	miRNA
Sox21	pcg
Pi4k2a	pcg
Aimp1	pcg
Mrpl48	pcg
Phospho1	pcg
Zfp783	lncRNA
Gnaq	pcg
Rpl24	pcg
Mlf2	pcg
Lrrc29	pcg
Col9a2	pcg
Mir193b	miRNA
Malat1	lncRNA
Dock6	pcg
Timp1	pcg
Ntn1	pcg
Khdrbs3	pcg
Zfp703	pcg
4930404I05Rik	lncRNA
Mir300	miRNA
Mir185	miRNA
E130307A14Rik	lncRNA
Gbe1	pcg
Sct	pcg
Wls	pcg
Larp7	pcg
Wdr3	pcg
Ctbp2	pcg
Rnaset2b	pcg
Itpripl2	pcg
Mir669c	miRNA
Hs3st1	pcg
Fahd1	pcg
Dcaf4	pcg
4933439C10Rik	lncRNA
Baz1a	pcg
Zbtb22	pcg
Ap1s1	pcg
2500004C02Rik	lncRNA
Ptprs	pcg
Gm15441	lncRNA
Cep76	pcg
Plekhn1	pcg
Gprc5b	pcg
9530082P21Rik	lncRNA
Zfp677	pcg
Tubb4b	pcg
Cntd1	pcg
Ddx42	pcg
Tysnd1	pcg
E130304I02Rik	lncRNA
Gm2694	lncRNA
Lta4h	pcg
Rusc1	pcg
C1qbp	pcg
Mir433	miRNA
Btbd7	pcg
Rasa2	pcg
Mir320	miRNA
Rasgrp2	pcg
Eed	pcg
Agpat3	pcg
Zfp362	pcg
Mrc2	pcg
1190002N15Rik	pcg
Mpv17l	pcg
Med23	pcg
Icmt	pcg
Eef1d	pcg
Tk2	pcg
Rgl1	pcg
9430037G07Rik	lncRNA
Msl3l2	pcg
Cpxm1	pcg
Mir25	miRNA
Alms1	pcg
Brms1l	pcg
Sh3bp4	pcg
Nmral1	pcg
Mir138-2	miRNA
BC065397	lncRNA
Llph	pcg
Ppp2ca	pcg
Ocrl	pcg
Vmn1r58	pcg
1700007L15Rik	lncRNA
Myh3	pcg
1700086O06Rik	lncRNA
D11Wsu47e	pcg
Ppp2r5b	pcg
Mtx3	pcg
Ckb	pcg
Rpl27	pcg
Usp13	pcg
Sox2ot	lncRNA
0610040B10Rik	lncRNA
Tecr	pcg
Hist1h1a	pcg
Tusc3	pcg
Thumpd2	pcg
Caprin1	pcg
Mir17hg	lncRNA
Lamc2	pcg
Ndufb3	pcg
Zcchc18	pcg
Sox2	TF
Mir3099	miRNA
Zbtb38	pcg
Mir18	miRNA
Rtf1	pcg
Cdkl2	pcg
Dab2ip	pcg
Ttll6	pcg
Tacc3	pcg
Mdm4	pcg
Pex11a	pcg
Senp3	pcg
Mir28b	miRNA
Ptpru	pcg
Sytl1	pcg
Cab39l	pcg
Tomm40	pcg
Zdhhc16	pcg
Mrpl1	pcg
Scarb1	pcg
1700034H15Rik	lncRNA
5031425E22Rik	lncRNA
Pvt1	lncRNA
Pim3	pcg
C1qtnf1	pcg
Fas	pcg
Cbll1	pcg
Ube2m	pcg
Mir362	miRNA
Trim24	pcg
Mrps33	pcg
Pla2g12a	pcg
Gm10451	lncRNA
4930558J18Rik	lncRNA
D130020L05Rik	lncRNA
Pir	pcg
2810403A07Rik	pcg
Gm53	lncRNA
Mir361	miRNA
Elavl3	pcg
Pm20d1	pcg
Snhg5	lncRNA
Bcat1	pcg
Pon2	pcg
Ankrd49	pcg
Tmem116	pcg
Cox7b	pcg
Tecpr1	pcg
Npm1	pcg
Mir376b	miRNA
Gm11757	pcg
Mboat7	pcg
Bicd2	pcg
Mir329	miRNA
Ppm1h	pcg
1110038B12Rik	lncRNA
Gclm	pcg
Rbm25	pcg
Cep63	pcg
F420014N23Rik	lncRNA
Ran	pcg
Gck	pcg
Mapk7	pcg
Mtus2	pcg
Rgmb	pcg
Tars2	pcg
Mir293	miRNA
Grik3	pcg
Fam173b	pcg
Mir1931	miRNA
1810063I02Rik	lncRNA
Mcat	pcg
Stxbp5	pcg
Crtac1	pcg
Mir872	miRNA
Klf7	pcg
Gcdh	pcg
Ddah2	pcg
Calr	pcg
4933421O10Rik	lncRNA
Mir26a-1	miRNA
Ccdc68	pcg
Mirlet7e	miRNA
Dmap1	pcg
Hr	pcg
Rufy1	pcg
Wasf3	pcg
A2m	pcg
Dpy19l1	pcg
Mir421	miRNA
Gtse1	pcg
Snap29	pcg
Csnk2b	pcg
Hist1h2bq	pcg
Mir103-1	miRNA
5730455P16Rik	pcg
Nop56	pcg
Sfrp1	pcg
Gm11544	pcg
Zhx1	pcg
Mir148b	miRNA
Gm10033	lncRNA
C920006O11Rik	lncRNA
Ptprz1	pcg
Zfp36l2	pcg
Suclg1	pcg
Efhc1	pcg
Prss36	pcg
Mab21l3	pcg
Brwd3	pcg
Rpl34-ps1	pcg
Mir101c	miRNA
Heca	pcg
Isca2	pcg
Sfxn2	pcg
Kctd15	pcg
Plagl2	pcg
Pmp22	pcg
9530027J09Rik	lncRNA
Paf1	pcg
Mir29b-1	miRNA
Actc1	pcg
Prickle3	pcg
Zfp518a	pcg
Spats1	pcg
Poc1b	pcg
Rfx3	pcg
Ccdc30	pcg
Sil1	pcg
Tmco1	pcg
E2f5	pcg
Plekhh1	pcg
Fam89b	pcg
Qtrt1	pcg
Taf6l	pcg
Gm5148	pcg
Fam171a2	pcg
Kctd16	pcg
Ostc	pcg
Mir194-1	miRNA
Mir455	miRNA
Htt	pcg
Rbm43	pcg
Got1	pcg
Zfp28	pcg
Nufip2	pcg
Mir291b	miRNA
Zfp688	pcg
Pmel	pcg
1500026H17Rik	lncRNA
Tmprss13	pcg
B3galnt2	pcg
1110065P20Rik	pcg
Efs	pcg
Mir540	miRNA
Mir5113	miRNA
2700038G22Rik	lncRNA
Srp68	pcg
Mir363	miRNA
Ttf2	pcg
Six1	pcg
Ext1	pcg
Zbtb17	pcg
Alg1	pcg
Tfeb	pcg
C030037D09Rik	lncRNA
1700123M08Rik	lncRNA
Ppp4r1	pcg
Meg3	lncRNA
Sh2d4a	pcg
Pgm2	pcg
Spink10	pcg
Gpr3	pcg
Dusp7	pcg
Gpr137	pcg
Zfp935	pcg
Zfp760	pcg
Cdyl	pcg
Tut1	pcg
Ms4a6c	pcg
Mir376c	miRNA
Mfn1	pcg
Mir501	miRNA
Atp7a	pcg
E230016M11Rik	lncRNA
Nanog	TF
Qrsl1	pcg
Vegfa	pcg
Tpr	pcg
Asph	pcg
Cysltr2	pcg
Lrrc20	pcg
Atat1	pcg
Rpusd4	pcg
4933430I17Rik	pcg
Stam	pcg
Dok3	pcg
Lsm10	pcg
Mir673	miRNA
Trafd1	pcg
Osbpl1a	pcg
Crip2	pcg
Tfb1m	pcg
Hist1h3c	pcg
Tmem192	pcg
Mir423	miRNA
Mir3082	miRNA
Prepl	pcg
Zfp64	pcg
Srsf3	pcg
BC051226	lncRNA
Tmem106a	pcg
Chchd2	pcg
Mir181d	miRNA
Kcnk6	pcg
Gdap10	lncRNA
B230208H11Rik	lncRNA
Ggcx	pcg
Mipol1	pcg
Sgk3	pcg
Hist1h4i	pcg
Bnipl	pcg
4931406C07Rik	pcg
Fmr1	pcg
Cd3e	pcg
Adamts4	pcg
Akr1b8	pcg
Mir291a	miRNA
Otud6b	pcg
2810410L24Rik	lncRNA
Mir200b	miRNA
2810002D19Rik	lncRNA
Plekha2	pcg
Cpt1a	pcg
Kbtbd4	pcg
Elmo1	pcg
Arl6ip5	pcg
B4galnt4	pcg
Mir101b	miRNA
Rab2b	pcg
Mrps26	pcg
Gga3	pcg
Yes1	pcg
4930599N23Rik	lncRNA
Snhg7	lncRNA
Pld3	pcg
4930404N11Rik	pcg
1110019D14Rik	lncRNA
Dedd	pcg
Mcm10	pcg
Thbs3	pcg
Polr2c	pcg
Tmem47	pcg
Mir342	miRNA
AW146154	pcg
Rian	lncRNA
Ccdc28b	pcg
4632404H12Rik	lncRNA
Hbs1l	pcg
2610206C17Rik	lncRNA
A930005H10Rik	lncRNA
Abcb6	pcg
Ms4a6d	pcg
Tbc1d14	pcg
Cdca7	pcg
Ccnl2	pcg
Mir30b	miRNA
Wdr47	pcg
Tbc1d4	pcg
Mir500	miRNA
Ptpn23	pcg
Rbm15	pcg
Atrnl1	pcg
Srprb	pcg
Agrn	pcg
Txndc15	pcg
Ptpn11	pcg
1600020E01Rik	lncRNA
Gm6904	pcg
Slc5a5	pcg
Ctdnep1	pcg
Pbk	pcg
Card9	pcg
Spry2	pcg
Rexo2	pcg
Dhcr7	pcg
1700020I14Rik	lncRNA
Zik1	pcg
Eif3g	pcg
Ppargc1b	pcg
Spata7	pcg
Lig1	pcg
Usp27x	pcg
Pqbp1	pcg
Chaf1b	pcg
Msh6	pcg
Mir15b	miRNA
Nkrf	pcg
Camta1	pcg
Ovol2	pcg
Creb3l2	pcg
Cux1	pcg
Mir411	miRNA
Mir541	miRNA
Tomm22	pcg
Alg8	pcg
D930028M14Rik	lncRNA
4933427D06Rik	lncRNA
Magee1	pcg
Smyd3	pcg
Gm16702	lncRNA
Ssfa2	pcg
Hist1h2ae	pcg
Heatr3	pcg
Gtpbp1	pcg
A330069E16Rik	lncRNA
Cdca2	pcg
Sp4	pcg
Mir196b	miRNA
Mir770	miRNA
Snap47	pcg
Syne1	pcg
Vps39	pcg
Snhg12	lncRNA
Aldoart1	pcg
Extl1	pcg
Zfp386	pcg
Nol10	pcg
AW549877	pcg
Cox15	pcg
Stk38l	pcg
Coro1b	pcg
Kis2	lncRNA
Pdgfa	pcg
Fbxo4	pcg
Uba1	pcg
Pcsk4	pcg
Atp6ap1	pcg
Mirlet7c-2	miRNA
Ngf	pcg
Rabl2	pcg
Rad54l2	pcg
Fam118b	pcg
Fbxo45	pcg
Tsen34	pcg
Fam3c	pcg
Hist1h2an	pcg
Zfp513	pcg
Ostm1	pcg
Mir465b-2	miRNA
Mir106b	miRNA
4921507P07Rik	pcg
2810001G20Rik	lncRNA
Ndn	pcg
H19	lncRNA
4921531C22Rik	lncRNA
Mir26b	miRNA
Ccno	pcg
Dhdds	pcg
Mir218-1	miRNA
Zyg11b	pcg
Smu1	pcg
Fam35a	pcg
Man1a2	pcg
Samhd1	pcg
Cdc20	pcg
Nubp1	pcg
Pde4d	pcg
9130008F23Rik	pcg
Tmem170	pcg
Slc25a25	pcg
Tbc1d22a	pcg
Ctdspl2	pcg
Six5	pcg
Mfsd2a	pcg
Oas1b	pcg
Emp3	pcg
Sel1l	pcg
Nhlrc1	pcg
Pomc	pcg
Slco4a1	pcg
Zbtb10	pcg
Per3	pcg
Nkiras2	pcg
Copg2	pcg
1700020N01Rik	lncRNA
Galk1	pcg
Zfp236	pcg
Rabgap1	pcg
Bax	pcg
Chd2	pcg
Nsdhl	pcg
Mthfd1	pcg
1810032O08Rik	lncRNA
Noxo1	pcg
Ints1	pcg
Mir297b	miRNA
Psmd5	pcg
Pank1	pcg
Fkbp6	pcg
Galnt7	pcg
Dpp3	pcg
Tspan31	pcg
Morc2a	pcg
Shpk	pcg
Pak3	pcg
Rab22a	pcg
Bclaf1	pcg
Amdhd2	pcg
Il12rb1	pcg
Mir130b	miRNA
Scyl1	pcg
0610012G03Rik	lncRNA
Elmod3	pcg
D8Ertd738e	pcg
Mfsd3	pcg
Iffo2	pcg
Capn3	pcg
5530601H04Rik	lncRNA
Crb3	pcg
Dmtf1	pcg
Rims3	pcg
Lama1	pcg
Gm15446	lncRNA
Tmem86a	pcg
Xaf1	pcg
Gm15867	lncRNA
Ik	pcg
Barx1	pcg
Arl5b	pcg
Josd1	pcg
Cpne2	pcg
Wdhd1	pcg
Hspa12b	pcg
AI464131	pcg
Nrm	pcg
Wdr83	pcg
Zdhhc9	pcg
Nxt2	pcg
4930429B21Rik	lncRNA
Mir324	miRNA
Chmp2a	pcg
Aurka	pcg
Dnase1	pcg
Mir1198	miRNA
Mir1946a	miRNA
Htatip2	pcg
Zfand1	pcg
Rnf208	pcg
Dyrk1b	pcg
Mir669a-12	miRNA
H2afy	pcg
Abtb1	pcg
Shisa4	pcg
Gm14393	pcg
2610042L04Rik	pcg
Polr2l	pcg
Acacb	pcg
Mir302c	miRNA
Vgll3	pcg
Nphp3	pcg
En1	pcg
Mir1839	miRNA
Cyfip2	pcg
Arhgef2	pcg
Mir20b	miRNA
Arhgef1	pcg
Mir124a-3	miRNA
Gm9776	lncRNA
Rell1	pcg
Irak3	pcg
Mir338	miRNA
Pgrmc2	pcg
Sltm	pcg
1110002J07Rik	lncRNA
Map4k2	pcg
Poldip2	pcg
Mir107	miRNA
Meis2	pcg
Urb1	pcg
Cdkn2aipnl	pcg
Asrgl1	pcg
Mir33	miRNA
Marveld2	pcg
Robo2	pcg
Zbtb40	pcg
Epm2a	pcg
EU599041	pcg
Cmtm4	pcg
Fzd1	pcg
A230103J11Rik	lncRNA
Mir18b	miRNA
4930511M06Rik	lncRNA
Srcap	pcg
Gm10658	lncRNA
Fam26e	pcg
Tpcn1	pcg
Gm12505	lncRNA
9630013K17Rik	lncRNA
Lhfpl5	pcg
Sec31b	pcg
Tube1	pcg
Mir125b-1	miRNA
Apol7d	lncRNA
Anks3	pcg
Cacna2d1	pcg
Gm16062	lncRNA
Gtf3c1	pcg
Gm17066	lncRNA
Aifm1	pcg
Ccnc	pcg
2610035D17Rik	lncRNA
Cyp27b1	pcg
Thoc7	pcg
Mir5106	miRNA
Numb	pcg
Gm5592	pcg
Necap1	pcg
Alg14	pcg
Cacna1h	pcg
Lman2	pcg
Nom1	pcg
Tcf19	pcg
Nrtn	pcg
Bdp1	pcg
Mir3068	miRNA
Mir196a-1	miRNA
Mir700	miRNA
Pla1a	pcg
March6	pcg
Tsen54	pcg
BC029722	lncRNA
Tcf12	pcg
Mir467h	miRNA
BC017643	pcg
Nktr	pcg
Mbd1	pcg
Mybpc3	pcg
2610027K06Rik	lncRNA
Taf12	pcg
E330020D12Rik	lncRNA
Chst8	pcg
Fpgt	pcg
Dtd1	pcg
Clptm1	pcg
Sox15	pcg
Pde8a	pcg
Wdr92	pcg
Mir5119	miRNA
Atp6v0e2	pcg
Kdr	pcg
Smarcd3	pcg
A930001C03Rik	lncRNA
2310033P09Rik	pcg
2410006H16Rik	lncRNA
Mir494	miRNA
Mir467c	miRNA
Srek1ip1	pcg
Nt5c	pcg
Snhg1	lncRNA
Gm7008	lncRNA
Arhgdib	pcg
Leo1	pcg
Aasdh	pcg
D030068K23Rik	lncRNA
Ints8	pcg
Stx6	pcg
Wdr36	pcg
Alkbh6	pcg
Hnrnpf	pcg
Morf4l1	pcg
Gpat2	pcg
Lrrc2	pcg
Mir379	miRNA
Tnfaip8	pcg
A930004D18Rik	lncRNA
Mir466n	miRNA
Slc38a10	pcg
4931440P22Rik	lncRNA
Luc7l3	pcg
Nr5a2	TF
6430573F11Rik	pcg
Ypel1	pcg
Mir136	miRNA
Gcnt1	pcg
Cog8	pcg
Uprt	pcg
Mir30d	miRNA
4932438A13Rik	pcg
Mir543	miRNA
Taf9b	pcg
Plekhj1	pcg
Prkcz	pcg
Mir665	miRNA
Txnl1	pcg
4930520O04Rik	lncRNA
Panx2	pcg
Fads2	pcg
Lima1	pcg
Mir22	miRNA
Hira	pcg
Arfgap1	pcg
Ccdc122	pcg
Plekhm2	pcg
Psmd10	pcg
Frmd8	pcg
Pus7l	pcg
Map2k1	pcg
Zfp57	pcg
Cdc45	pcg
Etv5	pcg
Polr2m	pcg
Eps8	pcg
Pphln1	pcg
Dph5	pcg
Rps27a	pcg
Rgs16	pcg
Zfp609	pcg
Slc23a1	pcg
Eya3	pcg
Mrpl33	pcg
Dazap2	pcg
Esyt1	pcg
Lix1	pcg
Prdm16	pcg
Rpf1	pcg
Guca1a	pcg
Mapkbp1	pcg
Ncbp1	pcg
Stard5	pcg
A930015D03Rik	lncRNA
Mettl2	pcg
Tsix	lncRNA
Zfp791	pcg
Kbtbd11	pcg
Mir151	miRNA
Gm13580	lncRNA
Mir27a	miRNA
Mir690	miRNA
B230307C23Rik	lncRNA
Mir330	miRNA
1700042O10Rik	lncRNA
C030034L19Rik	lncRNA
Gm5860	lncRNA
1810019D21Rik	lncRNA
2900076A07Rik	lncRNA
B230354K17Rik	lncRNA
1700110I01Rik	lncRNA
Mir370	miRNA
Mir301	miRNA
Mir652	miRNA
Mir341	miRNA
Mir669i	miRNA
Mir758	miRNA
2610035F20Rik	lncRNA
Mir143	miRNA
6030443J06Rik	lncRNA
4833417C18Rik	lncRNA
Mir381	miRNA
4930513N10Rik	lncRNA
Gt(ROSA)26Sor	lncRNA
Mirlet7f-1	miRNA
Mir186	miRNA
9330159M07Rik	lncRNA
Mir19a	miRNA
Gm15417	lncRNA
Nespas	lncRNA
9330151L19Rik	lncRNA
Gm11423	lncRNA
A930024E05Rik	lncRNA
2900097C17Rik	lncRNA
Trmt61b	lncRNA
1810062O18Rik	lncRNA
0610005C13Rik	lncRNA
Mir669b	miRNA
Mir30a	miRNA
Mir301b	miRNA
Mir146b	miRNA
Mir191	miRNA
B230216N24Rik	lncRNA
2610307P16Rik	lncRNA
1500011K16Rik	lncRNA
Mir323	miRNA
G530011O06Rik	lncRNA
Mir434	miRNA
Snhg3	lncRNA
9130221H12Rik	lncRNA
Gm11944	lncRNA
Mir152	miRNA
Gm13648	lncRNA
Mtag2	lncRNA
Gm14403	lncRNA
2810429I04Rik	lncRNA
5930412G12Rik	lncRNA
Mir32	miRNA
Mir135b	miRNA
Mir96	miRNA
Mir351	miRNA
AY512931	lncRNA
Mir708	miRNA
Gm15545	lncRNA
4933431E20Rik	lncRNA
Mir17	miRNA
AI662270	lncRNA
Pou5f1	TF
Mir184	miRNA
4930581F22Rik	lncRNA
Mir200a	miRNA
2500002B13Rik	lncRNA
Mir377	miRNA
6430562O15Rik	lncRNA
Neat1	lncRNA
A730017L22Rik	lncRNA
Mir376a	miRNA
Gm12925	lncRNA
C230035I16Rik	lncRNA
Mir205	miRNA
Gm4285	lncRNA
D930016D06Rik	lncRNA
2010001A14Rik	lncRNA
Gm5577	lncRNA
Mir296	miRNA
AU019990	lncRNA
Btbd19	lncRNA
Gm15401	lncRNA
Mir450-1	miRNA
Mir188	miRNA
Mir669n	miRNA
Mir503	miRNA
Mir382	miRNA
Mirg	lncRNA
5430416N02Rik	lncRNA
Mir669a-3	miRNA
Mir19b-2	miRNA
Mir125a	miRNA
A830082K12Rik	lncRNA
Mir148a	miRNA
Klf4	TF
Mir5099	miRNA
Mir5128	miRNA
C130036L24Rik	lncRNA
Gm17644	lncRNA
Mir34b	miRNA
Mir29a	miRNA
Gm13375	lncRNA
5430405H02Rik	lncRNA
Prdm14	TF
Gm4262	lncRNA
AV039307	lncRNA
Mir99b	miRNA
Mir34a	miRNA
Mir3471-1	miRNA
4930461G14Rik	lncRNA
Mir132	miRNA
Mir337	miRNA
1700012C14Rik	lncRNA
Mir466j	miRNA
D930048N14Rik	lncRNA
Esrrb	TF
Mir672	miRNA
Mir150	miRNA
Mir3066	miRNA
Mir200c	miRNA
Gm10845	lncRNA
Gm16907	lncRNA
Mir297c	miRNA
R74862	lncRNA
Mir155	miRNA
Mir302a	miRNA
Mir669e	miRNA
Mir487b	miRNA
B430010I23Rik	lncRNA
Mir182	miRNA
Mir466	miRNA
Mir140	miRNA
6230400D17Rik	lncRNA
3110056K07Rik	lncRNA
Mir147	miRNA
Mir23b	miRNA
Mir141	miRNA
Miat	lncRNA
Mir485	miRNA
Mir466b-2	miRNA
E230016K23Rik	lncRNA
Gm10069	lncRNA
A330009N23Rik	lncRNA
Mir19b-1	miRNA
Gm5091	lncRNA
Mir679	miRNA
1810058I24Rik	lncRNA
Mir542	miRNA
E130102H24Rik	lncRNA
4930480K23Rik	lncRNA
Mir669f	miRNA
Mir294	miRNA
Gas5	lncRNA
F730043M19Rik	lncRNA
Mir106a	miRNA
1500011B03Rik	lncRNA
9930014A18Rik	lncRNA
Gm16070	lncRNA
Mir1983	miRNA
Xist	lncRNA
Brd4	TF
Mir674	miRNA
Mir128-1	miRNA
Mir467a-7	miRNA
Gm10863	lncRNA
Smad3	TF
Mir199a-1	miRNA
Mir669o	miRNA
Mir27b	miRNA
2810403D21Rik	lncRNA
Mir539	miRNA
Mir222	miRNA
4930579G18Rik	lncRNA
Mir101a	miRNA
5430402O13Rik	lncRNA
Gm14164	lncRNA
Mir666	miRNA
Mir9-2	miRNA
Mir16-1	miRNA
0610009L18Rik	lncRNA
Mir130a	miRNA
2010204K13Rik	lncRNA
Mir1187	miRNA
C430049B03Rik	lncRNA
2610020C07Rik	lncRNA
B330016D10Rik	lncRNA
Mir181b-2	miRNA
2810408I11Rik	lncRNA
Mir30c-2	miRNA
Mir495	miRNA
Mir302b	miRNA
Mirlet7a-2	miRNA
Gm16845	lncRNA
E130317F20Rik	lncRNA
Mir466i	miRNA
2610037D02Rik	lncRNA
Mir15a	miRNA
4930481A15Rik	lncRNA
2810025M15Rik	lncRNA
Tcf3	TF
Gm10125	lncRNA
Mir30e	miRNA
Mir669h	miRNA
Mir744	miRNA
2410018L13Rik	lncRNA
Mir410	miRNA
Mir429	miRNA
2310010J17Rik	lncRNA
Mir741	miRNA
Mir298	miRNA
Mir466b-8	miRNA
D030028A08Rik	lncRNA
2410003L11Rik	lncRNA
3110021A11Rik	lncRNA
Snhg9	lncRNA
Mir210	miRNA
A330035P11Rik	lncRNA
Mir154	miRNA
Mir467d	miRNA
Gm12992	lncRNA
Mir7b	miRNA
Mir30c-1	miRNA
1110002L01Rik	lncRNA
Mir367	miRNA
Tug1	lncRNA
2900041M22Rik	lncRNA
1300002E11Rik	lncRNA
Mir146	miRNA
8430429K09Rik	lncRNA
Mir181c	miRNA
Stat3	TF
Gm16973	lncRNA
Mir92b	miRNA
Mir450b	miRNA
9230114K14Rik	lncRNA
4933407K13Rik	lncRNA
Gm16159	lncRNA
Mir1934	miRNA
Mir466k	miRNA
Mir302d	miRNA
9530026F06Rik	lncRNA
Mir669p-2	miRNA
Mir706	miRNA
Gm12359	lncRNA
BB218582	lncRNA
Mir345	miRNA
Gm16861	lncRNA
Gm14005	lncRNA
Mir431	miRNA
Mir3470b	miRNA
